Copyright 1986-2020 Xilinx, Inc. All Rights Reserved.
-------------------------------------------------------------------------------------------------------------------------------------------------------------
| Tool Version : Vivado v.2020.2 (lin64) Build 3058579 Mon Nov  9 16:10:39 MST 2020
| Date         : Wed Nov 18 17:30:41 2020
| Host         : xsjrdevl110 running 64-bit CentOS Linux release 7.4.1708 (Core)
| Command      : report_accelerator_utilization -kernels { vadd:level0_i/ulp/vadd_1/inst:vadd_1} -file kernel_util_placed.rpt -name kernel_util_placed -json
| Design       : level0_wrapper
| Device       : xcu50
| Design State : Fully Placed
-------------------------------------------------------------------------------------------------------------------------------------------------------------

Accelerator Utilization Design Information

Table of Contents
-----------------
1. System Utilization

1. System Utilization
---------------------

+---------------------+------------------+------------------+-------------------+----------------+---------------+----------------+
| Name                | LUT              | LUTAsMem         | REG               | BRAM           | URAM          | DSP            |
+---------------------+------------------+------------------+-------------------+----------------+---------------+----------------+
| Platform            | 114925 [ 13.21%] |  13158 [  3.27%] |  148925 [  8.56%] |  194 [ 14.43%] |   0 [  0.00%] |    4 [  0.07%] |
| User Budget         | 755091 [100.00%] | 388858 [100.00%] | 1591107 [100.00%] | 1150 [100.00%] | 640 [100.00%] | 5936 [100.00%] |
|    Used Resources   |   2973 [  0.39%] |    633 [  0.16%] |    3721 [  0.23%] |    4 [  0.35%] |   0 [  0.00%] |    0 [  0.00%] |
|    Unused Resources | 752118 [ 99.61%] | 388225 [ 99.84%] | 1587386 [ 99.77%] | 1146 [ 99.65%] | 640 [100.00%] | 5936 [100.00%] |
| vadd                |   2973 [  0.39%] |    633 [  0.16%] |    3721 [  0.23%] |    4 [  0.35%] |   0 [  0.00%] |    0 [  0.00%] |
|    vadd_1           |   2973 [  0.39%] |    633 [  0.16%] |    3721 [  0.23%] |    4 [  0.35%] |   0 [  0.00%] |    0 [  0.00%] |
+---------------------+------------------+------------------+-------------------+----------------+---------------+----------------+


