# 
# Steps log generated by v++
# This log file contains a collection of steps that describe the kernel compilation flow
# Note: Some steps are tagged as internal, these steps are for debugging purposes and 
#       are not expected to be able to run independently.
# 

# The following environment variables are set when running v++
Environment variables :
------------------------------------------
REMOTEHOST=xsjrdevl100.xilinx.com
MANPATH=.:/usr/local/man:/usr/man
_RDI_DONT_SET_XILINX_AS_PATH=True
XDG_SESSION_ID=21144
HOSTNAME=xsjrdevl110
XiWINMGR=olwm
XILINX_DSP=
SHELL=/bin/csh
KRNL_LOOP=64
TERM=xterm
HOST=xsjrdevl110
MAKEFLAGS=w -- BUILDXCLBIN=1 KRNL_LOOP=64 ADDRNDM=0 DSIZE=600 BANKS=3 MEMTYPE=HBM TARGET=hw
SSH_CLIENT=172.19.220.154 33184 22
MYVIVADO=
X11HOME=/tools/x11r5/sun3
RDI_TPS_ROOT=/proj/xbuilds/SWIP/2020.2_1109_1932/installs/lin64/Vivado/2020.2/tps/lnx64
QTDIR=/usr/lib64/qt-3.3
HDI_PROCESSOR=x86_64
QTINC=/usr/lib64/qt-3.3/include
SYNTH_COMMON=/proj/xbuilds/SWIP/2020.2_1109_1932/installs/lin64/Vitis/2020.2/scripts/rt/data
SSH_TTY=/dev/pts/33
RDI_JAVA_VERSION=9.0.4
RT_TCL_PATH=/proj/xbuilds/SWIP/2020.2_1109_1932/installs/lin64/Vitis/2020.2/scripts/rt/base_tcl/tcl
RDI_PREPEND_PATH=/proj/xbuilds/SWIP/2020.2_1109_1932/installs/lin64/Vitis/2020.2/bin
QT_GRAPHICSSYSTEM_CHECKED=1
RDI_OPT_EXT=.o
MAKEOVERRIDES=${-*-command-variables-*-}
USER=ravic
GROUP=newhiredefaultgrp
LS_COLORS=rs=0:di=01;34:ln=01;36:mh=00:pi=40;33:so=01;35:do=01;35:bd=40;33;01:cd=40;33;01:or=40;31;01:mi=01;05;37;41:su=37;41:sg=30;43:ca=30;41:tw=30;42:ow=34;42:st=37;44:ex=01;32:*.tar=01;31:*.tgz=01;31:*.arc=01;31:*.arj=01;31:*.taz=01;31:*.lha=01;31:*.lz4=01;31:*.lzh=01;31:*.lzma=01;31:*.tlz=01;31:*.txz=01;31:*.tzo=01;31:*.t7z=01;31:*.zip=01;31:*.z=01;31:*.Z=01;31:*.dz=01;31:*.gz=01;31:*.lrz=01;31:*.lz=01;31:*.lzo=01;31:*.xz=01;31:*.bz2=01;31:*.bz=01;31:*.tbz=01;31:*.tbz2=01;31:*.tz=01;31:*.deb=01;31:*.rpm=01;31:*.jar=01;31:*.war=01;31:*.ear=01;31:*.sar=01;31:*.rar=01;31:*.alz=01;31:*.ace=01;31:*.zoo=01;31:*.cpio=01;31:*.7z=01;31:*.rz=01;31:*.cab=01;31:*.jpg=01;35:*.jpeg=01;35:*.gif=01;35:*.bmp=01;35:*.pbm=01;35:*.pgm=01;35:*.ppm=01;35:*.tga=01;35:*.xbm=01;35:*.xpm=01;35:*.tif=01;35:*.tiff=01;35:*.png=01;35:*.svg=01;35:*.svgz=01;35:*.mng=01;35:*.pcx=01;35:*.mov=01;35:*.mpg=01;35:*.mpeg=01;35:*.m2v=01;35:*.mkv=01;35:*.webm=01;35:*.ogm=01;35:*.mp4=01;35:*.m4v=01;35:*.mp4v=01;35:*.vob=01;35:*.qt=01;35:*.nuv=01;35:*.wmv=01;35:*.asf=01;35:*.rm=01;35:*.rmvb=01;35:*.flc=01;35:*.avi=01;35:*.fli=01;35:*.flv=01;35:*.gl=01;35:*.dl=01;35:*.xcf=01;35:*.xwd=01;35:*.yuv=01;35:*.cgm=01;35:*.emf=01;35:*.axv=01;35:*.anx=01;35:*.ogv=01;35:*.ogx=01;35:*.aac=01;36:*.au=01;36:*.flac=01;36:*.mid=01;36:*.midi=01;36:*.mka=01;36:*.mp3=01;36:*.mpc=01;36:*.ogg=01;36:*.ra=01;36:*.wav=01;36:*.axa=01;36:*.oga=01;36:*.spx=01;36:*.xspf=01;36:
LD_LIBRARY_PATH=/proj/xbuilds/SWIP/2020.2_1109_1932/installs/lin64/Vitis/2020.2/lib/lnx64.o/Default:/proj/xbuilds/SWIP/2020.2_1109_1932/installs/lin64/Vitis/2020.2/lib/lnx64.o:/proj/xbuilds/SWIP/2020.2_1109_1932/installs/lin64/Vitis/2020.2/lib/lnx64.o/Default:/proj/xbuilds/SWIP/2020.2_1109_1932/installs/lin64/Vitis/2020.2/lib/lnx64.o:/proj/xbuilds/XRT/2020.2/202020.2.8.721/packages/x86_64/xrt-2.8.721_centos_7.4/opt/xilinx/xrt/lib:/proj/xbuilds/XRT/master/202020.2.8.489/packages/x86_64/xrt-2.8.489_centos_7.4/opt/xilinx/xrt/lib:/proj/xbuilds/XRT/master/202020.2.8.488/packages/x86_64/xrt-2.8.488_centos_7.4/opt/xilinx/xrt/lib:/proj/xbuilds/XRT/master/202020.2.8.426/packages/x86_64/xrt-2.8.426_centos_7.4/opt/xilinx/xrt/lib:/usr/local/lib:/usr/lib:/proj/xbuilds/SWIP/2020.2_1109_1932/installs/lin64/Vitis/2020.2/bin/../lnx64/tools/dot/lib
MEMTYPE=HBM
OPENWINHOME=/usr/openwin
RDI_PATCHROOT=
TCL_LIBRARY=/proj/xbuilds/SWIP/2020.2_1109_1932/installs/lin64/Vitis/2020.2/tps/tcl/tcl8.5
HOSTTYPE=x86_64-linux
RDI_PLATFORM=lnx64
MAKELEVEL=2
RDI_BUILD=yes
MFLAGS=-w
RT_LIBPATH=/proj/xbuilds/SWIP/2020.2_1109_1932/installs/lin64/Vitis/2020.2/scripts/rt/data
RDI_LIBDIR=/proj/xbuilds/SWIP/2020.2_1109_1932/installs/lin64/Vitis/2020.2/lib/lnx64.o/Default:/proj/xbuilds/SWIP/2020.2_1109_1932/installs/lin64/Vitis/2020.2/lib/lnx64.o
PATH=/proj/xbuilds/SWIP/2020.2_1109_1932/installs/lin64/Vivado/2020.2/tps/lnx64/binutils-2.26/bin:/proj/xbuilds/SWIP/2020.2_1109_1932/installs/lin64/Vitis/2020.2/bin/../gnu/aarch64/lin/aarch64-linux/bin:/proj/xbuilds/SWIP/2020.2_1109_1932/installs/lin64/Vitis/2020.2/bin/../gnu/ppc64le/4.9.3/lnx64/bin:/proj/xbuilds/SWIP/2020.2_1109_1932/installs/lin64/Vitis/2020.2/bin/../gnu/aarch32/lin/gcc-arm-linux-gnueabi/bin:/proj/xbuilds/SWIP/2020.2_1109_1932/installs/lin64/Vivado/2020.2/tps/lnx64/gcc-6.2.0/bin:/proj/xbuilds/SWIP/2020.2_1109_1932/installs/lin64/Vivado/2020.2/gnu/microblaze/lin/bin:/proj/xbuilds/SWIP/2020.2_1109_1932/installs/lin64/Vitis/2020.2/bin:/proj/xbuilds/SWIP/2020.2_1109_1932/installs/lin64/Vivado/2020.2/bin:/proj/xbuilds/XRT/2020.2/202020.2.8.721/packages/x86_64/xrt-2.8.721_centos_7.4/opt/xilinx/xrt/bin:/proj/xbuilds/SWIP/2020.2_1109_1932/installs/lin64/Vitis_HLS/2020.2/bin:/proj/xbuilds/SWIP/2020.2_1109_1932/installs/lin64/Model_Composer/2020.2/bin:/proj/xbuilds/SWIP/2020.2_1109_1932/installs/lin64/Vitis/2020.2/gnu/microblaze/lin/bin:/proj/xbuilds/SWIP/2020.2_1109_1932/installs/lin64/Vitis/2020.2/gnu/arm/lin/bin:/proj/xbuilds/SWIP/2020.2_1109_1932/installs/lin64/Vitis/2020.2/gnu/microblaze/linux_toolchain/lin64_le/bin:/proj/xbuilds/SWIP/2020.2_1109_1932/installs/lin64/Vitis/2020.2/gnu/aarch32/lin/gcc-arm-linux-gnueabi/bin:/proj/xbuilds/SWIP/2020.2_1109_1932/installs/lin64/Vitis/2020.2/gnu/aarch32/lin/gcc-arm-none-eabi/bin:/proj/xbuilds/SWIP/2020.2_1109_1932/installs/lin64/Vitis/2020.2/gnu/aarch64/lin/aarch64-linux/bin:/proj/xbuilds/SWIP/2020.2_1109_1932/installs/lin64/Vitis/2020.2/gnu/aarch64/lin/aarch64-none/bin:/proj/xbuilds/SWIP/2020.2_1109_1932/installs/lin64/Vitis/2020.2/gnu/armr5/lin/gcc-arm-none-eabi/bin:/proj/xbuilds/SWIP/2020.2_1109_1932/installs/lin64/Vitis/2020.2/tps/lnx64/cmake-3.3.2/bin:/proj/xbuilds/SWIP/2020.2_1109_1932/installs/lin64/Vitis/2020.2/aietools/bin:/proj/xbuilds/SWIP/2020.2_1109_1932/installs/lin64/DocNav:/proj/xbuilds/XRT/master/202020.2.8.489/packages/x86_64/xrt-2.8.489_centos_7.4/opt/xilinx/xrt/bin:/proj/xbuilds/SWIP/2020.2_0920_2006/installs/lin64/Vitis_HLS/2020.2/bin:/proj/xbuilds/SWIP/2020.2_0920_2006/installs/lin64/Model_Composer/2020.2/bin:/proj/xbuilds/SWIP/2020.2_0920_2006/installs/lin64/Vitis/2020.2/bin:/proj/xbuilds/SWIP/2020.2_0920_2006/installs/lin64/Vitis/2020.2/gnu/microblaze/lin/bin:/proj/xbuilds/SWIP/2020.2_0920_2006/installs/lin64/Vitis/2020.2/gnu/arm/lin/bin:/proj/xbuilds/SWIP/2020.2_0920_2006/installs/lin64/Vitis/2020.2/gnu/microblaze/linux_toolchain/lin64_le/bin:/proj/xbuilds/SWIP/2020.2_0920_2006/installs/lin64/Vitis/2020.2/gnu/aarch32/lin/gcc-arm-linux-gnueabi/bin:/proj/xbuilds/SWIP/2020.2_0920_2006/installs/lin64/Vitis/2020.2/gnu/aarch32/lin/gcc-arm-none-eabi/bin:/proj/xbuilds/SWIP/2020.2_0920_2006/installs/lin64/Vitis/2020.2/gnu/aarch64/lin/aarch64-linux/bin:/proj/xbuilds/SWIP/2020.2_0920_2006/installs/lin64/Vitis/2020.2/gnu/aarch64/lin/aarch64-none/bin:/proj/xbuilds/SWIP/2020.2_0920_2006/installs/lin64/Vitis/2020.2/gnu/armr5/lin/gcc-arm-none-eabi/bin:/proj/xbuilds/SWIP/2020.2_0920_2006/installs/lin64/Vitis/2020.2/tps/lnx64/cmake-3.3.2/bin:/proj/xbuilds/SWIP/2020.2_0920_2006/installs/lin64/Vitis/2020.2/aietools/bin:/proj/xbuilds/SWIP/2020.2_0920_2006/installs/lin64/Vivado/2020.2/bin:/proj/xbuilds/SWIP/2020.2_0920_2006/installs/lin64/DocNav:/proj/xbuilds/XRT/master/202020.2.8.488/packages/x86_64/xrt-2.8.488_centos_7.4/opt/xilinx/xrt/bin:/proj/xbuilds/SWIP/2020.2_0919_1911/installs/lin64/Vitis_HLS/2020.2/bin:/proj/xbuilds/SWIP/2020.2_0919_1911/installs/lin64/Model_Composer/2020.2/bin:/proj/xbuilds/SWIP/2020.2_0919_1911/installs/lin64/Vitis/2020.2/bin:/proj/xbuilds/SWIP/2020.2_0919_1911/installs/lin64/Vitis/2020.2/gnu/microblaze/lin/bin:/proj/xbuilds/SWIP/2020.2_0919_1911/installs/lin64/Vitis/2020.2/gnu/arm/lin/bin:/proj/xbuilds/SWIP/2020.2_0919_1911/installs/lin64/Vitis/2020.2/gnu/microblaze/linux_toolchain/lin64_le/bin:/proj/xbuilds/SWIP/2020.2_0919_1911/installs/lin64/Vitis/2020.2/gnu/aarch32/lin/gcc-arm-linux-gnueabi/bin:/proj/xbuilds/SWIP/2020.2_0919_1911/installs/lin64/Vitis/2020.2/gnu/aarch32/lin/gcc-arm-none-eabi/bin:/proj/xbuilds/SWIP/2020.2_0919_1911/installs/lin64/Vitis/2020.2/gnu/aarch64/lin/aarch64-linux/bin:/proj/xbuilds/SWIP/2020.2_0919_1911/installs/lin64/Vitis/2020.2/gnu/aarch64/lin/aarch64-none/bin:/proj/xbuilds/SWIP/2020.2_0919_1911/installs/lin64/Vitis/2020.2/gnu/armr5/lin/gcc-arm-none-eabi/bin:/proj/xbuilds/SWIP/2020.2_0919_1911/installs/lin64/Vitis/2020.2/tps/lnx64/cmake-3.3.2/bin:/proj/xbuilds/SWIP/2020.2_0919_1911/installs/lin64/Vitis/2020.2/aietools/bin:/proj/xbuilds/SWIP/2020.2_0919_1911/installs/lin64/Vivado/2020.2/bin:/proj/xbuilds/SWIP/2020.2_0919_1911/installs/lin64/DocNav:/proj/xbuilds/XRT/master/202020.2.8.426/packages/x86_64/xrt-2.8.426_centos_7.4/opt/xilinx/xrt/bin:/proj/xbuilds/SWIP/2020.2_0908_0703/installs/lin64/Vitis_HLS/2020.2/bin:/proj/xbuilds/SWIP/2020.2_0908_0703/installs/lin64/Model_Composer/2020.2/bin:/proj/xbuilds/SWIP/2020.2_0908_0703/installs/lin64/Vitis/2020.2/bin:/proj/xbuilds/SWIP/2020.2_0908_0703/installs/lin64/Vitis/2020.2/gnu/microblaze/lin/bin:/proj/xbuilds/SWIP/2020.2_0908_0703/installs/lin64/Vitis/2020.2/gnu/arm/lin/bin:/proj/xbuilds/SWIP/2020.2_0908_0703/installs/lin64/Vitis/2020.2/gnu/microblaze/linux_toolchain/lin64_le/bin:/proj/xbuilds/SWIP/2020.2_0908_0703/installs/lin64/Vitis/2020.2/gnu/aarch32/lin/gcc-arm-linux-gnueabi/bin:/proj/xbuilds/SWIP/2020.2_0908_0703/installs/lin64/Vitis/2020.2/gnu/aarch32/lin/gcc-arm-none-eabi/bin:/proj/xbuilds/SWIP/2020.2_0908_0703/installs/lin64/Vitis/2020.2/gnu/aarch64/lin/aarch64-linux/bin:/proj/xbuilds/SWIP/2020.2_0908_0703/installs/lin64/Vitis/2020.2/gnu/aarch64/lin/aarch64-none/bin:/proj/xbuilds/SWIP/2020.2_0908_0703/installs/lin64/Vitis/2020.2/gnu/armr5/lin/gcc-arm-none-eabi/bin:/proj/xbuilds/SWIP/2020.2_0908_0703/installs/lin64/Vitis/2020.2/tps/lnx64/cmake-3.3.2/bin:/proj/xbuilds/SWIP/2020.2_0908_0703/installs/lin64/Vitis/2020.2/cardano/bin:/proj/xbuilds/SWIP/2020.2_0908_0703/installs/lin64/Vivado/2020.2/bin:/proj/xbuilds/SWIP/2020.2_0908_0703/installs/lin64/DocNav:/home/ravic/bin:/usr/local/bin:/mis/TREE/bin:/usr/bin:/bin:/usr/ucb
MAIL=/home/ravic/mail/inbox
BANKS=3
XILINX_VITIS=/proj/xbuilds/SWIP/2020.2_1109_1932/installs/lin64/Vitis/2020.2
PWD=/wrk/xsjhdnobkup5/ravic/work/Port_DDR_to_HBM/makefile
XILINX_XRT=/proj/xbuilds/XRT/2020.2/202020.2.8.721/packages/x86_64/xrt-2.8.721_centos_7.4/opt/xilinx/xrt
XIL_CHECK_TCL_DEBUG=False
XILINX_VIVADO_HLS=/proj/xbuilds/SWIP/2020.2_1109_1932/installs/lin64/Vivado/2020.2
ADDRNDM=0
LANG=en_US.UTF-8
HDI_APPROOT=/proj/xbuilds/SWIP/2020.2_1109_1932/installs/lin64/Vitis/2020.2
KDEDIRS=/usr
DSIZE=600
XILINX_HLS=/proj/xbuilds/SWIP/2020.2_1109_1932/installs/lin64/Vitis_HLS/2020.2
XiSUE=true
XILINX_VIVADO=/proj/xbuilds/SWIP/2020.2_1109_1932/installs/lin64/Vivado/2020.2
XILINX_SDK=/proj/xbuilds/SWIP/2020.2_1109_1932/installs/lin64/Vitis/2020.2
XiSET=true
XiSUEHOME=/tools/sue
BUILDXCLBIN=1
ISL_IOSTREAMS_RSA=/proj/xbuilds/SWIP/2020.2_1109_1932/installs/lin64/Vitis/2020.2/tps/isl
HOME=/home/ravic
SHLVL=5
RDI_BASEROOT=/proj/xbuilds/SWIP/2020.2_1109_1932/installs/lin64/Vitis
OSTYPE=linux
RDI_APPROOT=/proj/xbuilds/SWIP/2020.2_1109_1932/installs/lin64/Vitis/2020.2
VENDOR=unknown
TARGET=hw
MACHTYPE=x86_64
LOGNAME=ravic
PYTHONPATH=/proj/xbuilds/XRT/2020.2/202020.2.8.721/packages/x86_64/xrt-2.8.721_centos_7.4/opt/xilinx/xrt/python:/proj/xbuilds/XRT/master/202020.2.8.489/packages/x86_64/xrt-2.8.489_centos_7.4/opt/xilinx/xrt/python:/proj/xbuilds/XRT/master/202020.2.8.488/packages/x86_64/xrt-2.8.488_centos_7.4/opt/xilinx/xrt/python:/proj/xbuilds/XRT/master/202020.2.8.426/packages/x86_64/xrt-2.8.426_centos_7.4/opt/xilinx/xrt/python:
RDI_JAVA_PLATFORM=
QTLIB=/usr/lib64/qt-3.3/lib
SSH_CONNECTION=172.19.220.154 33184 172.19.220.164 22
PLATFORM_REPO_PATHS=/proj/xbuilds/2020.2_daily_latest/internal_platforms
RDI_BINROOT=/proj/xbuilds/SWIP/2020.2_1109_1932/installs/lin64/Vitis/2020.2/bin
LESSOPEN=||/usr/bin/lesspipe.sh %s
XILINX_SDX=
XiGROUPS=newhiredefaultgrp hd textml
RDI_PROG=/proj/xbuilds/SWIP/2020.2_1109_1932/installs/lin64/Vitis/2020.2/bin/unwrapped/lnx64.o/v++
XDG_RUNTIME_DIR=/run/user/31781
DISPLAY=xsjvnc101:24
XIL_NO_OVERRIDE=0
XIL_SUPPRESS_OVERRIDE_WARNINGS=1
XILINX_PLANAHEAD=/proj/xbuilds/SWIP/2020.2_1109_1932/installs/lin64/Vitis/2020.2
QT_PLUGIN_PATH=/usr/lib64/kde4/plugins:/usr/lib/kde4/plugins
XiOSREL=Linux3.10.0-693.el7.x86_64
HDIPRELDPATH=/proj/xbuilds/SWIP/2020.2_1109_1932/installs/lin64/Vitis/2020.2/lib/lnx64.o/Default:/proj/xbuilds/SWIP/2020.2_1109_1932/installs/lin64/Vitis/2020.2/lib/lnx64.o:/proj/xbuilds/XRT/2020.2/202020.2.8.721/packages/x86_64/xrt-2.8.721_centos_7.4/opt/xilinx/xrt/lib:/proj/xbuilds/XRT/master/202020.2.8.489/packages/x86_64/xrt-2.8.489_centos_7.4/opt/xilinx/xrt/lib:/proj/xbuilds/XRT/master/202020.2.8.488/packages/x86_64/xrt-2.8.488_centos_7.4/opt/xilinx/xrt/lib:/proj/xbuilds/XRT/master/202020.2.8.426/packages/x86_64/xrt-2.8.426_centos_7.4/opt/xilinx/xrt/lib:/usr/local/lib:/usr/lib:/proj/xbuilds/SWIP/2020.2_1109_1932/installs/lin64/Vitis/2020.2/bin/../lnx64/tools/dot/lib
RDI_INSTALLVER=2020.2
RDI_DATADIR=/proj/xbuilds/SWIP/2020.2_1109_1932/installs/lin64/Vitis/2020.2/data
RDI_INSTALLROOT=/proj/xbuilds/SWIP/2020.2_1109_1932/installs/lin64
_=/proj/xbuilds/SWIP/2020.2_1109_1932/installs/lin64/Vitis/2020.2/bin/unwrapped/lnx64.o/v++
XILINX_CD_CONNECT_ID=35180
XILINX_CD_SESSION=09242d50-d5b1-41b2-836d-7dbbf9e43f87
XILINX_RS_PORT=38494
XILINX_RS_SESSION=5af70531-288b-412e-af00-4acf3c84844d


V++ command line:
------------------------------------------
/proj/xbuilds/SWIP/2020.2_1109_1932/installs/lin64/Vitis/2020.2/bin/unwrapped/lnx64.o/v++ -c -g -t hw -R 1 -k vadd --platform xilinx_u50_gen3x16_xdma_201920_3 --profile_kernel data:all:all:all --profile_kernel stall:all:all:all --save-temps --temp_dir ././../build/HBM3/temp_dir --report_dir ././../build/HBM3/report_dir --log_dir ././../build/HBM3/log_dir -I./../reference_files -DNDDR_BANKS=3 ./../reference_files/kernel.cpp -o ././../build/HBM3/vadd_hw.xo 

FINAL PROGRAM OPTIONS
--compile
--debug
--define NDDR_BANKS=3
--include ./../reference_files
--input_files ./../reference_files/kernel.cpp
--kernel vadd
--log_dir ././../build/HBM3/log_dir
--optimize 0
--output ././../build/HBM3/vadd_hw.xo
--platform xilinx_u50_gen3x16_xdma_201920_3
--profile_kernel data:all:all:all
--profile_kernel stall:all:all:all
--report_dir ././../build/HBM3/report_dir
--report_level 1
--save-temps
--target hw
--temp_dir ././../build/HBM3/temp_dir

PARSED COMMAND LINE OPTIONS
-c 
-g 
-t hw 
-R 1 
-k vadd 
--platform xilinx_u50_gen3x16_xdma_201920_3 
--profile_kernel data:all:all:all 
--profile_kernel stall:all:all:all 
--save-temps 
--temp_dir ././../build/HBM3/temp_dir 
--report_dir ././../build/HBM3/report_dir 
--log_dir ././../build/HBM3/log_dir 
-I./../reference_files 
-DNDDR_BANKS=3 
./../reference_files/kernel.cpp 
-o ././../build/HBM3/vadd_hw.xo 

EXPANDED PARAMETERS
From application of optMap.xml: 
 --xp "vivado_prop:run.__KERNEL__.{STEPS.SYNTH_DESIGN.ARGS.MORE OPTIONS}={-directive sdx_optimization_effort_high}" --xp vivado_param:project.writeIntermediateCheckpoints=1 --xp "param:compiler.reportFailfast=pre_opt_design {__KERNEL_NAMES__} post_opt_design {__OCL_TOP__}" --xp "misc:report=type report_timing_summary name impl_report_timing_summary_route_design_summary steps {route_design} runs {impl_1} options {-max_paths 10}" --xp "misc:report=type report_timing_summary name impl_report_timing_summary_post_route_phys_opt_design_summary steps {post_route_phys_opt_design} runs {impl_1} options {-max_paths 10}"


FINAL PLATFORM PATH
/proj/xbuilds/2020.2_daily_latest/internal_platforms/xilinx_u50_gen3x16_xdma_201920_3/xilinx_u50_gen3x16_xdma_201920_3.xpfm

==========================================
new:  steps log generated by v++ for new launch 
timestamp: 18 Nov 2020 16:44:35
------------------------------------------
step: performing high-level synthesis for kernel:vadd
timestamp: 18 Nov 2020 16:45:39
launch dir: /wrk/xsjhdnobkup5/ravic/work/Port_DDR_to_HBM/build/HBM3/temp_dir/vadd_hw/vadd
cmd: vitis_hls -f /wrk/xsjhdnobkup5/ravic/work/Port_DDR_to_HBM/build/HBM3/temp_dir/vadd_hw/vadd/vadd.tcl -messageDb vitis_hls.pb
V++ internal step status: success
------------------------------------------
V++ internal step: generating system estimate report file
timestamp: 18 Nov 2020 16:45:40
output: /wrk/xsjhdnobkup5/ravic/work/Port_DDR_to_HBM/build/HBM3/report_dir/vadd_hw/system_estimate_vadd_hw.xtxt
V++ internal step status: success
------------------------------------------
system estimate report task completed
timestamp: 18 Nov 2020 16:45:40
