INFO: [v++ 60-1306] Additional information associated with this v++ link can be found at:
	Reports: /wrk/xsjhdnobkup5/ravic/work/Port_DDR_to_HBM/build/HBM3/report_dir/link
	Log files: /wrk/xsjhdnobkup5/ravic/work/Port_DDR_to_HBM/build/HBM3/log_dir/link
INFO: [v++ 60-1548] Creating build summary session with primary output /wrk/xsjhdnobkup5/ravic/work/Port_DDR_to_HBM/build/HBM3/vadd_hw.xclbin.link_summary, at Wed Nov 18 16:45:54 2020
INFO: [v++ 60-1316] Initiating connection to rulecheck server, at Wed Nov 18 16:45:54 2020
INFO: [v++ 60-1315] Creating rulecheck session with output '/wrk/xsjhdnobkup5/ravic/work/Port_DDR_to_HBM/build/HBM3/report_dir/link/v++_link_vadd_hw_guidance.html', at Wed Nov 18 16:45:55 2020
INFO: [v++ 60-895]   Target platform: /proj/xbuilds/2020.2_daily_latest/internal_platforms/xilinx_u50_gen3x16_xdma_201920_3/xilinx_u50_gen3x16_xdma_201920_3.xpfm
INFO: [v++ 60-1578]   This platform contains Xilinx Shell Archive '/proj/xbuilds/2020.2_daily_latest/internal_platforms/xilinx_u50_gen3x16_xdma_201920_3/hw/hw.xsa'
INFO: [v++ 74-74] Compiler Version string: 2020.2
INFO: [v++ 60-629] Linking for hardware target
INFO: [v++ 60-423]   Target device: xilinx_u50_gen3x16_xdma_201920_3
INFO: [v++ 60-1332] Run 'run_link' status: Not started
INFO: [v++ 60-1443] [16:45:59] Run run_link: Step system_link: Started
INFO: [v++ 60-1453] Command Line: system_link --xo /wrk/xsjhdnobkup5/ravic/work/Port_DDR_to_HBM/build/HBM3/vadd_hw.xo --config /wrk/xsjhdnobkup5/ravic/work/Port_DDR_to_HBM/build/HBM3/temp_dir/link/int/syslinkConfig.ini --xpfm /proj/xbuilds/2020.2_daily_latest/internal_platforms/xilinx_u50_gen3x16_xdma_201920_3/xilinx_u50_gen3x16_xdma_201920_3.xpfm --target hw --output_dir /wrk/xsjhdnobkup5/ravic/work/Port_DDR_to_HBM/build/HBM3/temp_dir/link/int --temp_dir /wrk/xsjhdnobkup5/ravic/work/Port_DDR_to_HBM/build/HBM3/temp_dir/link/sys_link
INFO: [v++ 60-1454] Run Directory: /wrk/xsjhdnobkup5/ravic/work/Port_DDR_to_HBM/build/HBM3/temp_dir/link/run_link
INFO: [SYSTEM_LINK 60-1316] Initiating connection to rulecheck server, at Wed Nov 18 16:46:01 2020
INFO: [SYSTEM_LINK 82-70] Extracting xo v3 file /wrk/xsjhdnobkup5/ravic/work/Port_DDR_to_HBM/build/HBM3/vadd_hw.xo
INFO: [SYSTEM_LINK 82-53] Creating IP database /wrk/xsjhdnobkup5/ravic/work/Port_DDR_to_HBM/build/HBM3/temp_dir/link/sys_link/_sysl/.cdb/xd_ip_db.xml
INFO: [SYSTEM_LINK 82-38] [16:46:01] build_xd_ip_db started: /proj/xbuilds/SWIP/2020.2_1109_1932/installs/lin64/Vitis/2020.2/bin/build_xd_ip_db -ip_search 0  -sds-pf /wrk/xsjhdnobkup5/ravic/work/Port_DDR_to_HBM/build/HBM3/temp_dir/link/sys_link/hw.hpfm -clkid 0 -ip /wrk/xsjhdnobkup5/ravic/work/Port_DDR_to_HBM/build/HBM3/temp_dir/link/sys_link/iprepo/xilinx_com_hls_vadd_1_0,vadd -o /wrk/xsjhdnobkup5/ravic/work/Port_DDR_to_HBM/build/HBM3/temp_dir/link/sys_link/_sysl/.cdb/xd_ip_db.xml
INFO: [SYSTEM_LINK 82-37] [16:46:07] build_xd_ip_db finished successfully
Time (s): cpu = 00:00:07 ; elapsed = 00:00:06 . Memory (MB): peak = 1663.301 ; gain = 0.000 ; free physical = 20316 ; free virtual = 167644
INFO: [SYSTEM_LINK 82-51] Create system connectivity graph
INFO: [SYSTEM_LINK 82-102] Applying explicit connections to the system connectivity graph: /wrk/xsjhdnobkup5/ravic/work/Port_DDR_to_HBM/build/HBM3/temp_dir/link/sys_link/cfgraph/cfgen_cfgraph.xml
INFO: [SYSTEM_LINK 82-38] [16:46:08] cfgen started: /proj/xbuilds/SWIP/2020.2_1109_1932/installs/lin64/Vitis/2020.2/bin/cfgen  -sp vadd_1.in1:HBM[0:2] -sp vadd_1.in2:HBM[3:5] -sp vadd_1.out:HBM[6:8] -dmclkid 0 -r /wrk/xsjhdnobkup5/ravic/work/Port_DDR_to_HBM/build/HBM3/temp_dir/link/sys_link/_sysl/.cdb/xd_ip_db.xml -o /wrk/xsjhdnobkup5/ravic/work/Port_DDR_to_HBM/build/HBM3/temp_dir/link/sys_link/cfgraph/cfgen_cfgraph.xml
INFO: [CFGEN 83-0] Kernel Specs: 
INFO: [CFGEN 83-0]   kernel: vadd, num: 1  {vadd_1}
INFO: [CFGEN 83-0] Port Specs: 
INFO: [CFGEN 83-0]   kernel: vadd_1, k_port: in1, sptag: HBM[0:2]
INFO: [CFGEN 83-0]   kernel: vadd_1, k_port: in2, sptag: HBM[3:5]
INFO: [CFGEN 83-0]   kernel: vadd_1, k_port: out, sptag: HBM[6:8]
INFO: [CFGEN 83-2228] Creating mapping for argument vadd_1.in1 to HBM[0:2] for directive vadd_1.in1:HBM[0:2]
INFO: [CFGEN 83-2228] Creating mapping for argument vadd_1.in2 to HBM[3:5] for directive vadd_1.in2:HBM[3:5]
INFO: [CFGEN 83-2228] Creating mapping for argument vadd_1.out to HBM[6:8] for directive vadd_1.out:HBM[6:8]
INFO: [SYSTEM_LINK 82-37] [16:46:11] cfgen finished successfully
Time (s): cpu = 00:00:04 ; elapsed = 00:00:04 . Memory (MB): peak = 1663.301 ; gain = 0.000 ; free physical = 20316 ; free virtual = 167644
INFO: [SYSTEM_LINK 82-52] Create top-level block diagram
INFO: [SYSTEM_LINK 82-38] [16:46:11] cf2bd started: /proj/xbuilds/SWIP/2020.2_1109_1932/installs/lin64/Vitis/2020.2/bin/cf2bd  --linux --trace_buffer 1024 --input_file /wrk/xsjhdnobkup5/ravic/work/Port_DDR_to_HBM/build/HBM3/temp_dir/link/sys_link/cfgraph/cfgen_cfgraph.xml --ip_db /wrk/xsjhdnobkup5/ravic/work/Port_DDR_to_HBM/build/HBM3/temp_dir/link/sys_link/_sysl/.cdb/xd_ip_db.xml --cf_name dr --working_dir /wrk/xsjhdnobkup5/ravic/work/Port_DDR_to_HBM/build/HBM3/temp_dir/link/sys_link/_sysl/.xsd --temp_dir /wrk/xsjhdnobkup5/ravic/work/Port_DDR_to_HBM/build/HBM3/temp_dir/link/sys_link --output_dir /wrk/xsjhdnobkup5/ravic/work/Port_DDR_to_HBM/build/HBM3/temp_dir/link/int --target_bd ulp.bd
INFO: [CF2BD 82-31] Launching cf2xd: cf2xd -linux -trace-buffer 1024 -i /wrk/xsjhdnobkup5/ravic/work/Port_DDR_to_HBM/build/HBM3/temp_dir/link/sys_link/cfgraph/cfgen_cfgraph.xml -r /wrk/xsjhdnobkup5/ravic/work/Port_DDR_to_HBM/build/HBM3/temp_dir/link/sys_link/_sysl/.cdb/xd_ip_db.xml -o dr.xml
INFO: [CF2BD 82-28] cf2xd finished successfully
INFO: [CF2BD 82-31] Launching cf_xsd: cf_xsd -disable-address-gen -bd ulp.bd -dn dr -dp /wrk/xsjhdnobkup5/ravic/work/Port_DDR_to_HBM/build/HBM3/temp_dir/link/sys_link/_sysl/.xsd
INFO: [CF2BD 82-28] cf_xsd finished successfully
INFO: [SYSTEM_LINK 82-37] [16:46:14] cf2bd finished successfully
Time (s): cpu = 00:00:02 ; elapsed = 00:00:03 . Memory (MB): peak = 1663.301 ; gain = 0.000 ; free physical = 20309 ; free virtual = 167642
INFO: [v++ 60-1441] [16:46:14] Run run_link: Step system_link: Completed
Time (s): cpu = 00:00:15 ; elapsed = 00:00:15 . Memory (MB): peak = 1682.371 ; gain = 0.000 ; free physical = 20353 ; free virtual = 167681
INFO: [v++ 60-1443] [16:46:14] Run run_link: Step cf2sw: Started
INFO: [v++ 60-1453] Command Line: cf2sw -sdsl /wrk/xsjhdnobkup5/ravic/work/Port_DDR_to_HBM/build/HBM3/temp_dir/link/int/sdsl.dat -rtd /wrk/xsjhdnobkup5/ravic/work/Port_DDR_to_HBM/build/HBM3/temp_dir/link/int/cf2sw.rtd -nofilter /wrk/xsjhdnobkup5/ravic/work/Port_DDR_to_HBM/build/HBM3/temp_dir/link/int/cf2sw_full.rtd -xclbin /wrk/xsjhdnobkup5/ravic/work/Port_DDR_to_HBM/build/HBM3/temp_dir/link/int/xclbin_orig.xml -o /wrk/xsjhdnobkup5/ravic/work/Port_DDR_to_HBM/build/HBM3/temp_dir/link/int/xclbin_orig.1.xml
INFO: [v++ 60-1454] Run Directory: /wrk/xsjhdnobkup5/ravic/work/Port_DDR_to_HBM/build/HBM3/temp_dir/link/run_link
INFO: [v++ 60-1441] [16:46:17] Run run_link: Step cf2sw: Completed
Time (s): cpu = 00:00:03 ; elapsed = 00:00:03 . Memory (MB): peak = 1682.371 ; gain = 0.000 ; free physical = 20355 ; free virtual = 167684
INFO: [v++ 60-1443] [16:46:17] Run run_link: Step rtd2_system_diagram: Started
INFO: [v++ 60-1453] Command Line: rtd2SystemDiagram
INFO: [v++ 60-1454] Run Directory: /wrk/xsjhdnobkup5/ravic/work/Port_DDR_to_HBM/build/HBM3/temp_dir/link/run_link
INFO: [v++ 60-1441] [16:46:18] Run run_link: Step rtd2_system_diagram: Completed
Time (s): cpu = 00:00:00.01 ; elapsed = 00:00:01 . Memory (MB): peak = 1682.371 ; gain = 0.000 ; free physical = 19941 ; free virtual = 167269
INFO: [v++ 60-1443] [16:46:18] Run run_link: Step vpl: Started
INFO: [v++ 60-1453] Command Line: vpl -t hw -f xilinx_u50_gen3x16_xdma_201920_3 -g --remote_ip_cache /wrk/xsjhdnobkup5/ravic/work/Port_DDR_to_HBM/makefile/.ipcache --profile_kernel data:all:all:all --profile_kernel stall:all:all:all --output_dir /wrk/xsjhdnobkup5/ravic/work/Port_DDR_to_HBM/build/HBM3/temp_dir/link/int --log_dir /wrk/xsjhdnobkup5/ravic/work/Port_DDR_to_HBM/build/HBM3/log_dir/link --report_dir /wrk/xsjhdnobkup5/ravic/work/Port_DDR_to_HBM/build/HBM3/report_dir/link --config /wrk/xsjhdnobkup5/ravic/work/Port_DDR_to_HBM/build/HBM3/temp_dir/link/int/vplConfig.ini -k /wrk/xsjhdnobkup5/ravic/work/Port_DDR_to_HBM/build/HBM3/temp_dir/link/int/kernel_info.dat --webtalk_flag Vitis --temp_dir /wrk/xsjhdnobkup5/ravic/work/Port_DDR_to_HBM/build/HBM3/temp_dir/link --no-info --iprepo /wrk/xsjhdnobkup5/ravic/work/Port_DDR_to_HBM/build/HBM3/temp_dir/link/int/xo/ip_repo/xilinx_com_hls_vadd_1_0 --messageDb /wrk/xsjhdnobkup5/ravic/work/Port_DDR_to_HBM/build/HBM3/temp_dir/link/run_link/vpl.pb /wrk/xsjhdnobkup5/ravic/work/Port_DDR_to_HBM/build/HBM3/temp_dir/link/int/dr.bd.tcl
INFO: [v++ 60-1454] Run Directory: /wrk/xsjhdnobkup5/ravic/work/Port_DDR_to_HBM/build/HBM3/temp_dir/link/run_link

****** vpl v2020.2 (64-bit)
  **** SW Build (by xbuild) on 2020-11-09-09:52:52
    ** Copyright 1986-2020 Xilinx, Inc. All Rights Reserved.

INFO: [VPL 60-839] Read in kernel information from file '/wrk/xsjhdnobkup5/ravic/work/Port_DDR_to_HBM/build/HBM3/temp_dir/link/int/kernel_info.dat'.
INFO: [VPL 74-74] Compiler Version string: 2020.2
INFO: [VPL 60-423]   Target device: xilinx_u50_gen3x16_xdma_201920_3
INFO: [VPL 60-1317] Skipping hardware platform extraction and using '/proj/xbuilds/2020.2_daily_latest/internal_platforms/xilinx_u50_gen3x16_xdma_201920_3/hw/xsa' instead.
WARNING: /proj/xbuilds/SWIP/2020.2_1109_1932/installs/lin64/Vitis/2020.2/tps/lnx64/jre9.0.4 does not exist.
[16:46:54] Run vpl: Step create_project: Started
Creating Vivado project.
[16:46:58] Run vpl: Step create_project: Completed
[16:46:58] Run vpl: Step create_bd: Started
[16:48:15] Run vpl: Step create_bd: RUNNING...
[16:49:10] Run vpl: Step create_bd: Completed
[16:49:10] Run vpl: Step update_bd: Started
[16:49:19] Run vpl: Step update_bd: Completed
[16:49:19] Run vpl: Step generate_target: Started
[16:50:36] Run vpl: Step generate_target: RUNNING...
[16:51:28] Run vpl: Step generate_target: Completed
[16:51:28] Run vpl: Step config_hw_runs: Started
[16:51:32] Run vpl: Step config_hw_runs: Completed
[16:51:32] Run vpl: Step synth: Started
[16:52:35] Block-level synthesis in progress, 0 of 5 jobs complete, 3 jobs running.
[16:53:06] Block-level synthesis in progress, 0 of 5 jobs complete, 3 jobs running.
[16:53:37] Block-level synthesis in progress, 0 of 5 jobs complete, 3 jobs running.
[16:54:08] Block-level synthesis in progress, 0 of 5 jobs complete, 3 jobs running.
[16:54:39] Block-level synthesis in progress, 2 of 5 jobs complete, 1 job running.
[16:55:09] Block-level synthesis in progress, 3 of 5 jobs complete, 0 jobs running.
[16:55:40] Block-level synthesis in progress, 3 of 5 jobs complete, 1 job running.
[16:56:11] Block-level synthesis in progress, 3 of 5 jobs complete, 1 job running.
[16:56:42] Block-level synthesis in progress, 3 of 5 jobs complete, 1 job running.
[16:57:12] Block-level synthesis in progress, 4 of 5 jobs complete, 0 jobs running.
[16:57:43] Block-level synthesis in progress, 4 of 5 jobs complete, 1 job running.
[16:58:13] Block-level synthesis in progress, 4 of 5 jobs complete, 1 job running.
[16:58:45] Block-level synthesis in progress, 4 of 5 jobs complete, 1 job running.
[16:59:08] Run vpl: Step synth: Completed
[16:59:08] Run vpl: Step impl: Started
[17:07:52] Finished 2nd of 6 tasks (FPGA linking synthesized kernels to platform). Elapsed time: 00h 21m 31s 

[17:07:52] Starting logic optimization..
[17:07:52] Phase 1 Retarget
[17:08:23] Phase 2 Constant propagation
[17:08:23] Phase 3 Sweep
[17:08:54] Phase 4 BUFG optimization
[17:08:54] Phase 5 Shift Register Optimization
[17:09:25] Phase 6 Post Processing Netlist
[17:13:32] Finished 3rd of 6 tasks (FPGA logic optimization). Elapsed time: 00h 05m 39s 

[17:13:32] Starting logic placement..
[17:14:02] Phase 1 Placer Initialization
[17:14:02] Phase 1.1 Placer Initialization Netlist Sorting
[17:15:35] Phase 1.2 IO Placement/ Clock Placement/ Build Placer Device
[17:16:06] Phase 1.3 Build Placer Netlist Model
[17:17:38] Phase 1.4 Constrain Clocks/Macros
[17:17:38] Phase 2 Global Placement
[17:17:38] Phase 2.1 Floorplanning
[17:18:09] Phase 2.1.1 Partition Driven Placement
[17:18:09] Phase 2.1.1.1 PBP: Partition Driven Placement
[17:18:09] Phase 2.1.1.2 PBP: Clock Region Placement
[17:20:13] Phase 2.1.1.3 PBP: Compute Congestion
[17:20:44] Phase 2.1.1.4 PBP: UpdateTiming
[17:20:44] Phase 2.1.1.5 PBP: Add part constraints
[17:20:44] Phase 2.2 Update Timing before SLR Path Opt
[17:20:44] Phase 2.3 Global Placement Core
[17:24:50] Phase 2.3.1 Physical Synthesis In Placer
[17:26:23] Phase 3 Detail Placement
[17:26:23] Phase 3.1 Commit Multi Column Macros
[17:26:23] Phase 3.2 Commit Most Macros & LUTRAMs
[17:26:54] Phase 3.3 Area Swap Optimization
[17:26:54] Phase 3.4 Pipeline Register Optimization
[17:26:54] Phase 3.5 IO Cut Optimizer
[17:26:54] Phase 3.6 Fast Optimization
[17:27:24] Phase 3.7 Small Shape DP
[17:27:24] Phase 3.7.1 splitSLRCrossingNets
[17:27:55] Phase 3.7.2 Place Remaining
[17:27:55] Phase 3.8 Re-assign LUT pins
[17:27:55] Phase 3.9 Fast Optimization
[17:28:26] Phase 4 Post Placement Optimization and Clean-Up
[17:28:26] Phase 4.1 Post Commit Optimization
[17:29:28] Phase 4.1.1 Post Placement Optimization
[17:29:28] Phase 4.1.1.1 BUFG Insertion
[17:29:28] Phase 1 Physical Synthesis Initialization
[17:29:28] Phase 4.1.1.2 BUFG Replication
[17:29:59] Phase 4.1.1.3 Replication
[17:30:29] Phase 4.2 Post Placement Cleanup
[17:30:29] Phase 4.3 Placer Reporting
[17:30:29] Phase 4.3.1 Print Estimated Congestion
[17:30:29] Phase 4.4 Final Placement Cleanup
[17:34:37] Finished 4th of 6 tasks (FPGA logic placement). Elapsed time: 00h 21m 05s 

[17:34:37] Starting logic routing..
[17:35:38] Phase 1 Build RT Design
[17:36:40] Phase 2 Router Initialization
[17:36:40] Phase 2.1 Fix Topology Constraints
[17:38:13] Phase 2.2 Pre Route Cleanup
[17:38:13] Phase 2.3 Global Clock Net Routing
[17:38:44] Phase 2.4 Update Timing
[17:39:46] Phase 2.5 Update Timing for Bus Skew
[17:39:46] Phase 2.5.1 Update Timing
[17:40:17] Phase 3 Initial Routing
[17:40:17] Phase 3.1 Global Routing
[17:40:17] Phase 4 Rip-up And Reroute
[17:40:17] Phase 4.1 Global Iteration 0
[17:42:51] Phase 4.2 Global Iteration 1
[17:43:22] Phase 4.3 Global Iteration 2
[17:43:53] Phase 5 Delay and Skew Optimization
[17:43:53] Phase 5.1 Delay CleanUp
[17:43:53] Phase 5.1.1 Update Timing
[17:44:24] Phase 5.2 Clock Skew Optimization
[17:44:24] Phase 6 Post Hold Fix
[17:44:24] Phase 6.1 Hold Fix Iter
[17:44:24] Phase 6.1.1 Update Timing
[17:44:54] Phase 7 Leaf Clock Prog Delay Opt
[17:45:26] Phase 8 Route finalize
[17:45:26] Phase 9 Verifying routed nets
[17:45:26] Phase 10 Depositing Routes
[17:45:56] Phase 11 Post Router Timing
[17:45:56] Finished 5th of 6 tasks (FPGA routing). Elapsed time: 00h 11m 19s 

[17:45:56] Starting bitstream generation..
[17:53:40] Creating bitmap...
[17:57:47] Writing bitstream ./level0_i_ulp_my_rm_partial.bit...
[17:57:47] Finished 6th of 6 tasks (FPGA bitstream generation). Elapsed time: 00h 11m 50s 
[17:58:26] Run vpl: Step impl: Completed
[17:58:27] Run vpl: FINISHED. Run Status: impl Complete!
INFO: [v++ 60-1441] [17:58:34] Run run_link: Step vpl: Completed
Time (s): cpu = 00:00:29 ; elapsed = 01:12:16 . Memory (MB): peak = 1682.371 ; gain = 0.000 ; free physical = 19342 ; free virtual = 167596
INFO: [v++ 60-1443] [17:58:34] Run run_link: Step rtdgen: Started
INFO: [v++ 60-1453] Command Line: rtdgen
INFO: [v++ 60-1454] Run Directory: /wrk/xsjhdnobkup5/ravic/work/Port_DDR_to_HBM/build/HBM3/temp_dir/link/run_link
INFO: [v++ 60-991] clock name 'clk_kernel2_in' (clock ID '1') is being mapped to clock name 'KERNEL_CLK' in the xclbin
INFO: [v++ 60-991] clock name 'clk_kernel_in' (clock ID '0') is being mapped to clock name 'DATA_CLK' in the xclbin
INFO: [v++ 60-991] clock name 'hbm_aclk' (clock ID '') is being mapped to clock name 'hbm_aclk' in the xclbin
INFO: [v++ 60-1230] The compiler selected the following frequencies for the runtime controllable kernel clock(s) and scalable system clock(s): System (SYSTEM) clock: hbm_aclk = 450, Kernel (KERNEL) clock: clk_kernel2_in = 500, Kernel (DATA) clock: clk_kernel_in = 300
INFO: [v++ 60-1453] Command Line: cf2sw -a /wrk/xsjhdnobkup5/ravic/work/Port_DDR_to_HBM/build/HBM3/temp_dir/link/int/address_map.xml -sdsl /wrk/xsjhdnobkup5/ravic/work/Port_DDR_to_HBM/build/HBM3/temp_dir/link/int/sdsl.dat -xclbin /wrk/xsjhdnobkup5/ravic/work/Port_DDR_to_HBM/build/HBM3/temp_dir/link/int/xclbin_orig.xml -rtd /wrk/xsjhdnobkup5/ravic/work/Port_DDR_to_HBM/build/HBM3/temp_dir/link/int/vadd_hw.rtd -o /wrk/xsjhdnobkup5/ravic/work/Port_DDR_to_HBM/build/HBM3/temp_dir/link/int/vadd_hw.xml
INFO: [v++ 60-1652] Cf2sw returned exit code: 0
INFO: [v++ 60-2311] HPISystemDiagram::writeSystemDiagramAfterRunningVivado, rtdInputFilePath: /wrk/xsjhdnobkup5/ravic/work/Port_DDR_to_HBM/build/HBM3/temp_dir/link/int/vadd_hw.rtd
INFO: [v++ 60-2312] HPISystemDiagram::writeSystemDiagramAfterRunningVivado, systemDiagramOutputFilePath: /wrk/xsjhdnobkup5/ravic/work/Port_DDR_to_HBM/build/HBM3/temp_dir/link/int/systemDiagramModelSlrBaseAddress.json
INFO: [v++ 60-1618] Launching 
INFO: [v++ 60-1441] [17:58:37] Run run_link: Step rtdgen: Completed
Time (s): cpu = 00:00:02 ; elapsed = 00:00:03 . Memory (MB): peak = 1682.371 ; gain = 0.000 ; free physical = 19342 ; free virtual = 167596
INFO: [v++ 60-1443] [17:58:37] Run run_link: Step xclbinutil: Started
INFO: [v++ 60-1453] Command Line: xclbinutil --add-section DEBUG_IP_LAYOUT:JSON:/wrk/xsjhdnobkup5/ravic/work/Port_DDR_to_HBM/build/HBM3/temp_dir/link/int/debug_ip_layout.rtd --add-section BITSTREAM:RAW:/wrk/xsjhdnobkup5/ravic/work/Port_DDR_to_HBM/build/HBM3/temp_dir/link/int/partial.bit --force --target hw --key-value SYS:dfx_enable:true --add-section :JSON:/wrk/xsjhdnobkup5/ravic/work/Port_DDR_to_HBM/build/HBM3/temp_dir/link/int/vadd_hw.rtd --append-section :JSON:/wrk/xsjhdnobkup5/ravic/work/Port_DDR_to_HBM/build/HBM3/temp_dir/link/int/appendSection.rtd --add-section CLOCK_FREQ_TOPOLOGY:JSON:/wrk/xsjhdnobkup5/ravic/work/Port_DDR_to_HBM/build/HBM3/temp_dir/link/int/vadd_hw_xml.rtd --add-section BUILD_METADATA:JSON:/wrk/xsjhdnobkup5/ravic/work/Port_DDR_to_HBM/build/HBM3/temp_dir/link/int/vadd_hw_build.rtd --add-section EMBEDDED_METADATA:RAW:/wrk/xsjhdnobkup5/ravic/work/Port_DDR_to_HBM/build/HBM3/temp_dir/link/int/vadd_hw.xml --add-section SYSTEM_METADATA:RAW:/wrk/xsjhdnobkup5/ravic/work/Port_DDR_to_HBM/build/HBM3/temp_dir/link/int/systemDiagramModelSlrBaseAddress.json --key-value SYS:PlatformVBNV:xilinx_u50_gen3x16_xdma_201920_3 --output /wrk/xsjhdnobkup5/ravic/work/Port_DDR_to_HBM/makefile/././../build/HBM3/vadd_hw.xclbin
INFO: [v++ 60-1454] Run Directory: /wrk/xsjhdnobkup5/ravic/work/Port_DDR_to_HBM/build/HBM3/temp_dir/link/run_link
XRT Build Version: 2.8.721 (2020.2)
       Build Date: 2020-11-09 22:05:38
          Hash ID: c9744bbeed4ef319332805b7b61c81042c18ded7
Creating a default 'in-memory' xclbin image.

Section: 'DEBUG_IP_LAYOUT'(9) was successfully added.
Size   : 728 bytes
Format : JSON
File   : '/wrk/xsjhdnobkup5/ravic/work/Port_DDR_to_HBM/build/HBM3/temp_dir/link/int/debug_ip_layout.rtd'

Section: 'BITSTREAM'(0) was successfully added.
Size   : 31529116 bytes
Format : RAW
File   : '/wrk/xsjhdnobkup5/ravic/work/Port_DDR_to_HBM/build/HBM3/temp_dir/link/int/partial.bit'

Section: 'MEM_TOPOLOGY'(6) was successfully added.
Format : JSON
File   : 'mem_topology'

Section: 'IP_LAYOUT'(8) was successfully added.
Format : JSON
File   : 'ip_layout'

Section: 'CONNECTIVITY'(7) was successfully added.
Format : JSON
File   : 'connectivity'

Section: 'CLOCK_FREQ_TOPOLOGY'(11) was successfully added.
Size   : 410 bytes
Format : JSON
File   : '/wrk/xsjhdnobkup5/ravic/work/Port_DDR_to_HBM/build/HBM3/temp_dir/link/int/vadd_hw_xml.rtd'

Section: 'BUILD_METADATA'(14) was successfully added.
Size   : 2994 bytes
Format : JSON
File   : '/wrk/xsjhdnobkup5/ravic/work/Port_DDR_to_HBM/build/HBM3/temp_dir/link/int/vadd_hw_build.rtd'

Section: 'EMBEDDED_METADATA'(2) was successfully added.
Size   : 3298 bytes
Format : RAW
File   : '/wrk/xsjhdnobkup5/ravic/work/Port_DDR_to_HBM/build/HBM3/temp_dir/link/int/vadd_hw.xml'

Section: 'SYSTEM_METADATA'(22) was successfully added.
Size   : 15511 bytes
Format : RAW
File   : '/wrk/xsjhdnobkup5/ravic/work/Port_DDR_to_HBM/build/HBM3/temp_dir/link/int/systemDiagramModelSlrBaseAddress.json'

Section: 'PARTITION_METADATA'(20) was successfully appended to.
Format : JSON
File   : 'partition_metadata'

Section: 'IP_LAYOUT'(8) was successfully appended to.
Format : JSON
File   : 'ip_layout'
Successfully wrote (31581365 bytes) to the output file: /wrk/xsjhdnobkup5/ravic/work/Port_DDR_to_HBM/makefile/././../build/HBM3/vadd_hw.xclbin
Leaving xclbinutil.
INFO: [v++ 60-1441] [17:58:37] Run run_link: Step xclbinutil: Completed
Time (s): cpu = 00:00:00.09 ; elapsed = 00:00:00.29 . Memory (MB): peak = 1682.371 ; gain = 0.000 ; free physical = 19310 ; free virtual = 167594
INFO: [v++ 60-1443] [17:58:37] Run run_link: Step xclbinutilinfo: Started
INFO: [v++ 60-1453] Command Line: xclbinutil --quiet --force --info /wrk/xsjhdnobkup5/ravic/work/Port_DDR_to_HBM/makefile/././../build/HBM3/vadd_hw.xclbin.info --input /wrk/xsjhdnobkup5/ravic/work/Port_DDR_to_HBM/makefile/././../build/HBM3/vadd_hw.xclbin
INFO: [v++ 60-1454] Run Directory: /wrk/xsjhdnobkup5/ravic/work/Port_DDR_to_HBM/build/HBM3/temp_dir/link/run_link
INFO: [v++ 60-1441] [17:58:38] Run run_link: Step xclbinutilinfo: Completed
Time (s): cpu = 00:00:00.37 ; elapsed = 00:00:00.52 . Memory (MB): peak = 1682.371 ; gain = 0.000 ; free physical = 19309 ; free virtual = 167593
INFO: [v++ 60-1443] [17:58:38] Run run_link: Step generate_sc_driver: Started
INFO: [v++ 60-1453] Command Line: 
INFO: [v++ 60-1454] Run Directory: /wrk/xsjhdnobkup5/ravic/work/Port_DDR_to_HBM/build/HBM3/temp_dir/link/run_link
INFO: [v++ 60-1441] [17:58:38] Run run_link: Step generate_sc_driver: Completed
Time (s): cpu = 00:00:00 ; elapsed = 00:00:00.01 . Memory (MB): peak = 1682.371 ; gain = 0.000 ; free physical = 19309 ; free virtual = 167593
INFO: [v++ 60-244] Generating system estimate report...
INFO: [v++ 60-1092] Generated system estimate report: /wrk/xsjhdnobkup5/ravic/work/Port_DDR_to_HBM/build/HBM3/report_dir/link/system_estimate_vadd_hw.xtxt
INFO: [v++ 60-586] Created /wrk/xsjhdnobkup5/ravic/work/Port_DDR_to_HBM/build/HBM3/vadd_hw.ltx
INFO: [v++ 60-586] Created ././../build/HBM3/vadd_hw.xclbin
INFO: [v++ 60-1307] Run completed. Additional information can be found in:
	Guidance: /wrk/xsjhdnobkup5/ravic/work/Port_DDR_to_HBM/build/HBM3/report_dir/link/v++_link_vadd_hw_guidance.html
	Timing Report: /wrk/xsjhdnobkup5/ravic/work/Port_DDR_to_HBM/build/HBM3/report_dir/link/imp/impl_1_hw_bb_locked_timing_summary_routed.rpt
	Vivado Log: /wrk/xsjhdnobkup5/ravic/work/Port_DDR_to_HBM/build/HBM3/log_dir/link/vivado.log
	Steps Log File: /wrk/xsjhdnobkup5/ravic/work/Port_DDR_to_HBM/build/HBM3/log_dir/link/link.steps.log

INFO: [v++ 60-2343] Use the vitis_analyzer tool to visualize and navigate the relevant reports. Run the following command. 
    vitis_analyzer /wrk/xsjhdnobkup5/ravic/work/Port_DDR_to_HBM/build/HBM3/vadd_hw.xclbin.link_summary 
INFO: [v++ 60-791] Total elapsed time: 1h 12m 58s
INFO: [v++ 60-1653] Closing dispatch client.
