==============================================================
Vitis HLS - High-Level Synthesis from C, C++ and OpenCL v2020.2 (64-bit)
Copyright 1986-2020 Xilinx, Inc. All Rights Reserved.
==============================================================
INFO: [HLS 200-1505] Using flow_target 'vitis'
INFO: [HLS 200-435] Setting 'open_solution -flow_target vitis' configuration: config_interface -m_axi_latency=64
INFO: [HLS 200-435] Setting 'open_solution -flow_target vitis' configuration: config_interface -m_axi_alignment_byte_size=64
INFO: [HLS 200-435] Setting 'open_solution -flow_target vitis' configuration: config_interface -m_axi_max_widen_bitwidth=512
INFO: [HLS 200-435] Setting 'open_solution -flow_target vitis' configuration: config_interface -m_axi_offset=slave
INFO: [HLS 200-435] Setting 'open_solution -flow_target vitis' configuration: config_rtl -register_reset_num=3
INFO: [HLS 200-1510] Running: set_part xcu50-fsvh2104-2-e 
INFO: [HLS 200-10] Setting target device to 'xcu50-fsvh2104-2-e'
INFO: [HLS 200-1510] Running: create_clock -period 300.000000MHz -name default 
INFO: [SYN 201-201] Setting up clock 'default' with a period of 3.333ns.
INFO: [HLS 200-1510] Running: config_rtl -kernel_profile 
INFO: [HLS 200-1510] Running: config_dataflow -strict_mode warning 
INFO: [HLS 200-1510] Running: config_debug -enable 
INFO: [HLS 200-1510] Running: config_export -disable_deadlock_detection=true 
INFO: [HLS 200-1510] Running: config_rtl -m_axi_conservative_mode=1 
WARNING: [HLS 200-483] The 'config_rtl -m_axi_conservative_mode' command is deprecated and will be removed in a future release. Use 'config_interface -m_axi_conservative_mode' as its replacement.
INFO: [HLS 200-1510] Running: config_interface -m_axi_addr64 
INFO: [HLS 200-1510] Running: config_interface -m_axi_auto_max_ports=0 
INFO: [HLS 200-1510] Running: config_export -format ip_catalog -ipname vadd 
INFO: [HLS 200-1510] Running: csynth_design 
INFO: [HLS 200-111] Finished File checks and directory preparation: CPU user time: 0.01 seconds. CPU system time: 0.01 seconds. Elapsed time: 0.01 seconds; current allocated memory: 438.254 MB.
INFO: [HLS 200-10] Analyzing design file '/wrk/xsjhdnobkup5/ravic/work/Port_DDR_to_HBM/reference_files/kernel.cpp' ... 
INFO: [HLS 200-111] Finished Source Code Analysis and Preprocessing: CPU user time: 3.65 seconds. CPU system time: 0.4 seconds. Elapsed time: 4.22 seconds; current allocated memory: 439.987 MB.
INFO: [HLS 200-777] Using interface defaults for 'Vitis' flow target.
INFO: [HLS 214-178] Inlining function 'minRand(unsigned int, int)' into 'vadd' (/wrk/xsjhdnobkup5/ravic/work/Port_DDR_to_HBM/reference_files/kernel.cpp:85:0)
INFO: [HLS 214-115] Multiple burst reads of variable length and bit width 32 in loop 'read1'(/wrk/xsjhdnobkup5/ravic/work/Port_DDR_to_HBM/reference_files/kernel.cpp:109:16) has been inferred on port 'gmem' (/wrk/xsjhdnobkup5/ravic/work/Port_DDR_to_HBM/reference_files/kernel.cpp:109:16)
INFO: [HLS 214-115] Multiple burst reads of variable length and bit width 32 in loop 'read2'(/wrk/xsjhdnobkup5/ravic/work/Port_DDR_to_HBM/reference_files/kernel.cpp:114:16) has been inferred on port 'gmem' (/wrk/xsjhdnobkup5/ravic/work/Port_DDR_to_HBM/reference_files/kernel.cpp:114:16)
INFO: [HLS 214-115] Multiple burst writes of variable length and bit width 32 in loop 'write'(/wrk/xsjhdnobkup5/ravic/work/Port_DDR_to_HBM/reference_files/kernel.cpp:129:16) has been inferred on port 'gmem' (/wrk/xsjhdnobkup5/ravic/work/Port_DDR_to_HBM/reference_files/kernel.cpp:129:16)
INFO: [HLS 200-111] Finished Compiling Optimization and Transform: CPU user time: 3.52 seconds. CPU system time: 0.51 seconds. Elapsed time: 4.19 seconds; current allocated memory: 441.409 MB.
INFO: [HLS 200-111] Finished Checking Pragmas: CPU user time: 0 seconds. CPU system time: 0 seconds. Elapsed time: 0 seconds; current allocated memory: 441.410 MB.
INFO: [HLS 200-10] Starting code transformations ...
INFO: [HLS 200-111] Finished Standard Transforms: CPU user time: 0.05 seconds. CPU system time: 0 seconds. Elapsed time: 0.06 seconds; current allocated memory: 444.150 MB.
INFO: [HLS 200-10] Checking synthesizability ...
INFO: [HLS 200-111] Finished Checking Synthesizability: CPU user time: 0.11 seconds. CPU system time: 0.01 seconds. Elapsed time: 0.13 seconds; current allocated memory: 445.264 MB.
INFO: [HLS 200-111] Finished Loop, function and other optimizations: CPU user time: 0.25 seconds. CPU system time: 0.01 seconds. Elapsed time: 0.27 seconds; current allocated memory: 467.739 MB.
WARNING: [HLS 200-960] Cannot flatten loop 'VITIS_LOOP_99_2' (/wrk/xsjhdnobkup5/ravic/work/Port_DDR_to_HBM/reference_files/kernel.cpp:91:9) in function 'vadd' more than one sub loop.
WARNING: [HLS 200-960] Cannot flatten loop 'VITIS_LOOP_95_1' (/wrk/xsjhdnobkup5/ravic/work/Port_DDR_to_HBM/reference_files/kernel.cpp:95:29) in function 'vadd' the outer loop is not a perfect loop because either the parent loop or the sub loop has no computeable trip count.
INFO: [HLS 200-472] Inferring partial write operation for 'v1_buffer' (/wrk/xsjhdnobkup5/ravic/work/Port_DDR_to_HBM/reference_files/kernel.cpp:112:15)
INFO: [HLS 200-472] Inferring partial write operation for 'v2_buffer' (/wrk/xsjhdnobkup5/ravic/work/Port_DDR_to_HBM/reference_files/kernel.cpp:117:15)
INFO: [HLS 200-472] Inferring partial write operation for 'vout_buffer' (/wrk/xsjhdnobkup5/ravic/work/Port_DDR_to_HBM/reference_files/kernel.cpp:126:17)
INFO: [HLS 200-111] Finished Architecture Synthesis: CPU user time: 0.22 seconds. CPU system time: 0 seconds. Elapsed time: 0.23 seconds; current allocated memory: 462.036 MB.
INFO: [HLS 200-10] Starting hardware synthesis ...
INFO: [HLS 200-10] Synthesizing 'vadd' ...
WARNING: [SYN 201-107] Renaming port name 'vadd/out' to 'vadd/out_r' to avoid the conflict with HDL keywords or other object names.
INFO: [HLS 200-10] ----------------------------------------------------------------
INFO: [HLS 200-42] -- Implementing module 'vadd' 
INFO: [HLS 200-10] ----------------------------------------------------------------
INFO: [SCHED 204-11] Starting scheduling ...
INFO: [SCHED 204-61] Pipelining loop 'read1'.
INFO: [HLS 200-1470] Pipelining result : Target II = 1, Final II = 1, Depth = 3, loop 'read1'
INFO: [SCHED 204-61] Pipelining loop 'read2'.
INFO: [HLS 200-1470] Pipelining result : Target II = 1, Final II = 1, Depth = 3, loop 'read2'
INFO: [SCHED 204-61] Pipelining loop 'vadd'.
INFO: [HLS 200-1470] Pipelining result : Target II = 1, Final II = 1, Depth = 3, loop 'vadd'
INFO: [SCHED 204-61] Pipelining loop 'write'.
INFO: [HLS 200-1470] Pipelining result : Target II = 1, Final II = 1, Depth = 3, loop 'write'
INFO: [SCHED 204-11] Finished scheduling.
INFO: [HLS 200-111] Finished Scheduling: CPU user time: 0.53 seconds. CPU system time: 0 seconds. Elapsed time: 0.56 seconds; current allocated memory: 463.076 MB.
INFO: [BIND 205-100] Starting micro-architecture generation ...
INFO: [BIND 205-101] Performing variable lifetime analysis.
INFO: [BIND 205-101] Exploring resource sharing.
INFO: [BIND 205-101] Binding ...
INFO: [BIND 205-100] Finished micro-architecture generation.
INFO: [HLS 200-111] Finished Binding: CPU user time: 1.05 seconds. CPU system time: 0.02 seconds. Elapsed time: 1.08 seconds; current allocated memory: 464.574 MB.
INFO: [HLS 200-10] ----------------------------------------------------------------
INFO: [HLS 200-10] -- Generating RTL for module 'vadd' 
INFO: [HLS 200-10] ----------------------------------------------------------------
WARNING: [RTGEN 206-101] Design contains AXI ports. Reset is fixed to synchronous and active low.
INFO: [RTGEN 206-500] Setting interface mode on port 'vadd/gmem' to 'm_axi'.
INFO: [RTGEN 206-500] Setting interface mode on port 'vadd/in1' to 's_axilite & ap_none'.
INFO: [RTGEN 206-500] Setting interface mode on port 'vadd/in2' to 's_axilite & ap_none'.
INFO: [RTGEN 206-500] Setting interface mode on port 'vadd/out_r' to 's_axilite & ap_none'.
INFO: [RTGEN 206-500] Setting interface mode on port 'vadd/size' to 's_axilite & ap_none'.
INFO: [RTGEN 206-500] Setting interface mode on port 'vadd/num_times' to 's_axilite & ap_none'.
INFO: [RTGEN 206-500] Setting interface mode on port 'vadd/addRandom' to 's_axilite & ap_none'.
INFO: [RTGEN 206-500] Setting interface mode on function 'vadd' to 's_axilite & ap_ctrl_chain'.
INFO: [RTGEN 206-100] Bundling port 'in1', 'in2', 'out_r', 'size', 'num_times', 'addRandom' to AXI-Lite port control.
