

================================================================
== Synthesis Summary Report of 'vadd'
================================================================
+ General Information: 
    * Date:           Tue Oct 13 17:59:36 2020
    * Version:        2020.2 (Build 3017112 on Tue Sep 29 20:16:41 MDT 2020)
    * Project:        vadd
    * Solution:       solution (Vitis Kernel Flow Target)
    * Product family: virtexuplus
    * Target device:  xcu50-fsvh2104-2LV-e
    

+ Performance & Resource Estimates: 
    
    PS: '+' for module; 'o' for loop; '*' for dataflow
    +---------------------+------+---------+-----------+----------+---------+------+----------+----------+----+------------+------------+-------+
    |       Modules       | Issue| Latency |  Latency  | Iteration|         | Trip |          |          |    |            |            |       |
    |       & Loops       | Type | (cycles)|    (ns)   |  Latency | Interval| Count| Pipelined|   BRAM   | DSP|     FF     |     LUT    | Slack |
    +---------------------+------+---------+-----------+----------+---------+------+----------+----------+----+------------+------------+-------+
    |+ vadd               |     -|   278689|  9.289e+05|         -|   278690|     -|        no|  12 (~0%)|   -|  3375 (~0%)|  5238 (~0%)|   0.00|
    | o VITIS_LOOP_95_1   |     -|   278688|  9.289e+05|     17418|        -|    16|        no|         -|   -|           -|           -|  -2.43|
    |  o VITIS_LOOP_99_2  |     -|    17416|  5.805e+04|      4354|        -|     4|        no|         -|   -|           -|           -|  -2.43|
    |   o read1           |     -|     1025|  3.416e+03|         3|        1|  1024|       stp|         -|   -|           -|           -|  -2.43|
    |   o read2           |     -|     1025|  3.416e+03|         3|        1|  1024|       stp|         -|   -|           -|           -|  -2.43|
    |   o vadd            |     -|     1025|  3.416e+03|         3|        1|  1024|       stp|         -|   -|           -|           -|  -2.43|
    |   o write           |     -|     1025|  3.416e+03|         3|        1|  1024|       stp|         -|   -|           -|           -|  -2.43|
    +---------------------+------+---------+-----------+----------+---------+------+----------+----------+----+------------+------------+-------+

