

================================================================
== Vitis HLS Report for 'vadd'
================================================================
* Date:           Tue Oct 13 17:59:36 2020

* Version:        2020.2 (Build 3017112 on Tue Sep 29 20:16:41 MDT 2020)
* Project:        vadd
* Solution:       solution (Vitis Kernel Flow Target)
* Product family: virtexuplus
* Target device:  xcu50-fsvh2104-2LV-e


================================================================
== Performance Estimates
================================================================
+ Timing: 
    * Summary: 
    +--------+---------+----------+------------+
    |  Clock |  Target | Estimated| Uncertainty|
    +--------+---------+----------+------------+
    |ap_clk  |  3.33 ns|  2.433 ns|     0.90 ns|
    +--------+---------+----------+------------+

+ Latency: 
    * Summary: 
    +---------+---------+----------+----------+-----+--------+---------+
    |  Latency (cycles) |  Latency (absolute) |   Interval   | Pipeline|
    |   min   |   max   |    min   |    max   | min |   max  |   Type  |
    +---------+---------+----------+----------+-----+--------+---------+
    |      289|   278689|  0.963 us|  0.929 ms|  290|  278690|     none|
    +---------+---------+----------+----------+-----+--------+---------+

    + Detail: 
        * Instance: 
        N/A

        * Loop: 
        +--------------------+---------+---------+------------+-----------+-----------+------+----------+
        |                    |  Latency (cycles) |  Iteration |  Initiation Interval  | Trip |          |
        |      Loop Name     |   min   |   max   |   Latency  |  achieved |   target  | Count| Pipelined|
        +--------------------+---------+---------+------------+-----------+-----------+------+----------+
        |- VITIS_LOOP_95_1   |      288|   278688|  18 ~ 17418|          -|          -|    16|        no|
        | + VITIS_LOOP_99_2  |       16|    17416|    4 ~ 4354|          -|          -|     4|        no|
        |  ++ read1          |     1025|     1025|           3|          1|          1|  1024|       stp|
        |  ++ read2          |     1025|     1025|           3|          1|          1|  1024|       stp|
        |  ++ vadd           |     1025|     1025|           3|          1|          1|  1024|       stp|
        |  ++ write          |     1025|     1025|           3|          1|          1|  1024|       stp|
        +--------------------+---------+---------+------------+-----------+-----------+------+----------+



================================================================
== Utilization Estimates
================================================================
* Summary: 
+---------------------+---------+------+---------+--------+-----+
|         Name        | BRAM_18K|  DSP |    FF   |   LUT  | URAM|
+---------------------+---------+------+---------+--------+-----+
|DSP                  |        -|     -|        -|       -|    -|
|Expression           |        -|     -|        0|    1063|    -|
|FIFO                 |        -|     -|        -|       -|    -|
|Instance             |        6|     -|     2259|    2532|    -|
|Memory               |        6|     -|        0|       0|    -|
|Multiplexer          |        -|     -|        -|    1643|    -|
|Register             |        -|     -|     1116|       -|    -|
+---------------------+---------+------+---------+--------+-----+
|Total                |       12|     0|     3375|    5238|    0|
+---------------------+---------+------+---------+--------+-----+
|Available SLR        |     1344|  2976|   871680|  435840|  320|
+---------------------+---------+------+---------+--------+-----+
|Utilization SLR (%)  |       ~0|     0|       ~0|       1|    0|
+---------------------+---------+------+---------+--------+-----+
|Available            |     2688|  5952|  1743360|  871680|  640|
+---------------------+---------+------+---------+--------+-----+
|Utilization (%)      |       ~0|     0|       ~0|      ~0|    0|
+---------------------+---------+------+---------+--------+-----+

+ Detail: 
    * Instance: 
    +-------------------------------+----------------------------+---------+----+-----+-----+-----+
    |            Instance           |           Module           | BRAM_18K| DSP|  FF | LUT | URAM|
    +-------------------------------+----------------------------+---------+----+-----+-----+-----+
    |control_s_axi_U                |control_s_axi               |        0|   0|  329|  554|    0|
    |gmem0_m_axi_U                  |gmem0_m_axi                 |        2|   0|  512|  580|    0|
    |gmem1_m_axi_U                  |gmem1_m_axi                 |        2|   0|  512|  580|    0|
    |gmem2_m_axi_U                  |gmem2_m_axi                 |        2|   0|  512|  580|    0|
    |urem_32ns_32ns_32_36_seq_1_U1  |urem_32ns_32ns_32_36_seq_1  |        0|   0|  394|  238|    0|
    +-------------------------------+----------------------------+---------+----+-----+-----+-----+
    |Total                          |                            |        6|   0| 2259| 2532|    0|
    +-------------------------------+----------------------------+---------+----+-----+-----+-----+

    * DSP: 
    N/A

    * Memory: 
    +---------------+-----------+---------+---+----+-----+------+-----+------+-------------+
    |     Memory    |   Module  | BRAM_18K| FF| LUT| URAM| Words| Bits| Banks| W*Bits*Banks|
    +---------------+-----------+---------+---+----+-----+------+-----+------+-------------+
    |v1_buffer_U    |v1_buffer  |        2|  0|   0|    0|  1024|   32|     1|        32768|
    |v2_buffer_U    |v1_buffer  |        2|  0|   0|    0|  1024|   32|     1|        32768|
    |vout_buffer_U  |v1_buffer  |        2|  0|   0|    0|  1024|   32|     1|        32768|
    +---------------+-----------+---------+---+----+-----+------+-----+------+-------------+
    |Total          |           |        6|  0|   0|    0|  3072|   96|     3|        98304|
    +---------------+-----------+---------+---+----+-----+------+-----+------+-------------+

    * FIFO: 
    N/A

    * Expression: 
    +------------------------------------+----------+----+---+----+------------+------------+
    |            Variable Name           | Operation| DSP| FF| LUT| Bitwidth P0| Bitwidth P1|
    +------------------------------------+----------+----+---+----+------------+------------+
    |add_ln106_fu_558_p2                 |         +|   0|  0|  39|          32|          11|
    |add_ln109_1_fu_652_p2               |         +|   0|  0|  18|          11|           1|
    |add_ln109_fu_599_p2                 |         +|   0|  0|  71|          64|          64|
    |add_ln114_1_fu_696_p2               |         +|   0|  0|  18|          11|           1|
    |add_ln114_fu_672_p2                 |         +|   0|  0|  71|          64|          64|
    |add_ln122_fu_716_p2                 |         +|   0|  0|  18|          11|           1|
    |add_ln126_fu_737_p2                 |         +|   0|  0|  39|          32|          32|
    |add_ln129_1_fu_767_p2               |         +|   0|  0|  18|          11|           1|
    |add_ln129_fu_743_p2                 |         +|   0|  0|  71|          64|          64|
    |add_ln99_fu_413_p2                  |         +|   0|  0|  39|          32|          10|
    |count_1_fu_395_p2                   |         +|   0|  0|  39|          32|           1|
    |i_1_fu_787_p2                       |         +|   0|  0|  39|          32|          11|
    |sub_ln106_fu_569_p2                 |         -|   0|  0|  39|          32|          32|
    |sub_ln109_1_fu_646_p2               |         -|   0|  0|  39|          32|          32|
    |sub_ln109_fu_624_p2                 |         -|   0|  0|  39|          12|          32|
    |sub_ln99_1_fu_441_p2                |         -|   0|  0|  29|           1|          22|
    |sub_ln99_fu_426_p2                  |         -|   0|  0|  39|          11|          32|
    |ap_block_pp0_stage0_11001           |       and|   0|  0|   2|           1|           1|
    |ap_block_pp1_stage0_11001           |       and|   0|  0|   2|           1|           1|
    |ap_block_pp3_stage0_11001           |       and|   0|  0|   2|           1|           1|
    |ap_block_state112_pp0_stage0_iter1  |       and|   0|  0|   2|           1|           1|
    |ap_block_state186_pp1_stage0_iter1  |       and|   0|  0|   2|           1|           1|
    |ap_block_state196_io                |       and|   0|  0|   2|           1|           1|
    |ap_block_state264                   |       and|   0|  0|   2|           1|           1|
    |ap_ext_blocking_cur_n               |       and|   0|  0|   2|           1|           1|
    |ap_ext_blocking_n                   |       and|   0|  0|   2|           1|           2|
    |ap_int_blocking_n                   |       and|   0|  0|   2|           2|           2|
    |ap_str_blocking_n                   |       and|   0|  0|   2|           2|           2|
    |empty_29_fu_636_p2                  |      icmp|   0|  0|  20|          32|          32|
    |icmp_ln106_fu_564_p2                |      icmp|   0|  0|  20|          32|          32|
    |icmp_ln109_1_fu_662_p2              |      icmp|   0|  0|  20|          32|          32|
    |icmp_ln109_fu_582_p2                |      icmp|   0|  0|  20|          32|           1|
    |icmp_ln114_fu_706_p2                |      icmp|   0|  0|  20|          32|          32|
    |icmp_ln122_fu_726_p2                |      icmp|   0|  0|  20|          32|          32|
    |icmp_ln129_fu_777_p2                |      icmp|   0|  0|  20|          32|          32|
    |icmp_ln95_fu_401_p2                 |      icmp|   0|  0|  20|          32|          32|
    |icmp_ln99_fu_481_p2                 |      icmp|   0|  0|  20|          32|          32|
    |ap_block_state1                     |        or|   0|  0|   2|           1|           1|
    |chunk_size_fu_574_p3                |    select|   0|  0|  32|           1|          32|
    |select_ln99_1_fu_465_p3             |    select|   0|  0|  22|           1|           1|
    |select_ln99_fu_457_p3               |    select|   0|  0|  22|           1|          22|
    |smax7_fu_640_p3                     |    select|   0|  0|  32|           1|          32|
    |ap_enable_pp0                       |       xor|   0|  0|   2|           1|           2|
    |ap_enable_pp1                       |       xor|   0|  0|   2|           1|           2|
    |ap_enable_pp2                       |       xor|   0|  0|   2|           1|           2|
    |ap_enable_pp3                       |       xor|   0|  0|   2|           1|           2|
    |ap_enable_reg_pp0_iter1             |       xor|   0|  0|   2|           2|           1|
    |ap_enable_reg_pp1_iter1             |       xor|   0|  0|   2|           2|           1|
    |ap_enable_reg_pp2_iter1             |       xor|   0|  0|   2|           2|           1|
    |ap_enable_reg_pp3_iter1             |       xor|   0|  0|   2|           2|           1|
    |new_bit_fu_529_p2                   |       xor|   0|  0|   2|           1|           1|
    |xor_ln109_fu_630_p2                 |       xor|   0|  0|  32|          32|           2|
    |xor_ln61_1_fu_515_p2                |       xor|   0|  0|   2|           1|           1|
    |xor_ln61_fu_509_p2                  |       xor|   0|  0|   2|           1|           1|
    |xor_ln95_fu_384_p2                  |       xor|   0|  0|  32|          32|           2|
    +------------------------------------+----------+----+---+----+------------+------------+
    |Total                               |          |   0|  0|1063|         869|         789|
    +------------------------------------+----------+----+---+----+------------+------------+

    * Multiplexer: 
    +------------------------------+------+-----------+-----+-----------+
    |             Name             |  LUT | Input Size| Bits| Total Bits|
    +------------------------------+------+-----------+-----+-----------+
    |ap_NS_fsm                     |  1367|        257|    1|        257|
    |ap_done                       |     9|          2|    1|          2|
    |ap_enable_reg_pp0_iter1       |     9|          2|    1|          2|
    |ap_enable_reg_pp0_iter2       |     9|          2|    1|          2|
    |ap_enable_reg_pp1_iter1       |     9|          2|    1|          2|
    |ap_enable_reg_pp1_iter2       |     9|          2|    1|          2|
    |ap_enable_reg_pp2_iter1       |     9|          2|    1|          2|
    |ap_enable_reg_pp2_iter2       |     9|          2|    1|          2|
    |ap_enable_reg_pp3_iter1       |     9|          2|    1|          2|
    |ap_enable_reg_pp3_iter2       |     9|          2|    1|          2|
    |ap_phi_mux_j_1_phi_fu_354_p4  |     9|          2|   11|         22|
    |ap_phi_mux_j_phi_fu_342_p4    |     9|          2|   11|         22|
    |count_reg_304                 |     9|          2|   32|         64|
    |gmem0_blk_n_AR                |     9|          2|    1|          2|
    |gmem0_blk_n_R                 |     9|          2|    1|          2|
    |gmem1_blk_n_AR                |     9|          2|    1|          2|
    |gmem1_blk_n_R                 |     9|          2|    1|          2|
    |gmem2_blk_n_AW                |     9|          2|    1|          2|
    |gmem2_blk_n_B                 |     9|          2|    1|          2|
    |gmem2_blk_n_W                 |     9|          2|    1|          2|
    |i_reg_315                     |     9|          2|   32|         64|
    |in_index_reg_327              |     9|          2|   32|         64|
    |j_1_reg_350                   |     9|          2|   11|         22|
    |j_2_reg_362                   |     9|          2|   11|         22|
    |j_3_reg_373                   |     9|          2|   11|         22|
    |j_reg_338                     |     9|          2|   11|         22|
    |p_Val2_s_fu_158               |     9|          2|   32|         64|
    |v1_buffer_address0            |    14|          3|   10|         30|
    |v2_buffer_address0            |    14|          3|   10|         30|
    |vout_buffer_address0          |    14|          3|   10|         30|
    +------------------------------+------+-----------+-----+-----------+
    |Total                         |  1643|        318|  241|        767|
    +------------------------------+------+-----------+-----+-----------+

    * Register: 
    +------------------------------------+-----+----+-----+-----------+
    |                Name                |  FF | LUT| Bits| Const Bits|
    +------------------------------------+-----+----+-----+-----------+
    |add_ln109_1_reg_909                 |   11|   0|   11|          0|
    |add_ln114_1_reg_929                 |   11|   0|   11|          0|
    |add_ln126_reg_967                   |   32|   0|   32|          0|
    |ap_CS_fsm                           |  256|   0|  256|          0|
    |ap_done_reg                         |    1|   0|    1|          0|
    |ap_enable_reg_pp0_iter0             |    1|   0|    1|          0|
    |ap_enable_reg_pp0_iter1             |    1|   0|    1|          0|
    |ap_enable_reg_pp0_iter2             |    1|   0|    1|          0|
    |ap_enable_reg_pp1_iter0             |    1|   0|    1|          0|
    |ap_enable_reg_pp1_iter1             |    1|   0|    1|          0|
    |ap_enable_reg_pp1_iter2             |    1|   0|    1|          0|
    |ap_enable_reg_pp2_iter0             |    1|   0|    1|          0|
    |ap_enable_reg_pp2_iter1             |    1|   0|    1|          0|
    |ap_enable_reg_pp2_iter2             |    1|   0|    1|          0|
    |ap_enable_reg_pp3_iter0             |    1|   0|    1|          0|
    |ap_enable_reg_pp3_iter1             |    1|   0|    1|          0|
    |ap_enable_reg_pp3_iter2             |    1|   0|    1|          0|
    |ap_ext_blocking_n_reg               |    1|   0|    1|          0|
    |ap_int_blocking_n_reg               |    0|   0|    1|          1|
    |ap_rst_n_inv                        |    1|   0|    1|          0|
    |ap_rst_reg_1                        |    1|   0|    1|          0|
    |ap_rst_reg_2                        |    1|   0|    1|          0|
    |ap_str_blocking_n_reg               |    0|   0|    1|          1|
    |chunk_size_reg_871                  |   32|   0|   32|          0|
    |count_1_reg_844                     |   32|   0|   32|          0|
    |count_reg_304                       |   32|   0|   32|          0|
    |gmem0_addr_read_reg_918             |   32|   0|   32|          0|
    |gmem0_addr_reg_889                  |   64|   0|   64|          0|
    |gmem1_addr_read_reg_938             |   32|   0|   32|          0|
    |gmem1_addr_reg_923                  |   64|   0|   64|          0|
    |gmem2_addr_reg_972                  |   64|   0|   64|          0|
    |i_reg_315                           |   32|   0|   32|          0|
    |icmp_ln109_1_reg_914                |    1|   0|    1|          0|
    |icmp_ln109_1_reg_914_pp0_iter1_reg  |    1|   0|    1|          0|
    |icmp_ln109_reg_879                  |    1|   0|    1|          0|
    |icmp_ln114_reg_934                  |    1|   0|    1|          0|
    |icmp_ln114_reg_934_pp1_iter1_reg    |    1|   0|    1|          0|
    |icmp_ln122_reg_948                  |    1|   0|    1|          0|
    |icmp_ln122_reg_948_pp2_iter1_reg    |    1|   0|    1|          0|
    |icmp_ln129_reg_983                  |    1|   0|    1|          0|
    |icmp_ln129_reg_983_pp3_iter1_reg    |    1|   0|    1|          0|
    |in_index_reg_327                    |   32|   0|   32|          0|
    |j_1_reg_350                         |   11|   0|   11|          0|
    |j_1_reg_350_pp1_iter1_reg           |   11|   0|   11|          0|
    |j_2_reg_362                         |   11|   0|   11|          0|
    |j_3_reg_373                         |   11|   0|   11|          0|
    |j_reg_338                           |   11|   0|   11|          0|
    |j_reg_338_pp0_iter1_reg             |   11|   0|   11|          0|
    |p_Result_s_reg_860                  |   32|   0|   32|          0|
    |p_Val2_s_fu_158                     |   32|   0|   32|          0|
    |sext_ln109_reg_883                  |   62|   0|   64|          2|
    |sub_ln109_1_reg_901                 |   32|   0|   32|          0|
    |sub_ln109_reg_895                   |   32|   0|   32|          0|
    |tmp_3_reg_852                       |   22|   0|   32|         10|
    |vout_buffer_load_reg_992            |   32|   0|   32|          0|
    |xor_ln95_reg_838                    |   32|   0|   32|          0|
    |zext_ln122_reg_952                  |   11|   0|   64|         53|
    |zext_ln122_reg_952_pp2_iter1_reg    |   11|   0|   64|         53|
    +------------------------------------+-----+----+-----+-----------+
    |Total                               | 1116|   0| 1236|        120|
    +------------------------------------+-----+----+-----+-----------+



================================================================
== Interface
================================================================
* Summary: 
+-----------------------+-----+-----+---------------+--------------+--------------+
|       RTL Ports       | Dir | Bits|    Protocol   | Source Object|    C Type    |
+-----------------------+-----+-----+---------------+--------------+--------------+
|s_axi_control_AWVALID  |   in|    1|          s_axi|       control|        scalar|
|s_axi_control_AWREADY  |  out|    1|          s_axi|       control|        scalar|
|s_axi_control_AWADDR   |   in|    7|          s_axi|       control|        scalar|
|s_axi_control_WVALID   |   in|    1|          s_axi|       control|        scalar|
|s_axi_control_WREADY   |  out|    1|          s_axi|       control|        scalar|
|s_axi_control_WDATA    |   in|   32|          s_axi|       control|        scalar|
|s_axi_control_WSTRB    |   in|    4|          s_axi|       control|        scalar|
|s_axi_control_ARVALID  |   in|    1|          s_axi|       control|        scalar|
|s_axi_control_ARREADY  |  out|    1|          s_axi|       control|        scalar|
|s_axi_control_ARADDR   |   in|    7|          s_axi|       control|        scalar|
|s_axi_control_RVALID   |  out|    1|          s_axi|       control|        scalar|
|s_axi_control_RREADY   |   in|    1|          s_axi|       control|        scalar|
|s_axi_control_RDATA    |  out|   32|          s_axi|       control|        scalar|
|s_axi_control_RRESP    |  out|    2|          s_axi|       control|        scalar|
|s_axi_control_BVALID   |  out|    1|          s_axi|       control|        scalar|
|s_axi_control_BREADY   |   in|    1|          s_axi|       control|        scalar|
|s_axi_control_BRESP    |  out|    2|          s_axi|       control|        scalar|
|ap_clk                 |   in|    1|  ap_ctrl_chain|          vadd|  return value|
|ap_rst_n               |   in|    1|  ap_ctrl_chain|          vadd|  return value|
|event_done             |  out|    1|  ap_ctrl_chain|          vadd|  return value|
|interrupt              |  out|    1|  ap_ctrl_chain|          vadd|  return value|
|event_start            |  out|    1|  ap_ctrl_chain|          vadd|  return value|
|stall_start_ext        |  out|    1|  ap_ctrl_chain|          vadd|  return value|
|stall_done_ext         |  out|    1|  ap_ctrl_chain|          vadd|  return value|
|stall_start_str        |  out|    1|  ap_ctrl_chain|          vadd|  return value|
|stall_done_str         |  out|    1|  ap_ctrl_chain|          vadd|  return value|
|stall_start_int        |  out|    1|  ap_ctrl_chain|          vadd|  return value|
|stall_done_int         |  out|    1|  ap_ctrl_chain|          vadd|  return value|
|m_axi_gmem0_AWVALID    |  out|    1|          m_axi|         gmem0|       pointer|
|m_axi_gmem0_AWREADY    |   in|    1|          m_axi|         gmem0|       pointer|
|m_axi_gmem0_AWADDR     |  out|   64|          m_axi|         gmem0|       pointer|
|m_axi_gmem0_AWID       |  out|    1|          m_axi|         gmem0|       pointer|
|m_axi_gmem0_AWLEN      |  out|    8|          m_axi|         gmem0|       pointer|
|m_axi_gmem0_AWSIZE     |  out|    3|          m_axi|         gmem0|       pointer|
|m_axi_gmem0_AWBURST    |  out|    2|          m_axi|         gmem0|       pointer|
|m_axi_gmem0_AWLOCK     |  out|    2|          m_axi|         gmem0|       pointer|
|m_axi_gmem0_AWCACHE    |  out|    4|          m_axi|         gmem0|       pointer|
|m_axi_gmem0_AWPROT     |  out|    3|          m_axi|         gmem0|       pointer|
|m_axi_gmem0_AWQOS      |  out|    4|          m_axi|         gmem0|       pointer|
|m_axi_gmem0_AWREGION   |  out|    4|          m_axi|         gmem0|       pointer|
|m_axi_gmem0_AWUSER     |  out|    1|          m_axi|         gmem0|       pointer|
|m_axi_gmem0_WVALID     |  out|    1|          m_axi|         gmem0|       pointer|
|m_axi_gmem0_WREADY     |   in|    1|          m_axi|         gmem0|       pointer|
|m_axi_gmem0_WDATA      |  out|   32|          m_axi|         gmem0|       pointer|
|m_axi_gmem0_WSTRB      |  out|    4|          m_axi|         gmem0|       pointer|
|m_axi_gmem0_WLAST      |  out|    1|          m_axi|         gmem0|       pointer|
|m_axi_gmem0_WID        |  out|    1|          m_axi|         gmem0|       pointer|
|m_axi_gmem0_WUSER      |  out|    1|          m_axi|         gmem0|       pointer|
|m_axi_gmem0_ARVALID    |  out|    1|          m_axi|         gmem0|       pointer|
|m_axi_gmem0_ARREADY    |   in|    1|          m_axi|         gmem0|       pointer|
|m_axi_gmem0_ARADDR     |  out|   64|          m_axi|         gmem0|       pointer|
|m_axi_gmem0_ARID       |  out|    1|          m_axi|         gmem0|       pointer|
|m_axi_gmem0_ARLEN      |  out|    8|          m_axi|         gmem0|       pointer|
|m_axi_gmem0_ARSIZE     |  out|    3|          m_axi|         gmem0|       pointer|
|m_axi_gmem0_ARBURST    |  out|    2|          m_axi|         gmem0|       pointer|
|m_axi_gmem0_ARLOCK     |  out|    2|          m_axi|         gmem0|       pointer|
|m_axi_gmem0_ARCACHE    |  out|    4|          m_axi|         gmem0|       pointer|
|m_axi_gmem0_ARPROT     |  out|    3|          m_axi|         gmem0|       pointer|
|m_axi_gmem0_ARQOS      |  out|    4|          m_axi|         gmem0|       pointer|
|m_axi_gmem0_ARREGION   |  out|    4|          m_axi|         gmem0|       pointer|
|m_axi_gmem0_ARUSER     |  out|    1|          m_axi|         gmem0|       pointer|
|m_axi_gmem0_RVALID     |   in|    1|          m_axi|         gmem0|       pointer|
|m_axi_gmem0_RREADY     |  out|    1|          m_axi|         gmem0|       pointer|
|m_axi_gmem0_RDATA      |   in|   32|          m_axi|         gmem0|       pointer|
|m_axi_gmem0_RLAST      |   in|    1|          m_axi|         gmem0|       pointer|
|m_axi_gmem0_RID        |   in|    1|          m_axi|         gmem0|       pointer|
|m_axi_gmem0_RUSER      |   in|    1|          m_axi|         gmem0|       pointer|
|m_axi_gmem0_RRESP      |   in|    2|          m_axi|         gmem0|       pointer|
|m_axi_gmem0_BVALID     |   in|    1|          m_axi|         gmem0|       pointer|
|m_axi_gmem0_BREADY     |  out|    1|          m_axi|         gmem0|       pointer|
|m_axi_gmem0_BRESP      |   in|    2|          m_axi|         gmem0|       pointer|
|m_axi_gmem0_BID        |   in|    1|          m_axi|         gmem0|       pointer|
|m_axi_gmem0_BUSER      |   in|    1|          m_axi|         gmem0|       pointer|
|m_axi_gmem1_AWVALID    |  out|    1|          m_axi|         gmem1|       pointer|
|m_axi_gmem1_AWREADY    |   in|    1|          m_axi|         gmem1|       pointer|
|m_axi_gmem1_AWADDR     |  out|   64|          m_axi|         gmem1|       pointer|
|m_axi_gmem1_AWID       |  out|    1|          m_axi|         gmem1|       pointer|
|m_axi_gmem1_AWLEN      |  out|    8|          m_axi|         gmem1|       pointer|
|m_axi_gmem1_AWSIZE     |  out|    3|          m_axi|         gmem1|       pointer|
|m_axi_gmem1_AWBURST    |  out|    2|          m_axi|         gmem1|       pointer|
|m_axi_gmem1_AWLOCK     |  out|    2|          m_axi|         gmem1|       pointer|
|m_axi_gmem1_AWCACHE    |  out|    4|          m_axi|         gmem1|       pointer|
|m_axi_gmem1_AWPROT     |  out|    3|          m_axi|         gmem1|       pointer|
|m_axi_gmem1_AWQOS      |  out|    4|          m_axi|         gmem1|       pointer|
|m_axi_gmem1_AWREGION   |  out|    4|          m_axi|         gmem1|       pointer|
|m_axi_gmem1_AWUSER     |  out|    1|          m_axi|         gmem1|       pointer|
|m_axi_gmem1_WVALID     |  out|    1|          m_axi|         gmem1|       pointer|
|m_axi_gmem1_WREADY     |   in|    1|          m_axi|         gmem1|       pointer|
|m_axi_gmem1_WDATA      |  out|   32|          m_axi|         gmem1|       pointer|
|m_axi_gmem1_WSTRB      |  out|    4|          m_axi|         gmem1|       pointer|
|m_axi_gmem1_WLAST      |  out|    1|          m_axi|         gmem1|       pointer|
|m_axi_gmem1_WID        |  out|    1|          m_axi|         gmem1|       pointer|
|m_axi_gmem1_WUSER      |  out|    1|          m_axi|         gmem1|       pointer|
|m_axi_gmem1_ARVALID    |  out|    1|          m_axi|         gmem1|       pointer|
|m_axi_gmem1_ARREADY    |   in|    1|          m_axi|         gmem1|       pointer|
|m_axi_gmem1_ARADDR     |  out|   64|          m_axi|         gmem1|       pointer|
|m_axi_gmem1_ARID       |  out|    1|          m_axi|         gmem1|       pointer|
|m_axi_gmem1_ARLEN      |  out|    8|          m_axi|         gmem1|       pointer|
|m_axi_gmem1_ARSIZE     |  out|    3|          m_axi|         gmem1|       pointer|
|m_axi_gmem1_ARBURST    |  out|    2|          m_axi|         gmem1|       pointer|
|m_axi_gmem1_ARLOCK     |  out|    2|          m_axi|         gmem1|       pointer|
|m_axi_gmem1_ARCACHE    |  out|    4|          m_axi|         gmem1|       pointer|
|m_axi_gmem1_ARPROT     |  out|    3|          m_axi|         gmem1|       pointer|
|m_axi_gmem1_ARQOS      |  out|    4|          m_axi|         gmem1|       pointer|
|m_axi_gmem1_ARREGION   |  out|    4|          m_axi|         gmem1|       pointer|
|m_axi_gmem1_ARUSER     |  out|    1|          m_axi|         gmem1|       pointer|
|m_axi_gmem1_RVALID     |   in|    1|          m_axi|         gmem1|       pointer|
|m_axi_gmem1_RREADY     |  out|    1|          m_axi|         gmem1|       pointer|
|m_axi_gmem1_RDATA      |   in|   32|          m_axi|         gmem1|       pointer|
|m_axi_gmem1_RLAST      |   in|    1|          m_axi|         gmem1|       pointer|
|m_axi_gmem1_RID        |   in|    1|          m_axi|         gmem1|       pointer|
|m_axi_gmem1_RUSER      |   in|    1|          m_axi|         gmem1|       pointer|
|m_axi_gmem1_RRESP      |   in|    2|          m_axi|         gmem1|       pointer|
|m_axi_gmem1_BVALID     |   in|    1|          m_axi|         gmem1|       pointer|
|m_axi_gmem1_BREADY     |  out|    1|          m_axi|         gmem1|       pointer|
|m_axi_gmem1_BRESP      |   in|    2|          m_axi|         gmem1|       pointer|
|m_axi_gmem1_BID        |   in|    1|          m_axi|         gmem1|       pointer|
|m_axi_gmem1_BUSER      |   in|    1|          m_axi|         gmem1|       pointer|
|m_axi_gmem2_AWVALID    |  out|    1|          m_axi|         gmem2|       pointer|
|m_axi_gmem2_AWREADY    |   in|    1|          m_axi|         gmem2|       pointer|
|m_axi_gmem2_AWADDR     |  out|   64|          m_axi|         gmem2|       pointer|
|m_axi_gmem2_AWID       |  out|    1|          m_axi|         gmem2|       pointer|
|m_axi_gmem2_AWLEN      |  out|    8|          m_axi|         gmem2|       pointer|
|m_axi_gmem2_AWSIZE     |  out|    3|          m_axi|         gmem2|       pointer|
|m_axi_gmem2_AWBURST    |  out|    2|          m_axi|         gmem2|       pointer|
|m_axi_gmem2_AWLOCK     |  out|    2|          m_axi|         gmem2|       pointer|
|m_axi_gmem2_AWCACHE    |  out|    4|          m_axi|         gmem2|       pointer|
|m_axi_gmem2_AWPROT     |  out|    3|          m_axi|         gmem2|       pointer|
|m_axi_gmem2_AWQOS      |  out|    4|          m_axi|         gmem2|       pointer|
|m_axi_gmem2_AWREGION   |  out|    4|          m_axi|         gmem2|       pointer|
|m_axi_gmem2_AWUSER     |  out|    1|          m_axi|         gmem2|       pointer|
|m_axi_gmem2_WVALID     |  out|    1|          m_axi|         gmem2|       pointer|
|m_axi_gmem2_WREADY     |   in|    1|          m_axi|         gmem2|       pointer|
|m_axi_gmem2_WDATA      |  out|   32|          m_axi|         gmem2|       pointer|
|m_axi_gmem2_WSTRB      |  out|    4|          m_axi|         gmem2|       pointer|
|m_axi_gmem2_WLAST      |  out|    1|          m_axi|         gmem2|       pointer|
|m_axi_gmem2_WID        |  out|    1|          m_axi|         gmem2|       pointer|
|m_axi_gmem2_WUSER      |  out|    1|          m_axi|         gmem2|       pointer|
|m_axi_gmem2_ARVALID    |  out|    1|          m_axi|         gmem2|       pointer|
|m_axi_gmem2_ARREADY    |   in|    1|          m_axi|         gmem2|       pointer|
|m_axi_gmem2_ARADDR     |  out|   64|          m_axi|         gmem2|       pointer|
|m_axi_gmem2_ARID       |  out|    1|          m_axi|         gmem2|       pointer|
|m_axi_gmem2_ARLEN      |  out|    8|          m_axi|         gmem2|       pointer|
|m_axi_gmem2_ARSIZE     |  out|    3|          m_axi|         gmem2|       pointer|
|m_axi_gmem2_ARBURST    |  out|    2|          m_axi|         gmem2|       pointer|
|m_axi_gmem2_ARLOCK     |  out|    2|          m_axi|         gmem2|       pointer|
|m_axi_gmem2_ARCACHE    |  out|    4|          m_axi|         gmem2|       pointer|
|m_axi_gmem2_ARPROT     |  out|    3|          m_axi|         gmem2|       pointer|
|m_axi_gmem2_ARQOS      |  out|    4|          m_axi|         gmem2|       pointer|
|m_axi_gmem2_ARREGION   |  out|    4|          m_axi|         gmem2|       pointer|
|m_axi_gmem2_ARUSER     |  out|    1|          m_axi|         gmem2|       pointer|
|m_axi_gmem2_RVALID     |   in|    1|          m_axi|         gmem2|       pointer|
|m_axi_gmem2_RREADY     |  out|    1|          m_axi|         gmem2|       pointer|
|m_axi_gmem2_RDATA      |   in|   32|          m_axi|         gmem2|       pointer|
|m_axi_gmem2_RLAST      |   in|    1|          m_axi|         gmem2|       pointer|
|m_axi_gmem2_RID        |   in|    1|          m_axi|         gmem2|       pointer|
|m_axi_gmem2_RUSER      |   in|    1|          m_axi|         gmem2|       pointer|
|m_axi_gmem2_RRESP      |   in|    2|          m_axi|         gmem2|       pointer|
|m_axi_gmem2_BVALID     |   in|    1|          m_axi|         gmem2|       pointer|
|m_axi_gmem2_BREADY     |  out|    1|          m_axi|         gmem2|       pointer|
|m_axi_gmem2_BRESP      |   in|    2|          m_axi|         gmem2|       pointer|
|m_axi_gmem2_BID        |   in|    1|          m_axi|         gmem2|       pointer|
|m_axi_gmem2_BUSER      |   in|    1|          m_axi|         gmem2|       pointer|
+-----------------------+-----+-----+---------------+--------------+--------------+

