Copyright 1986-2020 Xilinx, Inc. All Rights Reserved.
-------------------------------------------------------------------------------------------------------------------------------------------------------------
| Tool Version : Vivado v.2020.2 (lin64) Build 3017112 Tue Sep 29 20:16:41 MDT 2020
| Date         : Tue Oct 13 18:52:57 2020
| Host         : xcoswappshp385-2 running 64-bit Ubuntu 18.04.4 LTS
| Command      : report_accelerator_utilization -kernels { vadd:level0_i/ulp/vadd_1/inst:vadd_1} -file kernel_util_routed.rpt -name kernel_util_routed -json
| Design       : level0_wrapper
| Device       : xcu50
| Design State : Routed
-------------------------------------------------------------------------------------------------------------------------------------------------------------

Accelerator Utilization Design Information

Table of Contents
-----------------
1. System Utilization

1. System Utilization
---------------------

+---------------------+------------------+------------------+-------------------+----------------+---------------+----------------+
| Name                | LUT              | LUTAsMem         | REG               | BRAM           | URAM          | DSP            |
+---------------------+------------------+------------------+-------------------+----------------+---------------+----------------+
| Platform            |  73019 [  8.39%] |   8623 [  2.14%] |  105078 [  6.03%] |  138 [ 10.27%] |   0 [  0.00%] |    4 [  0.07%] |
| User Budget         | 797701 [100.00%] | 394097 [100.00%] | 1636362 [100.00%] | 1206 [100.00%] | 640 [100.00%] | 5948 [100.00%] |
|    Used Resources   |   3802 [  0.48%] |    915 [  0.23%] |    4665 [  0.29%] |    4 [  0.33%] |   0 [  0.00%] |    0 [  0.00%] |
|    Unused Resources | 793899 [ 99.52%] | 393182 [ 99.77%] | 1631697 [ 99.71%] | 1202 [ 99.67%] | 640 [100.00%] | 5948 [100.00%] |
| vadd                |   3802 [  0.48%] |    915 [  0.23%] |    4665 [  0.29%] |    4 [  0.33%] |   0 [  0.00%] |    0 [  0.00%] |
|    vadd_1           |   3802 [  0.48%] |    915 [  0.23%] |    4665 [  0.29%] |    4 [  0.33%] |   0 [  0.00%] |    0 [  0.00%] |
+---------------------+------------------+------------------+-------------------+----------------+---------------+----------------+


