Copyright 1986-2020 Xilinx, Inc. All Rights Reserved.
---------------------------------------------------------------------------------------------------------------------------------------------------------------
| Tool Version : Vivado v.2020.2 (lin64) Build 3017112 Tue Sep 29 20:16:41 MDT 2020
| Date         : Tue Oct 13 18:18:07 2020
| Host         : xcoswappshp385-2 running 64-bit Ubuntu 18.04.4 LTS
| Command      : report_accelerator_utilization -kernels { vadd:level0_i/ulp/vadd_1/inst:vadd_1} -file kernel_util_synthed.rpt -name kernel_util_synthed -json
| Design       : level0_wrapper
| Device       : xcu50
| Design State : Synthesized
---------------------------------------------------------------------------------------------------------------------------------------------------------------

Accelerator Utilization Design Information

Table of Contents
-----------------
1. System Utilization

1. System Utilization
---------------------

+---------------------+------------------+------------------+-------------------+----------------+---------------+----------------+
| Name                | LUT              | LUTAsMem         | REG               | BRAM           | URAM          | DSP            |
+---------------------+------------------+------------------+-------------------+----------------+---------------+----------------+
| Platform            |  81154 [  9.32%] |   9214 [  2.29%] |  111774 [  6.42%] |  146 [ 10.86%] |   0 [  0.00%] |    4 [  0.07%] |
| User Budget         | 789566 [100.00%] | 393506 [100.00%] | 1629666 [100.00%] | 1198 [100.00%] | 640 [100.00%] | 5948 [100.00%] |
|    Used Resources   |   3855 [  0.49%] |    963 [  0.24%] |    4666 [  0.29%] |    4 [  0.33%] |   0 [  0.00%] |    0 [  0.00%] |
|    Unused Resources | 785711 [ 99.51%] | 392543 [ 99.76%] | 1625000 [ 99.71%] | 1194 [ 99.67%] | 640 [100.00%] | 5948 [100.00%] |
| vadd                |   3855 [  0.49%] |    963 [  0.24%] |    4666 [  0.29%] |    4 [  0.33%] |   0 [  0.00%] |    0 [  0.00%] |
|    vadd_1           |   3855 [  0.49%] |    963 [  0.24%] |    4666 [  0.29%] |    4 [  0.33%] |   0 [  0.00%] |    0 [  0.00%] |
+---------------------+------------------+------------------+-------------------+----------------+---------------+----------------+


