INFO-FLOW: Workspace /scratch/ravic/Port_DDR_to_HBM/build/HBM2/temp_dir/vadd_hw/vadd/vadd/solution opened at Tue Oct 13 17:59:18 MDT 2020
Execute       send_msg_by_id INFO @200-1505@%s%s  vitis 
INFO: [HLS 200-1505] Using flow_target 'vitis'
Execute       get_config_interface -m_axi_latency 
Execute       send_msg_by_id INFO @200-435@%s%s 'config_flow -target' config_interface -m_axi_latency=64 
INFO: [HLS 200-435] Setting 'config_flow -target' configuration: config_interface -m_axi_latency=64
Execute       config_interface -m_axi_latency=64 
Execute       get_config_interface -m_axi_alignment_byte_size 
Execute       send_msg_by_id INFO @200-435@%s%s 'config_flow -target' config_interface -m_axi_alignment_byte_size=64 
INFO: [HLS 200-435] Setting 'config_flow -target' configuration: config_interface -m_axi_alignment_byte_size=64
Execute       config_interface -m_axi_alignment_byte_size=64 
Execute       get_config_interface -m_axi_max_widen_bitwidth 
Execute       send_msg_by_id INFO @200-435@%s%s 'config_flow -target' config_interface -m_axi_max_widen_bitwidth=512 
INFO: [HLS 200-435] Setting 'config_flow -target' configuration: config_interface -m_axi_max_widen_bitwidth=512
Execute       config_interface -m_axi_max_widen_bitwidth=512 
Execute       get_config_interface -default_interface 
INFO-FLOW: Setting macro_cmd 'config_flow -target' configuration: config_interface -default_interface=kernel
Execute       config_interface -default_interface=kernel 
Execute       get_config_interface -m_axi_offset 
Execute       send_msg_by_id INFO @200-435@%s%s 'config_flow -target' config_interface -m_axi_offset=slave 
INFO: [HLS 200-435] Setting 'config_flow -target' configuration: config_interface -m_axi_offset=slave
Execute       config_interface -m_axi_offset=slave 
Execute       get_config_rtl -register_reset_num 
Execute       send_msg_by_id INFO @200-435@%s%s 'config_flow -target' config_rtl -register_reset_num=3 
INFO: [HLS 200-435] Setting 'config_flow -target' configuration: config_rtl -register_reset_num=3
Execute       config_rtl -register_reset_num=3 
Execute     set_part xcu50-fsvh2104-2LV-e 
INFO: [HLS 200-1510] Running: set_part xcu50-fsvh2104-2LV-e 
INFO-FLOW: DBG:set_part: XILINX_VIVADO=/proj/xbuilds/SWIP/2020.2_0929_2003/installs/lin64/Vivado/2020.2
INFO-FLOW: DBG:set_part: RDI_DATADIR=/proj/xbuilds/SWIP/2020.2_0929_2003/installs/lin64/Vivado/2020.2/data:/proj/xbuilds/SWIP/2020.2_0929_2003/installs/lin64/Vitis_HLS/2020.2/data
Execute       ap_part_info -name xcu50-fsvh2104-2LV-e -data single -quiet 
Execute       ap_part_info -name xcu50-fsvh2104-2LV-e -data info 
Execute       add_library xilinx/virtexuplus/virtexuplus:xcu50:-fsvh2104:-2LV-e 
Execute         get_default_platform 
Execute         open_platform DefaultPlatform 
Execute         ap_part_info -data single -name xcu50-fsvh2104-2LV-e 
Execute         ap_part_info -name xcu50-fsvh2104-2LV-e -data resources 
Execute         config_chip_info -resource {SLICE 108960} {LUT 871680} {FF 1743360} {DSP 5952} {BRAM 2688} {URAM 640} {SLR 2} 
Execute         ap_part_info -name xcu50-fsvh2104-2LV-e -data info 
Execute         config_chip_info -speed medium 
Execute         ap_part_info -name xcu50-fsvh2104-2LV-e -data info 
Execute         config_library_info -library virtexuplus_medium 
Execute         config_library_info -family virtexuplus 
Execute         config_library_info -part xcu50:-fsvh2104:-2LV-e 
Execute         import_lib /proj/xbuilds/SWIP/2020.2_0929_2003/installs/lin64/Vitis_HLS/2020.2/common/technology/xilinx/virtexuplus/virtexuplus 
Execute           source /proj/xbuilds/SWIP/2020.2_0929_2003/installs/lin64/Vitis_HLS/2020.2/common/technology/xilinx/interface/xilinx_interface.hlp 
Execute             source /proj/xbuilds/SWIP/2020.2_0929_2003/installs/lin64/Vitis_HLS/2020.2/common/technology/xilinx/interface/maxi.hlp 
Execute             source /proj/xbuilds/SWIP/2020.2_0929_2003/installs/lin64/Vitis_HLS/2020.2/common/technology/xilinx/interface/saxilite.hlp 
Execute           source /proj/xbuilds/SWIP/2020.2_0929_2003/installs/lin64/Vitis_HLS/2020.2/common/technology/xilinx/DSP48/dsp48.hlp 
Execute           source /proj/xbuilds/SWIP/2020.2_0929_2003/installs/lin64/Vitis_HLS/2020.2/common/technology/xilinx/DSP48/virtexuplus_dsp48e2.hlp 
Command         import_lib done; 0.36 sec.
Execute         source /proj/xbuilds/SWIP/2020.2_0929_2003/installs/lin64/Vitis_HLS/2020.2/common/technology/xilinx/common/xilinx.gen 
Execute           source /proj/xbuilds/SWIP/2020.2_0929_2003/installs/lin64/Vitis_HLS/2020.2/common/technology/xilinx/interface/plb46.gen 
Execute           source /proj/xbuilds/SWIP/2020.2_0929_2003/installs/lin64/Vitis_HLS/2020.2/common/technology/xilinx/interface/axi4.gen 
Execute           source /proj/xbuilds/SWIP/2020.2_0929_2003/installs/lin64/Vitis_HLS/2020.2/common/technology/xilinx/interface/nativeAXI4.gen 
Execute             source /proj/xbuilds/SWIP/2020.2_0929_2003/installs/lin64/Vitis_HLS/2020.2/common/technology/xilinx/interface/saxilite.gen 
Execute             source /proj/xbuilds/SWIP/2020.2_0929_2003/installs/lin64/Vitis_HLS/2020.2/common/technology/xilinx/interface/maxi.gen 
Execute           source /proj/xbuilds/SWIP/2020.2_0929_2003/installs/lin64/Vitis_HLS/2020.2/common/technology/xilinx/scripts/xilinxcoregen.gen 
Execute           source /proj/xbuilds/SWIP/2020.2_0929_2003/installs/lin64/Vitis_HLS/2020.2/common/technology/xilinx/interface/XilEDKCoreGen.gen 
Execute           source /proj/xbuilds/SWIP/2020.2_0929_2003/installs/lin64/Vitis_HLS/2020.2/common/technology/xilinx/ip/dds_compiler.gen 
Execute           source /proj/xbuilds/SWIP/2020.2_0929_2003/installs/lin64/Vitis_HLS/2020.2/common/technology/xilinx/ip/util.gen 
Execute           source /proj/xbuilds/SWIP/2020.2_0929_2003/installs/lin64/Vitis_HLS/2020.2/common/technology/xilinx/ip/xfft.gen 
Command           ap_source done; 0.14 sec.
Execute           source /proj/xbuilds/SWIP/2020.2_0929_2003/installs/lin64/Vitis_HLS/2020.2/common/technology/xilinx/ip/xfir.gen 
Execute           source /proj/xbuilds/SWIP/2020.2_0929_2003/installs/lin64/Vitis_HLS/2020.2/common/technology/xilinx/DSP48/dsp48.gen 
Command         ap_source done; 0.22 sec.
Command       add_library done; 0.64 sec.
INFO: [HLS 200-10] Setting target device to 'xcu50-fsvh2104-2LV-e'
Execute       ap_part_info -name xcu50-fsvh2104-2LV-e -data info 
Execute       config_compile -quiet -complex-mul-dsp=0 
Command     set_part done; 0.7 sec.
Execute     create_clock -period 300.000000MHz -name default 
INFO: [HLS 200-1510] Running: create_clock -period 300.000000MHz -name default 
Execute       ap_set_clock -name default -period 3.333 -unit ns -default=false 
INFO: [SYN 201-201] Setting up clock 'default' with a period of 3.333ns.
Execute     config_rtl -kernel_profile 
INFO: [HLS 200-1510] Running: config_rtl -kernel_profile 
Execute     config_dataflow -strict_mode warning 
INFO: [HLS 200-1510] Running: config_dataflow -strict_mode warning 
Execute     config_debug -enable 
INFO: [HLS 200-1510] Running: config_debug -enable 
Execute     config_export -disable_deadlock_detection=true 
INFO: [HLS 200-1510] Running: config_export -disable_deadlock_detection=true 
Execute     config_rtl -m_axi_conservative_mode=1 
INFO: [HLS 200-1510] Running: config_rtl -m_axi_conservative_mode=1 
WARNING: [HLS 200-483] The 'config_rtl -m_axi_conservative_mode' command is deprecated and will be removed in a future release. Use 'config_interface -m_axi_conservative_mode' as its replacement.
Execute     config_interface -m_axi_addr64 
INFO: [HLS 200-1510] Running: config_interface -m_axi_addr64 
Execute     config_interface -m_axi_auto_max_ports=0 
INFO: [HLS 200-1510] Running: config_interface -m_axi_auto_max_ports=0 
Execute     config_export -format ip_catalog -ipname vadd 
INFO: [HLS 200-1510] Running: config_export -format ip_catalog -ipname vadd 
Execute     source /scratch/ravic/Port_DDR_to_HBM/makefile/hls_config.tcl 
Execute       config_interface -m_axi_auto_max_ports=true 
INFO: [HLS 200-1510] Running: config_interface -m_axi_auto_max_ports=true 
Execute     csynth_design 
INFO: [HLS 200-1510] Running: csynth_design 
Execute       get_config_compile -effort 
Execute       get_config_compile -enable_clang39 
Execute       get_config_compile -g 
Execute       get_config_compile -ng 
Execute       get_config_compile -opt_fp 
Execute       get_config_compile -skip_cdt 
Execute       get_config_compile -skip_syncheck 
Execute       get_config_compile -skip_transform 
Execute       get_config_compile -keep_printf 
Execute       elaborate -effort=medium -skip_syncheck=0 -keep_printf=0 -skip_cdt=0 -skip_transform=0 -ng=0 -g=0 -opt_fp=0 -from_csynth_design=1 
INFO: [HLS 200-111] Finished Csim/TCL-preprocess: CPU user time: 11.19 seconds. CPU system time: 1.14 seconds. Elapsed time: 12.61 seconds; current allocated memory: 434.699 MB.
INFO: [HLS 200-10] Analyzing design file '/scratch/ravic/Port_DDR_to_HBM/reference_files/kernel.cpp' ... 
INFO-FLOW: Compiling one TU...
Execute         get_config_compile -pragma_strict_mode 
INFO-FLOW: Handling /scratch/ravic/Port_DDR_to_HBM/reference_files/kernel.cpp as C++
Execute         ap_part_info -name xcu50-fsvh2104-2LV-e -data info 
INFO-FLOW: Running: GCC PP 39
INFO-FLOW: Source preprocessing
Execute         ap_eval exec -ignorestderr /proj/xbuilds/SWIP/2020.2_0929_2003/installs/lin64/Vitis_HLS/2020.2/lnx64/tools/clang-3.9-csynth/bin/clang /scratch/ravic/Port_DDR_to_HBM/reference_files/kernel.cpp -foptimization-record-file=/scratch/ravic/Port_DDR_to_HBM/build/HBM2/temp_dir/vadd_hw/vadd/vadd/solution/.autopilot/db/clang.kernel.cpp.diag.yml -mllvm -pass-remarks-missed=reflow|pasta|unroll -mllvm -pass-remarks=reflow|pasta|unroll|inline -fno-limit-debug-info -gcc-toolchain /proj/xbuilds/SWIP/2020.2_0929_2003/installs/lin64/Vitis_HLS/2020.2/tps/lnx64/gcc-6.2.0 -fhls -fno-exceptions -E -g -DNDDR_BANKS=2 -I/scratch/ravic/Port_DDR_to_HBM/reference_files -fno-math-errno -c -emit-llvm -mllvm -disable-llvm-optzns -Werror=implicit-function-declaration -Werror=implicit-hls-streams -Werror=return-type -Wpragmas -Wunused-parameter -fno-threadsafe-statics -fno-use-cxa-atexit -std=gnu++14 -target fpga64-xilinx-linux-gnu -fno-threadsafe-statics -fno-use-cxa-atexit -I /proj/xbuilds/SWIP/2020.2_0929_2003/installs/lin64/Vitis_HLS/2020.2/common/technology/autopilot/39 -D__VITIS_HLS__ -DAESL_SYN -D__SYNTHESIS__ -D__HLS_SYN__ -I /proj/xbuilds/SWIP/2020.2_0929_2003/installs/lin64/Vitis_HLS/2020.2/common/technology/autopilot -I /proj/xbuilds/SWIP/2020.2_0929_2003/installs/lin64/Vitis_HLS/2020.2/common/technology/autopilot/ap_sysc -include etc/autopilot_ssdm_op.h -D__DSP48E2__ -o /scratch/ravic/Port_DDR_to_HBM/build/HBM2/temp_dir/vadd_hw/vadd/vadd/solution/.autopilot/db/kernel.pp.0.cpp > /scratch/ravic/Port_DDR_to_HBM/build/HBM2/temp_dir/vadd_hw/vadd/vadd/solution/.autopilot/db/clang.kernel.cpp.out.log 2> /scratch/ravic/Port_DDR_to_HBM/build/HBM2/temp_dir/vadd_hw/vadd/vadd/solution/.autopilot/db/clang.kernel.cpp.err.log 
Command         ap_eval done; 0.14 sec.
INFO-FLOW: Done: GCC PP 39 time: 0.1 seconds per iteration
Execute         set_directive_top vadd -name=vadd 
INFO-FLOW: Setting directive 'TOP' name=vadd 
INFO-FLOW: Setting directive 'TOP' name=vadd 
Execute         source /proj/xbuilds/SWIP/2020.2_0929_2003/installs/lin64/Vitis_HLS/2020.2/tps/tcl/tcllib1.11.1/yaml/huddle.tcl 
Execute         source /proj/xbuilds/SWIP/2020.2_0929_2003/installs/lin64/Vitis_HLS/2020.2/tps/tcl/tcllib1.11.1/yaml/json2huddle.tcl 
Execute           source /proj/xbuilds/SWIP/2020.2_0929_2003/installs/lin64/Vitis_HLS/2020.2/tps/tcl/tcllib1.11.1/try/try.tcl 
INFO-FLOW: Setting directive 'TOP' name=vadd 
Execute         list_core -type functional_unit 
Execute         clang_tidy xilinx-systemc-detector /scratch/ravic/Port_DDR_to_HBM/build/HBM2/temp_dir/vadd_hw/vadd/vadd/solution/.autopilot/db/kernel.pp.0.cpp std=gnu++14 -target fpga  -directive=/scratch/ravic/Port_DDR_to_HBM/build/HBM2/temp_dir/vadd_hw/vadd/vadd/solution/.autopilot/db/.systemc_flag 
INFO-FLOW: exec /proj/xbuilds/SWIP/2020.2_0929_2003/installs/lin64/Vitis_HLS/2020.2/lnx64/tools/clang-3.9-csynth/bin/clang-tidy -header-filter=.* --checks=-*,xilinx-systemc-detector -import-directive=/scratch/ravic/Port_DDR_to_HBM/build/HBM2/temp_dir/vadd_hw/vadd/vadd/solution/.autopilot/db/.systemc_flag -fix-errors /scratch/ravic/Port_DDR_to_HBM/build/HBM2/temp_dir/vadd_hw/vadd/vadd/solution/.autopilot/db/kernel.pp.0.cpp -- -std=gnu++14 -target fpga -fhls -ferror-limit=0
Command         clang_tidy done; 0.95 sec.
INFO-FLOW: Running: clang-tidy CDT preprocess 39
Execute         clang_tidy xilinx-directive2pragma /scratch/ravic/Port_DDR_to_HBM/build/HBM2/temp_dir/vadd_hw/vadd/vadd/solution/.autopilot/db/kernel.pp.0.cpp std=gnu++14 -target fpga  -directive=/scratch/ravic/Port_DDR_to_HBM/build/HBM2/temp_dir/vadd_hw/vadd/vadd/solution/.autopilot/db/all.directive.json 
INFO-FLOW: exec /proj/xbuilds/SWIP/2020.2_0929_2003/installs/lin64/Vitis_HLS/2020.2/lnx64/tools/clang-3.9-csynth/bin/clang-tidy -header-filter=.* --checks=-*,xilinx-directive2pragma -import-directive=/scratch/ravic/Port_DDR_to_HBM/build/HBM2/temp_dir/vadd_hw/vadd/vadd/solution/.autopilot/db/all.directive.json -fix-errors /scratch/ravic/Port_DDR_to_HBM/build/HBM2/temp_dir/vadd_hw/vadd/vadd/solution/.autopilot/db/kernel.pp.0.cpp -- -std=gnu++14 -target fpga -fhls -ferror-limit=0
Command         clang_tidy done; 1.27 sec.
Execute         clang_tidy xilinx-constantarray-param,xilinx-remove-assert /scratch/ravic/Port_DDR_to_HBM/build/HBM2/temp_dir/vadd_hw/vadd/vadd/solution/.autopilot/db/kernel.pp.0.cpp std=gnu++14 -target fpga  
INFO-FLOW: exec /proj/xbuilds/SWIP/2020.2_0929_2003/installs/lin64/Vitis_HLS/2020.2/lnx64/tools/clang-3.9-csynth/bin/clang-tidy -header-filter=.* --checks=-*,xilinx-constantarray-param,xilinx-remove-assert -fix-errors /scratch/ravic/Port_DDR_to_HBM/build/HBM2/temp_dir/vadd_hw/vadd/vadd/solution/.autopilot/db/kernel.pp.0.cpp -- -std=gnu++14 -target fpga -fhls -ferror-limit=0
Command         clang_tidy done; 1.08 sec.
INFO-FLOW: Done: clang-tidy CDT preprocess 39 time: 2.4 seconds per iteration
INFO-FLOW: Calling xilinx-label-all-loops ... 
Execute         clang_tidy -errorcheck xilinx-label-all-loops,xilinx-top-parameters,xilinx-array-stream-check,xilinx-warn-mayneed-no-ctor-attribute /scratch/ravic/Port_DDR_to_HBM/build/HBM2/temp_dir/vadd_hw/vadd/vadd/solution/.autopilot/db/kernel.pp.0.cpp std=gnu++14 -target fpga  
Execute           ap_eval exec -ignorestderr /proj/xbuilds/SWIP/2020.2_0929_2003/installs/lin64/Vitis_HLS/2020.2/lnx64/tools/clang-3.9-csynth/bin/clang-tidy -export-fixes=/scratch/ravic/Port_DDR_to_HBM/build/HBM2/temp_dir/vadd_hw/vadd/vadd/solution/.autopilot/db/clang-tidy.kernel.pp.0.cpp.diag.yml -header-filter=.* --checks=-*,xilinx-label-all-loops,xilinx-top-parameters,xilinx-array-stream-check,xilinx-warn-mayneed-no-ctor-attribute -fix-errors /scratch/ravic/Port_DDR_to_HBM/build/HBM2/temp_dir/vadd_hw/vadd/vadd/solution/.autopilot/db/kernel.pp.0.cpp -- -std=gnu++14 -target fpga -fhls -ferror-limit=0 > /scratch/ravic/Port_DDR_to_HBM/build/HBM2/temp_dir/vadd_hw/vadd/vadd/solution/.autopilot/db/clang-tidy.kernel.pp.0.cpp.out.log 2> /scratch/ravic/Port_DDR_to_HBM/build/HBM2/temp_dir/vadd_hw/vadd/vadd/solution/.autopilot/db/clang-tidy.kernel.pp.0.cpp.err.log 
Command           ap_eval done; 1.54 sec.
Execute           source /proj/xbuilds/SWIP/2020.2_0929_2003/installs/lin64/Vitis_HLS/2020.2/tps/tcl/tcllib1.11.1/yaml/yaml.tcl 
Execute             source /proj/xbuilds/SWIP/2020.2_0929_2003/installs/lin64/Vitis_HLS/2020.2/tps/tcl/tcllib1.11.1/cmdline/cmdline.tcl 
Command         clang_tidy done; 1.59 sec.
Execute         get_config_dataflow -strict_mode 
Execute         ap_eval exec -ignorestderr /proj/xbuilds/SWIP/2020.2_0929_2003/installs/lin64/Vitis_HLS/2020.2/lnx64/tools/clang-3.9-csynth/bin/xilinx-dataflow-lawyer -export-fixes=/scratch/ravic/Port_DDR_to_HBM/build/HBM2/temp_dir/vadd_hw/vadd/vadd/solution/.autopilot/db/xilinx-dataflow-lawyer.kernel.pp.0.cpp.diag.yml /scratch/ravic/Port_DDR_to_HBM/build/HBM2/temp_dir/vadd_hw/vadd/vadd/solution/.autopilot/db/kernel.pp.0.cpp -- -std=gnu++14 -target fpga -fhls -ferror-limit=0 -fstrict-dataflow > /scratch/ravic/Port_DDR_to_HBM/build/HBM2/temp_dir/vadd_hw/vadd/vadd/solution/.autopilot/db/xilinx-dataflow-lawyer.kernel.pp.0.cpp.out.log 2> /scratch/ravic/Port_DDR_to_HBM/build/HBM2/temp_dir/vadd_hw/vadd/vadd/solution/.autopilot/db/xilinx-dataflow-lawyer.kernel.pp.0.cpp.err.log 
Command         ap_eval done; 0.82 sec.
Execute         ap_part_info -name xcu50-fsvh2104-2LV-e -data info 
INFO-FLOW: compiling source code to llvm bc
Execute         ap_eval exec -ignorestderr /proj/xbuilds/SWIP/2020.2_0929_2003/installs/lin64/Vitis_HLS/2020.2/lnx64/tools/clang-3.9-csynth/bin/clang -foptimization-record-file=/scratch/ravic/Port_DDR_to_HBM/build/HBM2/temp_dir/vadd_hw/vadd/vadd/solution/.autopilot/db/clang.kernel.pp.0.cpp.diag.yml -mllvm -pass-remarks-missed=reflow|pasta|unroll -mllvm -pass-remarks=reflow|pasta|unroll|inline -fno-limit-debug-info -fhls -flto -fno-exceptions -Wno-error=c++11-narrowing /scratch/ravic/Port_DDR_to_HBM/build/HBM2/temp_dir/vadd_hw/vadd/vadd/solution/.autopilot/db/kernel.pp.0.cpp -g -DNDDR_BANKS=2 -I/scratch/ravic/Port_DDR_to_HBM/reference_files -fno-math-errno -c -emit-llvm -mllvm -disable-llvm-optzns -Werror=implicit-function-declaration -Werror=implicit-hls-streams -Werror=return-type -Wpragmas -Wunused-parameter -fno-threadsafe-statics -fno-use-cxa-atexit -std=gnu++14 -target fpga64-xilinx-linux-gnu -D__VITIS_HLS__ -DAESL_SYN -D__SYNTHESIS__ -D__HLS_SYN__ -I /proj/xbuilds/SWIP/2020.2_0929_2003/installs/lin64/Vitis_HLS/2020.2/common/technology/autopilot -I /proj/xbuilds/SWIP/2020.2_0929_2003/installs/lin64/Vitis_HLS/2020.2/common/technology/autopilot/ap_sysc -include etc/autopilot_ssdm_op.h -D__DSP48E2__ -g -o /scratch/ravic/Port_DDR_to_HBM/build/HBM2/temp_dir/vadd_hw/vadd/vadd/solution/.autopilot/db/kernel.bc > /scratch/ravic/Port_DDR_to_HBM/build/HBM2/temp_dir/vadd_hw/vadd/vadd/solution/.autopilot/db/clang.kernel.pp.0.cpp.out.log 2> /scratch/ravic/Port_DDR_to_HBM/build/HBM2/temp_dir/vadd_hw/vadd/vadd/solution/.autopilot/db/clang.kernel.pp.0.cpp.err.log 
Command         ap_eval done; 0.96 sec.
INFO: [HLS 200-111] Finished Source Code Analysis and Preprocessing: CPU user time: 6.39 seconds. CPU system time: 0.42 seconds. Elapsed time: 6.87 seconds; current allocated memory: 436.377 MB.
INFO-FLOW: Linking Debug ...
INFO-FLOW: Linking dut bc code.
Execute         run_link_or_opt -out /scratch/ravic/Port_DDR_to_HBM/build/HBM2/temp_dir/vadd_hw/vadd/vadd/solution/.autopilot/db/a.g.ld.0.bc -args  "/scratch/ravic/Port_DDR_to_HBM/build/HBM2/temp_dir/vadd_hw/vadd/vadd/solution/.autopilot/db/kernel.g.bc"  
Execute           ap_eval exec -ignorestderr /proj/xbuilds/SWIP/2020.2_0929_2003/installs/lin64/Vitis_HLS/2020.2/lnx64/tools/clang-3.9-csynth/bin/llvm-link /scratch/ravic/Port_DDR_to_HBM/build/HBM2/temp_dir/vadd_hw/vadd/vadd/solution/.autopilot/db/kernel.g.bc -o /scratch/ravic/Port_DDR_to_HBM/build/HBM2/temp_dir/vadd_hw/vadd/vadd/solution/.autopilot/db/a.g.ld.0.bc > /scratch/ravic/Port_DDR_to_HBM/build/HBM2/temp_dir/vadd_hw/vadd/vadd/solution/.autopilot/db/llvm-link.a.g.ld.0.bc.out.log 2> /scratch/ravic/Port_DDR_to_HBM/build/HBM2/temp_dir/vadd_hw/vadd/vadd/solution/.autopilot/db/llvm-link.a.g.ld.0.bc.err.log 
INFO-FLOW: 
Execute         run_link_or_opt -opt -out /scratch/ravic/Port_DDR_to_HBM/build/HBM2/temp_dir/vadd_hw/vadd/vadd/solution/.autopilot/db/a.g.ld.1.lower.bc -args /scratch/ravic/Port_DDR_to_HBM/build/HBM2/temp_dir/vadd_hw/vadd/vadd/solution/.autopilot/db/a.g.ld.0.bc -reflow-lower-math-intrinsics 
Execute           ap_eval exec -ignorestderr /proj/xbuilds/SWIP/2020.2_0929_2003/installs/lin64/Vitis_HLS/2020.2/lnx64/tools/clang-3.9-csynth/bin/opt -pass-remarks-missed=reflow|pasta|unroll -pass-remarks=reflow|pasta|unroll|inline -pass-remarks-output=/scratch/ravic/Port_DDR_to_HBM/build/HBM2/temp_dir/vadd_hw/vadd/vadd/solution/.autopilot/db/opt.a.g.ld.1.lower.bc.diag.yml /scratch/ravic/Port_DDR_to_HBM/build/HBM2/temp_dir/vadd_hw/vadd/vadd/solution/.autopilot/db/a.g.ld.0.bc -reflow-lower-math-intrinsics -o /scratch/ravic/Port_DDR_to_HBM/build/HBM2/temp_dir/vadd_hw/vadd/vadd/solution/.autopilot/db/a.g.ld.1.lower.bc > /scratch/ravic/Port_DDR_to_HBM/build/HBM2/temp_dir/vadd_hw/vadd/vadd/solution/.autopilot/db/opt.a.g.ld.1.lower.bc.out.log 2> /scratch/ravic/Port_DDR_to_HBM/build/HBM2/temp_dir/vadd_hw/vadd/vadd/solution/.autopilot/db/opt.a.g.ld.1.lower.bc.err.log 
INFO-FLOW: 
INFO-FLOW: Linking math bc lib
Execute         run_link_or_opt -out /scratch/ravic/Port_DDR_to_HBM/build/HBM2/temp_dir/vadd_hw/vadd/vadd/solution/.autopilot/db/a.g.ld.2.m1.bc -args /scratch/ravic/Port_DDR_to_HBM/build/HBM2/temp_dir/vadd_hw/vadd/vadd/solution/.autopilot/db/a.g.ld.1.lower.bc -only-needed /proj/xbuilds/SWIP/2020.2_0929_2003/installs/lin64/Vitis_HLS/2020.2/lnx64/lib/libhlsm_39.bc /proj/xbuilds/SWIP/2020.2_0929_2003/installs/lin64/Vitis_HLS/2020.2/lnx64/lib/libhlsmc++_39.bc 
Execute           ap_eval exec -ignorestderr /proj/xbuilds/SWIP/2020.2_0929_2003/installs/lin64/Vitis_HLS/2020.2/lnx64/tools/clang-3.9-csynth/bin/llvm-link /scratch/ravic/Port_DDR_to_HBM/build/HBM2/temp_dir/vadd_hw/vadd/vadd/solution/.autopilot/db/a.g.ld.1.lower.bc -only-needed /proj/xbuilds/SWIP/2020.2_0929_2003/installs/lin64/Vitis_HLS/2020.2/lnx64/lib/libhlsm_39.bc /proj/xbuilds/SWIP/2020.2_0929_2003/installs/lin64/Vitis_HLS/2020.2/lnx64/lib/libhlsmc++_39.bc -o /scratch/ravic/Port_DDR_to_HBM/build/HBM2/temp_dir/vadd_hw/vadd/vadd/solution/.autopilot/db/a.g.ld.2.m1.bc > /scratch/ravic/Port_DDR_to_HBM/build/HBM2/temp_dir/vadd_hw/vadd/vadd/solution/.autopilot/db/llvm-link.a.g.ld.2.m1.bc.out.log 2> /scratch/ravic/Port_DDR_to_HBM/build/HBM2/temp_dir/vadd_hw/vadd/vadd/solution/.autopilot/db/llvm-link.a.g.ld.2.m1.bc.err.log 
Command           ap_eval done; 3.71 sec.
INFO-FLOW: 
Command         run_link_or_opt done; 3.73 sec.
Execute         run_link_or_opt -opt -out /scratch/ravic/Port_DDR_to_HBM/build/HBM2/temp_dir/vadd_hw/vadd/vadd/solution/.autopilot/db/a.g.ld.3.fpc.bc -args /scratch/ravic/Port_DDR_to_HBM/build/HBM2/temp_dir/vadd_hw/vadd/vadd/solution/.autopilot/db/a.g.ld.2.m1.bc -reflow-globaldce -hls-top-function-name=vadd -reflow-float-conversion 
Execute           ap_eval exec -ignorestderr /proj/xbuilds/SWIP/2020.2_0929_2003/installs/lin64/Vitis_HLS/2020.2/lnx64/tools/clang-3.9-csynth/bin/opt -pass-remarks-missed=reflow|pasta|unroll -pass-remarks=reflow|pasta|unroll|inline -pass-remarks-output=/scratch/ravic/Port_DDR_to_HBM/build/HBM2/temp_dir/vadd_hw/vadd/vadd/solution/.autopilot/db/opt.a.g.ld.3.fpc.bc.diag.yml /scratch/ravic/Port_DDR_to_HBM/build/HBM2/temp_dir/vadd_hw/vadd/vadd/solution/.autopilot/db/a.g.ld.2.m1.bc -reflow-globaldce -hls-top-function-name=vadd -reflow-float-conversion -o /scratch/ravic/Port_DDR_to_HBM/build/HBM2/temp_dir/vadd_hw/vadd/vadd/solution/.autopilot/db/a.g.ld.3.fpc.bc > /scratch/ravic/Port_DDR_to_HBM/build/HBM2/temp_dir/vadd_hw/vadd/vadd/solution/.autopilot/db/opt.a.g.ld.3.fpc.bc.out.log 2> /scratch/ravic/Port_DDR_to_HBM/build/HBM2/temp_dir/vadd_hw/vadd/vadd/solution/.autopilot/db/opt.a.g.ld.3.fpc.bc.err.log 
Command           ap_eval done; 1.5 sec.
INFO-FLOW: 
Command         run_link_or_opt done; 1.51 sec.
Execute         run_link_or_opt -out /scratch/ravic/Port_DDR_to_HBM/build/HBM2/temp_dir/vadd_hw/vadd/vadd/solution/.autopilot/db/a.g.ld.4.m2.bc -args /scratch/ravic/Port_DDR_to_HBM/build/HBM2/temp_dir/vadd_hw/vadd/vadd/solution/.autopilot/db/a.g.ld.3.fpc.bc -only-needed /proj/xbuilds/SWIP/2020.2_0929_2003/installs/lin64/Vitis_HLS/2020.2/lnx64/lib/libfloatconversion_39.bc 
Execute           ap_eval exec -ignorestderr /proj/xbuilds/SWIP/2020.2_0929_2003/installs/lin64/Vitis_HLS/2020.2/lnx64/tools/clang-3.9-csynth/bin/llvm-link /scratch/ravic/Port_DDR_to_HBM/build/HBM2/temp_dir/vadd_hw/vadd/vadd/solution/.autopilot/db/a.g.ld.3.fpc.bc -only-needed /proj/xbuilds/SWIP/2020.2_0929_2003/installs/lin64/Vitis_HLS/2020.2/lnx64/lib/libfloatconversion_39.bc -o /scratch/ravic/Port_DDR_to_HBM/build/HBM2/temp_dir/vadd_hw/vadd/vadd/solution/.autopilot/db/a.g.ld.4.m2.bc > /scratch/ravic/Port_DDR_to_HBM/build/HBM2/temp_dir/vadd_hw/vadd/vadd/solution/.autopilot/db/llvm-link.a.g.ld.4.m2.bc.out.log 2> /scratch/ravic/Port_DDR_to_HBM/build/HBM2/temp_dir/vadd_hw/vadd/vadd/solution/.autopilot/db/llvm-link.a.g.ld.4.m2.bc.err.log 
Command           ap_eval done; 0.12 sec.
INFO-FLOW: 
Command         run_link_or_opt done; 0.12 sec.
Execute         run_link_or_opt -opt -out /scratch/ravic/Port_DDR_to_HBM/build/HBM2/temp_dir/vadd_hw/vadd/vadd/solution/.autopilot/db/a.g.ld.5.gdce.bc -args /scratch/ravic/Port_DDR_to_HBM/build/HBM2/temp_dir/vadd_hw/vadd/vadd/solution/.autopilot/db/a.g.ld.4.m2.bc -reflow-globaldce -hls-top-function-name=vadd 
Execute           ap_eval exec -ignorestderr /proj/xbuilds/SWIP/2020.2_0929_2003/installs/lin64/Vitis_HLS/2020.2/lnx64/tools/clang-3.9-csynth/bin/opt -pass-remarks-missed=reflow|pasta|unroll -pass-remarks=reflow|pasta|unroll|inline -pass-remarks-output=/scratch/ravic/Port_DDR_to_HBM/build/HBM2/temp_dir/vadd_hw/vadd/vadd/solution/.autopilot/db/opt.a.g.ld.5.gdce.bc.diag.yml /scratch/ravic/Port_DDR_to_HBM/build/HBM2/temp_dir/vadd_hw/vadd/vadd/solution/.autopilot/db/a.g.ld.4.m2.bc -reflow-globaldce -hls-top-function-name=vadd -o /scratch/ravic/Port_DDR_to_HBM/build/HBM2/temp_dir/vadd_hw/vadd/vadd/solution/.autopilot/db/a.g.ld.5.gdce.bc > /scratch/ravic/Port_DDR_to_HBM/build/HBM2/temp_dir/vadd_hw/vadd/vadd/solution/.autopilot/db/opt.a.g.ld.5.gdce.bc.out.log 2> /scratch/ravic/Port_DDR_to_HBM/build/HBM2/temp_dir/vadd_hw/vadd/vadd/solution/.autopilot/db/opt.a.g.ld.5.gdce.bc.err.log 
INFO-FLOW: 
Execute         get_solution -flow_target 
Execute         get_config_rtl -module_prefix 
Execute         get_config_interface -default_interface 
Execute         send_msg_by_id INFO @200-777@%s Vitis 
INFO: [HLS 200-777] Using interface defaults for 'Vitis' flow target.
Execute         get_config_interface -default_slave_interface 
Execute         get_solution -flow_target 
Execute         get_config_interface -m_axi_offset 
Execute         get_config_interface -m_axi_latency 
Execute         get_config_interface -m_axi_alignment_byte_size 
Execute         get_config_interface -m_axi_min_bitwidth 
Execute         get_config_interface -m_axi_max_bitwidth 
Execute         get_config_interface -m_axi_max_widen_bitwidth 
Execute         get_config_interface -m_axi_num_read_outstanding 
Execute         get_config_interface -m_axi_num_write_outstanding 
Execute         get_config_interface -m_axi_max_read_burst_length 
Execute         get_config_interface -m_axi_max_write_burst_length 
Execute         get_config_interface -m_axi_min_bitwidth 
Execute         get_config_interface -m_axi_max_bitwidth 
Execute         get_config_interface -m_axi_latency 
Execute         get_config_interface -m_axi_min_bitwidth 
Execute         get_config_interface -m_axi_max_bitwidth 
Execute         get_config_interface -m_axi_max_widen_bitwidth 
Execute         get_config_interface -m_axi_auto_max_ports 
Execute         get_config_interface -m_axi_num_read_outstanding 
Execute         get_config_interface -m_axi_num_write_outstanding 
Execute         get_config_interface -m_axi_max_read_burst_length 
Execute         get_config_interface -m_axi_max_write_burst_length 
Execute         get_config_interface -s_axilite_data64 
Execute         get_config_interface -m_axi_alignment_byte_size 
Execute         get_config_compile -pragma_strict_mode 
Execute         get_config_compile -pipeline_style 
INFO-FLOW: Doing LTO.
Execute         ap_eval exec -ignorestderr /proj/xbuilds/SWIP/2020.2_0929_2003/installs/lin64/Vitis_HLS/2020.2/lnx64/tools/clang-3.9-csynth/bin/clang -foptimization-record-file=/scratch/ravic/Port_DDR_to_HBM/build/HBM2/temp_dir/vadd_hw/vadd/vadd/solution/.autopilot/db/clang.a.g.ld.0.bc.diag.yml -mllvm -pass-remarks-missed=reflow|pasta|unroll -mllvm -pass-remarks=reflow|pasta|unroll|inline -fhls -mllvm -hls-top-function-name=vadd -mllvm -hls-db-dir -mllvm /scratch/ravic/Port_DDR_to_HBM/build/HBM2/temp_dir/vadd_hw/vadd/vadd/solution/.autopilot/db -emit-llvm -c -target fpga64-xilinx-none -mllvm -xcl-xmlinfo=/scratch/ravic/Port_DDR_to_HBM/build/HBM2/temp_dir/vadd_hw/vadd/vadd/solution/.autopilot/db/../../../kernel.xml -mllvm -top-io-mapping-info=/scratch/ravic/Port_DDR_to_HBM/build/HBM2/temp_dir/vadd_hw/vadd/vadd/solution/.autopilot/db/top-io-fe.xml -mllvm -hls-bitcode-version=3.1 -mllvm -reflow-enable-interface-default-setting=true -mllvm -reflow-enable-slave-interface-default-setting=true -mllvm -gen-kernel-xml=true -mllvm -default-maxi-offset=slave -mllvm -maxi-latency=64 -mllvm -hls-maxi-data-size-in-bits=8 -mllvm -hls-maxi-max-data-size-in-bits=1024 -mllvm -hls-max-widen-size-in-bits=512 -mllvm -xcl-kernel-max-mem-ports=1 -mllvm -maxi-read-trans=16 -mllvm -maxi-write-trans=16 -mllvm -maxi-read-burst-len=16 -mllvm -maxi-write-burst-len=16 -mllvm -reflow-enable-saxi-64bits=0 -mllvm -assume-maxi-align=64 -mllvm -no-unaligned-maxi-accesses=false -mllvm -reflow-pipeline-style-llvm-setting=0 -mllvm -disable-inlined-alloca-merging=true -mllvm -enable-reflow-vitis-flow-setting=true -x ir /scratch/ravic/Port_DDR_to_HBM/build/HBM2/temp_dir/vadd_hw/vadd/vadd/solution/.autopilot/db/a.g.ld.5.gdce.bc -o /scratch/ravic/Port_DDR_to_HBM/build/HBM2/temp_dir/vadd_hw/vadd/vadd/solution/.autopilot/db/a.g.lto.bc > /scratch/ravic/Port_DDR_to_HBM/build/HBM2/temp_dir/vadd_hw/vadd/vadd/solution/.autopilot/db/clang.a.g.ld.0.bc.out.log 2> /scratch/ravic/Port_DDR_to_HBM/build/HBM2/temp_dir/vadd_hw/vadd/vadd/solution/.autopilot/db/clang.a.g.ld.0.bc.err.log 
Command         ap_eval done; 0.19 sec.
INFO: [HLS 214-178] Inlining function 'minRand(unsigned int, int)' into 'vadd' (/scratch/ravic/Port_DDR_to_HBM/reference_files/kernel.cpp:85:0)
Execute         get_top
Execute           get_top 
Execute         get_files -fullpath
Execute           get_files -fullpath 
INFO: [HLS 214-115] Multiple burst reads of variable length and bit width 32 in loop 'read1'(/scratch/ravic/Port_DDR_to_HBM/reference_files/kernel.cpp:109:16) has been inferred on port 'gmem0' (/scratch/ravic/Port_DDR_to_HBM/reference_files/kernel.cpp:109:16)
INFO: [HLS 214-115] Multiple burst reads of variable length and bit width 32 in loop 'read2'(/scratch/ravic/Port_DDR_to_HBM/reference_files/kernel.cpp:114:16) has been inferred on port 'gmem1' (/scratch/ravic/Port_DDR_to_HBM/reference_files/kernel.cpp:114:16)
INFO: [HLS 214-115] Multiple burst writes of variable length and bit width 32 in loop 'write'(/scratch/ravic/Port_DDR_to_HBM/reference_files/kernel.cpp:129:16) has been inferred on port 'gmem2' (/scratch/ravic/Port_DDR_to_HBM/reference_files/kernel.cpp:129:16)
INFO-FLOW: DBG:CMD: copy_raw_kernel_xml ap_link_39: copying raw kernel.xml: /scratch/ravic/Port_DDR_to_HBM/build/HBM2/temp_dir/vadd_hw/vadd/vadd/solution/.autopilot/db/../../../kernel.xml -> /scratch/ravic/Port_DDR_to_HBM/build/HBM2/temp_dir/vadd_hw/vadd/vadd/solution/.autopilot/db/kernel.internal.xml
INFO: [HLS 200-111] Finished Compiling Optimization and Transform: CPU user time: 5.59 seconds. CPU system time: 0.42 seconds. Elapsed time: 6.05 seconds; current allocated memory: 437.851 MB.
INFO: [HLS 200-111] Finished Checking Pragmas: CPU user time: 0 seconds. CPU system time: 0 seconds. Elapsed time: 0 seconds; current allocated memory: 437.852 MB.
Execute         opt_and_import_c a -opt_level=2 -skip_syncheck=0 -ng=0 -keep_printf=0 
Execute           cleanup_all_models 
INFO: [HLS 200-10] Starting code transformations ...
INFO-FLOW: Running Standard Transforms...
Execute           transform -hls -share-std-xform -demangle-name -inline-byval-memcpy -always-inline -promote-dbg-pointer -interface-preproc -mem2reg -scalarrepl -mem2reg -keep-read-access -instcombine -dce -promote-dbg-pointer -bitop-raise -loop-simplify -indvarspre -indvars -loop-simplify -xunroll -constprop -instcombine -simplifycfg -indvars -simplifycfg -dce -globaldce -basicaa -simplifycfg -mem2reg -globalopt -global-constprop -deadargelim -instcombine -simplifycfg -scalarrepl -instcombine -reassociate -licm -simplifycfg -loop-simplify -indvars -instcombine -simplifycfg -mem2reg -loop-simplify -indvars -instcombine -gvn -gvn -instcombine -adce -break-crit-edges -simplifycfg -loop-delete -global-array-opt -dce -dse -adce -find-syn-modules -top vadd -deadargelim -mem2reg -instcombine -dce -presyn-prepare -auto-rom-infer -interface-preproc -syn-check -check-rec-only -find-region -simplifycfg -func-extr -function-inline -globaldce -mem2reg -instcombine -dce -gvn -globaldce -adce -adse -constprop -instcombine -bit-constprop -instcombine -dce -simplifycfg -bitop-raise -simplifycfg -dce -loop-delete -reassociate -globalopt -global-privatize -mem2reg -dce -global-constprop -pointer-simplify -constprop -dce -func-inst -deadargelim -auto-shift-reg-idiom -promote-dbg-pointer -norm-name /scratch/ravic/Port_DDR_to_HBM/build/HBM2/temp_dir/vadd_hw/vadd/vadd/solution/.autopilot/db/a.g.0.bc -o /scratch/ravic/Port_DDR_to_HBM/build/HBM2/temp_dir/vadd_hw/vadd/vadd/solution/.autopilot/db/a.g.1.bc -f -phase std-opt 
INFO: [HLS 200-111] Finished Standard Transforms: CPU user time: 0.08 seconds. CPU system time: 0.01 seconds. Elapsed time: 0.09 seconds; current allocated memory: 440.517 MB.
INFO: [HLS 200-10] Checking synthesizability ...
INFO-FLOW: Checking Synthesizability 1/2..
Execute           transform -hls -syn-check -check-rec-only -disaggr -scalarrepl -norm-name -dce -mem2reg -instcombine -function-uniquify -directive-preproc -mem2reg -dse -dce -auto-rom-infer -dce -pag -array-normalize -instcombine -dce -array-seg-normalize -instcombine -dce -data-pack -instcombine -dce -inst-simplify -array-flatten -instcombine -dce -array-burst -dce -deadargelim -promote-global-argument -simplifycfg -mem2reg -globaldce -dce -deadargelim -dce -instcombine -function-inline -globaldce -dce -doublePtrSimplify -doublePtrElim -dce -doublePtrSimplify -promote-dbg-pointer -dce -scalarrepl -dse -adse -instcombine -ptrLegalization -simplifycfg -dce -instcombine -pointer-simplify -ptrArgReplace -dce -instcombine -resolve-double-ptr -disaggr -scalarrepl -norm-name -dce -mem2reg -instcombine -ptrLegalization -simplifycfg -deadargelim -instcombine -dce -inst-simplify -function-uniquify -directive-preproc -mem2reg -dse -dce -globaldce -check-dspbuiltin /scratch/ravic/Port_DDR_to_HBM/build/HBM2/temp_dir/vadd_hw/vadd/vadd/solution/.autopilot/db/a.g.1.bc -o /scratch/ravic/Port_DDR_to_HBM/build/HBM2/temp_dir/vadd_hw/vadd/vadd/solution/.autopilot/db/a.g.2.prechk.bc -f 
Command           transform done; 0.12 sec.
INFO-FLOW: Checking Synthesizability 2/2..
Execute           transform -syn-check /scratch/ravic/Port_DDR_to_HBM/build/HBM2/temp_dir/vadd_hw/vadd/vadd/solution/.autopilot/db/a.g.2.prechk.bc -o /scratch/ravic/Port_DDR_to_HBM/build/HBM2/temp_dir/vadd_hw/vadd/vadd/solution/.autopilot/db/a.g.2.bc -f -phase syn-check 
INFO: [HLS 200-111] Finished Checking Synthesizability: CPU user time: 0.13 seconds. CPU system time: 0.01 seconds. Elapsed time: 0.14 seconds; current allocated memory: 441.698 MB.
INFO-FLOW: Compiler optimizing ...
INFO-FLOW: Share syncheck's 1.bc for syn flow: copy /scratch/ravic/Port_DDR_to_HBM/build/HBM2/temp_dir/vadd_hw/vadd/vadd/solution/.autopilot/db/a.g.1.bc to /scratch/ravic/Port_DDR_to_HBM/build/HBM2/temp_dir/vadd_hw/vadd/vadd/solution/.autopilot/db/a.o.1.bc
INFO-FLOW: Presyn 1...
Execute           transform -hls -tmp /scratch/ravic/Port_DDR_to_HBM/build/HBM2/temp_dir/vadd_hw/vadd/vadd/solution/.autopilot/db -interface-port-rename -function-uniquify -directive-preproc -mem2reg -dse -dce -disaggr -scalarrepl -norm-name -deadargelim -mem2reg -instcombine -dce -simplifycfg -auto-rom-infer -dce -function-uniquify -resource-proc -clib-intrinsic-prepare -dce -func-buffer -dce -pag -array-normalize -func-legal -instcombine -gvn -constprop -dce -simplifycfg -mem2reg -globaldce -resolve-double-ptr -dce -deadargelim -dce -instcombine -ptrArgReplace -mem2reg -dce -array-seg-normalize -deadargelim -instcombine -dce -function-uniquify -directive-preproc -mem2reg -dse -dce -pointer-simplify -dce -port-alignment -dce -interface-preproc -data-pack -instcombine -dce -basicaa -aggr-aa -aggrmodref-aa -aggr-aa -gvn -gvn -basicaa -aggr-aa -aggrmodref-aa -aggr-aa -dse -adse -adce -loop-simplify -indvars -instcombine -gvn -loop-simplify -mem2reg -dce -find-region -instcombine -auto-loop-pipeline -inst-simplify -interface-preproc -cfgopt -instcombine -indvars -auto-loop-unroll -loop-simplify -loop-bound -xunroll -constprop -instcombine -simplifycfg -indvars -simplifycfg -dce -globaldce -clean-region -attach-range -gvn -inst-simplify -constprop -simplifycfg -dce -pointer-simplify -dce -globalopt -constprop -dce -array-promote -constprop -dce -ptrArgReplace -mem2reg -simplifycfg -dce -instcombine -dce -array-transform-check -array-reshape -instcombine -simplifycfg -dce -ptrArgReplace -deadargelim -mem2reg -instcombine -simplifycfg -dce -indvars -loop-simplify -loop-bound -xunroll -constprop -instcombine -simplifycfg -indvars -simplifycfg -dce -globaldce -basicaa -aggr-aa -aggrmodref-aa -aggr-aa -dse -duplicate-dataflow-processes -globaldce -instcombine -array-partition -instcombine -simplifycfg -dce -ptrArgReplace -global-constprop -deadargelim -mem2reg -func-legal -dce -global-constprop -deadargelim -mem2reg -simplifycfg -dce -merge-param -deadargelim -globalopt -constprop -dce -array-promote -constprop -dce -ptrArgReplace -mem2reg -simplifycfg -dce -mem-intrinsic-preproc -dce -global-internalize -global-privatize -mem2reg -globaldce -promote-global-argument -ptrArgReplace -mem2reg -dce -globalopt -mergereturn -simplify-global-access -mem2reg -dce -pointer-simplify -dce -functionattrs -basicaa -aggr-aa -aggrmodref-aa -aggr-aa -gvn -gvn -basicaa -aggr-aa -aggrmodref-aa -aggr-aa -dse -adse -adce -dce -norm-name -basicaa -aggr-aa -aggrmodref-aa -aggr-aa -accesses-merge -function-inline -complex-op-raise -inst-simplify -globaldce -func-inst -constprop -instcombine -simplifycfg -dce -func-legal -dce -loop-bound -arraycheck -bitwidthmin2 -bitwidthmin2 -on-by-dataflow -loop-delete -instcombine -simplifycfg -globaldce -dce -gvn -deadargelim -dce -loop-simplify -clean-region -simplifycfg -propagate-stable-arguments -loop-stream -instcombine -simplifycfg -dce -globaldce -duplicate-dataflow-processes -stream-intrinsic-preproc -dce -check-ap-stream -loop-simplify -eliminate-keepreads -extract-dataflow-in-loop -loop-simplify -dce -gvn -deadargelim -dse -check-dataflow-syntax -legalize-stream-variable -legalize-global -extract-subproc -dce -dead-channel-elimination -canonicalize-gep -globaldce -dce -gvn -deadargelim -directive-preproc -annotate-dataflow-channels -scalar-propagation -deadargelim -globaldce -mem2reg -check-dataflow-channels -function-stream -dce -globaldce -prop-fifo-spec -internal-stream-gen -canonicalize-gep -globaldce -dce -gvn -deadargelim -mergereturn -indvars -loop-simplify -instcombine -array-stream -array-seg-normalize -array-partition -func-legal -instcombine -simplifycfg -dce -bundle-memfifo-ops -deadargelim -function-uniquify -directive-preproc -mem2reg -dse -dce -group-axi-access -licm -simplifycfg -dce -loop-delete -norm-name /scratch/ravic/Port_DDR_to_HBM/build/HBM2/temp_dir/vadd_hw/vadd/vadd/solution/.autopilot/db/a.o.1.bc -o /scratch/ravic/Port_DDR_to_HBM/build/HBM2/temp_dir/vadd_hw/vadd/vadd/solution/.autopilot/db/a.o.1.tmp.bc -f 
Command           transform done; 0.36 sec.
INFO-FLOW: Presyn 2...
Execute           transform -hls -keep-callgraph -scalarrepl -mem2reg -port-alignment -attach-range -dce -pipe-mux-gen -indvars -loop-bound -inst-simplify -instcombine -dce -merge-array-access -mem2reg -dce -clean-region -mergereturn -if-conv -instcombine -dce -constprop -basicaa -aggr-aa -aggrmodref-aa -aggr-aa -gvn -gvn -basicaa -aggr-aa -aggrmodref-aa -aggr-aa -dse -adse -adce -scalarrepl -mem2reg -global-constprop -deadargelim -deadargelim -instcombine -dce -simplifycfg -ptrArgReplace -mem2reg -function-inline -globaldce -mem2reg -instcombine -dce -expr-balance -instcombine -dce -bitwidthmin2 -bitwidthmin2 -interface-preproc -directive-preproc -inst-rectify -instcombine -dce -functionattrs -constprop -instcombine -bit-constprop -simplify-global-access -globalopt -globaldce -inst-simplify -instcombine -elimdeaddata -dce -loop-delete -simplifycfg -loop-simplify -auto-burst -barrier -norm-name /scratch/ravic/Port_DDR_to_HBM/build/HBM2/temp_dir/vadd_hw/vadd/vadd/solution/.autopilot/db/a.o.1.tmp.bc -o /scratch/ravic/Port_DDR_to_HBM/build/HBM2/temp_dir/vadd_hw/vadd/vadd/solution/.autopilot/db/a.o.2.bc -f -phase presyn 
Command           transform done; 0.17 sec.
INFO: [HLS 200-111] Finished Pre-synthesis: CPU user time: 0.52 seconds. CPU system time: 0 seconds. Elapsed time: 0.54 seconds; current allocated memory: 464.169 MB.
Execute           get_config_compile -enable_loop_extract 
Execute           get_config_compile -disable_auto_rewind 
INFO-FLOW: Building ssdm...
Execute           transform -hls -function-uniquify -auto-function-inline -globaldce -ptrArgReplace -mem2reg -dce -reset-lda -loop-simplify -indvars -aggr-aa -licm -loop-dep -loop-bound -licm -loop-simplify -flattenloopnest -array-flatten -gvn -instcombine -dce -array-map -dce -func-legal -gvn -adce -instcombine -cfgopt -simplifycfg -loop-simplify -array-burst -promote-global-argument -dce -array-seg-normalize -basicaa -aggrmodref-aa -globalsmodref-aa -aggr-aa -gvn -gvn -basicaa -aggrmodref-aa -globalsmodref-aa -aggr-aa -dse -adse -adce -licm -inst-simplify -dce -globaldce -instcombine -array-stream -eliminate-keepreads -instcombine -dce -deadargelim -doublePtrSimplify -doublePtrElim -dce -doublePtrSimplify -promote-dbg-pointer -dce -scalarrepl -mem2reg -disaggr -norm-name -mem2reg -instcombine -dse -adse -adce -ptrLegalization -dce -auto-rom-infer -array-flatten -dce -instcombine -check-doubleptr -loop-rot -constprop -cfgopt -simplifycfg -loop-simplify -indvars -pointer-simplify -dce -loop-bound -loop-simplify -loop-preproc -constprop -global-constprop -gvn -mem2reg -instcombine -dce -loop-bound -loop-merge -dce -bitwidthmin2 -bitwidthmin2 -deadargelim -dce -canonicalize-dataflow -dce -scalar-propagation -deadargelim -globaldce -mem2reg -read-loop-dep -interface-preproc -directive-preproc -interface-gen -bram-byte-enable -deadargelim -inst-simplify -dce -gvn -mem2reg -instcombine -dce -adse -loop-bound -instcombine -cfgopt -simplifycfg -loop-simplify -clean-region -io-protocol -find-region -mem2reg -bitop-raise -complex-op-raise -inst-simplify -inst-rectify -instcombine -adce -deadargelim -loop-simplify -phi-opt -bitop-raise -cfgopt -simplifycfg -strip-dead-prototypes -interface-lower -bitop-lower -intrinsic-lower -auto-function-inline -basicaa -aggrmodref-aa -globalsmodref-aa -aggr-aa -inst-simplify -simplifycfg -loop-simplify -mergereturn -inst-simplify -inst-rectify -dce -load-elim -bitop-lower -float-op-raise -loop-rewind -pointer-simplify -dce -cfgopt -dce -loop-bound -loop-dep -read-loop-dep -dce -dyn-mem-reuse -dce -check-stream -norm-name -legalize -validate-dataflow -inst-clarity -bitwidth -dump-loop-dep-to-ir -check-all-ssdm -cdfg-build /scratch/ravic/Port_DDR_to_HBM/build/HBM2/temp_dir/vadd_hw/vadd/vadd/solution/.autopilot/db/a.o.2.bc -o /scratch/ravic/Port_DDR_to_HBM/build/HBM2/temp_dir/vadd_hw/vadd/vadd/solution/.autopilot/db/a.o.3.bc -f -phase build-ssdm 
WARNING: [HLS 200-960] Cannot flatten loop 'VITIS_LOOP_99_2' (/scratch/ravic/Port_DDR_to_HBM/reference_files/kernel.cpp:91:9) in function 'vadd' more than one sub loop.
WARNING: [HLS 200-960] Cannot flatten loop 'VITIS_LOOP_95_1' (/scratch/ravic/Port_DDR_to_HBM/reference_files/kernel.cpp:95:29) in function 'vadd' the outer loop is not a perfect loop because either the parent loop or the sub loop has no computeable trip count.
INFO: [HLS 200-472] Inferring partial write operation for 'v1_buffer' (/scratch/ravic/Port_DDR_to_HBM/reference_files/kernel.cpp:112:15)
INFO: [HLS 200-472] Inferring partial write operation for 'v2_buffer' (/scratch/ravic/Port_DDR_to_HBM/reference_files/kernel.cpp:117:15)
INFO: [HLS 200-472] Inferring partial write operation for 'vout_buffer' (/scratch/ravic/Port_DDR_to_HBM/reference_files/kernel.cpp:126:17)
Command           transform done; 0.38 sec.
INFO: [HLS 200-111] Finished Architecture Synthesis: CPU user time: 0.36 seconds. CPU system time: 0 seconds. Elapsed time: 0.38 seconds; current allocated memory: 458.455 MB.
INFO-FLOW: Finish building internal data model.
Command         opt_and_import_c done; 1.17 sec.
Command       elaborate done; 14.1 sec.
Execute       autosyn -from_csynth_design=1 
INFO: [HLS 200-10] Starting hardware synthesis ...
INFO-FLOW: Synthesizing C/C++ design ...
INFO: [HLS 200-10] Synthesizing 'vadd' ...
Execute         ap_set_top_model vadd 
Execute         get_model_list vadd -filter all-wo-channel -topdown 
Execute         preproc_iomode -model vadd 
Execute         get_model_list vadd -filter all-wo-channel 
INFO-FLOW: Model list for configure: vadd
INFO-FLOW: Configuring Module : vadd ...
Execute         set_default_model vadd 
Execute         apply_spec_resource_limit vadd 
INFO-FLOW: Model list for preprocess: vadd
INFO-FLOW: Preprocessing Module: vadd ...
Execute         set_default_model vadd 
Execute         cdfg_preprocess -model vadd 
Execute         rtl_gen_preprocess vadd 
WARNING: [SYN 201-107] Renaming port name 'vadd/out' to 'vadd/out_r' to avoid the conflict with HDL keywords or other object names.
INFO-FLOW: Model list for synthesis: vadd
INFO: [HLS 200-10] ----------------------------------------------------------------
INFO: [HLS 200-42] -- Implementing module 'vadd' 
INFO: [HLS 200-10] ----------------------------------------------------------------
Execute         set_default_model vadd 
Execute         schedule -model vadd 
INFO: [SCHED 204-11] Starting scheduling ...
INFO: [SCHED 204-61] Pipelining loop 'read1'.
INFO: [HLS 200-1470] Pipelining result : Target II = 1, Final II = 1, Depth = 3, loop 'read1'
INFO: [SCHED 204-61] Pipelining loop 'read2'.
INFO: [HLS 200-1470] Pipelining result : Target II = 1, Final II = 1, Depth = 3, loop 'read2'
INFO: [SCHED 204-61] Pipelining loop 'vadd'.
INFO: [HLS 200-1470] Pipelining result : Target II = 1, Final II = 1, Depth = 3, loop 'vadd'
INFO: [SCHED 204-61] Pipelining loop 'write'.
INFO: [HLS 200-1470] Pipelining result : Target II = 1, Final II = 1, Depth = 3, loop 'write'
INFO: [SCHED 204-11] Finished scheduling.
Command         schedule done; 0.74 sec.
INFO: [HLS 200-111] Finished scheduling: CPU user time: 0.71 seconds. CPU system time: 0 seconds. Elapsed time: 0.8 seconds; current allocated memory: 459.532 MB.
Execute         syn_report -verbosereport -o /scratch/ravic/Port_DDR_to_HBM/build/HBM2/temp_dir/vadd_hw/vadd/vadd/solution/.autopilot/db/vadd.verbose.sched.rpt 
Execute           AP::get_flow_target_display_name
Execute             get_solution -flow_target 
Command         syn_report done; 0.77 sec.
Execute         db_write -o /scratch/ravic/Port_DDR_to_HBM/build/HBM2/temp_dir/vadd_hw/vadd/vadd/solution/.autopilot/db/vadd.sched.adb -f 
INFO-FLOW: Finish scheduling vadd.
Execute         set_default_model vadd 
Execute         bind -model vadd 
INFO: [BIND 205-100] Starting micro-architecture generation ...
INFO: [BIND 205-101] Performing variable lifetime analysis.
INFO: [BIND 205-101] Exploring resource sharing.
INFO: [BIND 205-101] Binding ...
INFO: [BIND 205-100] Finished micro-architecture generation.
Command         bind done; 0.36 sec.
INFO: [HLS 200-111] Finished binding: CPU user time: 1.1 seconds. CPU system time: 0.01 seconds. Elapsed time: 1.15 seconds; current allocated memory: 461.027 MB.
Execute         syn_report -verbosereport -o /scratch/ravic/Port_DDR_to_HBM/build/HBM2/temp_dir/vadd_hw/vadd/vadd/solution/.autopilot/db/vadd.verbose.bind.rpt 
Execute           AP::get_flow_target_display_name
Execute             get_solution -flow_target 
Command         syn_report done; 0.27 sec.
Execute         db_write -o /scratch/ravic/Port_DDR_to_HBM/build/HBM2/temp_dir/vadd_hw/vadd/vadd/solution/.autopilot/db/vadd.bind.adb -f 
INFO-FLOW: Finish binding vadd.
Execute         get_model_list vadd -filter all-wo-channel 
INFO-FLOW: Preprocessing for RTLGen ...
Execute         rtl_gen_preprocess vadd 
INFO-FLOW: Model list for RTL generation: vadd
INFO: [HLS 200-10] ----------------------------------------------------------------
INFO: [HLS 200-10] -- Generating RTL for module 'vadd' 
INFO: [HLS 200-10] ----------------------------------------------------------------
Execute         get_config_rtl -module_prefix 
Execute         get_config_rtl -module_prefix 
Execute         get_config_rtl -module_auto_prefix 
Execute         create_rtl_model vadd -top_prefix  -sub_prefix vadd_ -mg_file /scratch/ravic/Port_DDR_to_HBM/build/HBM2/temp_dir/vadd_hw/vadd/vadd/solution/.autopilot/db/vadd.compgen.tcl 
WARNING: [RTGEN 206-101] Design contains AXI ports. Reset is fixed to synchronous and active low.
INFO: [RTGEN 206-500] Setting interface mode on port 'vadd/gmem0' to 'm_axi'.
INFO: [RTGEN 206-500] Setting interface mode on port 'vadd/gmem1' to 'm_axi'.
INFO: [RTGEN 206-500] Setting interface mode on port 'vadd/gmem2' to 'm_axi'.
INFO: [RTGEN 206-500] Setting interface mode on port 'vadd/in1' to 's_axilite & ap_none'.
INFO: [RTGEN 206-500] Setting interface mode on port 'vadd/in2' to 's_axilite & ap_none'.
INFO: [RTGEN 206-500] Setting interface mode on port 'vadd/out_r' to 's_axilite & ap_none'.
INFO: [RTGEN 206-500] Setting interface mode on port 'vadd/size' to 's_axilite & ap_none'.
INFO: [RTGEN 206-500] Setting interface mode on port 'vadd/num_times' to 's_axilite & ap_none'.
INFO: [RTGEN 206-500] Setting interface mode on port 'vadd/addRandom' to 's_axilite & ap_none'.
INFO: [RTGEN 206-500] Setting interface mode on function 'vadd' to 's_axilite & ap_ctrl_chain'.
INFO: [RTGEN 206-100] Bundling port 'in1', 'in2', 'out_r', 'size', 'num_times', 'addRandom' and 'return' to AXI-Lite port control.
Execute           auto_get_db
INFO: [RTGEN 206-100] Generating core module 'urem_32ns_32ns_32_36_seq_1': 1 instance(s).
INFO: [RTGEN 206-100] Finished creating RTL model for 'vadd'.
Command         create_rtl_model done; 0.2 sec.
INFO: [HLS 200-111] Finished creating RTL model: CPU user time: 0.4 seconds. CPU system time: 0.01 seconds. Elapsed time: 0.5 seconds; current allocated memory: 464.999 MB.
Execute         source /scratch/ravic/Port_DDR_to_HBM/build/HBM2/temp_dir/vadd_hw/vadd/vadd/solution/.autopilot/db/vadd.rtl_wrap.cfg.tcl 
Execute         gen_rtl vadd -istop -style xilinx -f -lang vhdl -o /scratch/ravic/Port_DDR_to_HBM/build/HBM2/temp_dir/vadd_hw/vadd/vadd/solution/syn/vhdl/vadd 
Command         gen_rtl done; 0.13 sec.
Execute         gen_rtl vadd -istop -style xilinx -f -lang vlog -o /scratch/ravic/Port_DDR_to_HBM/build/HBM2/temp_dir/vadd_hw/vadd/vadd/solution/syn/verilog/vadd 
Execute         syn_report -csynth -model vadd -o /scratch/ravic/Port_DDR_to_HBM/build/HBM2/temp_dir/vadd_hw/vadd/vadd/solution/syn/report/vadd_csynth.rpt 
Execute           AP::get_flow_target_display_name
Execute             get_solution -flow_target 
Execute         syn_report -rtlxml -model vadd -o /scratch/ravic/Port_DDR_to_HBM/build/HBM2/temp_dir/vadd_hw/vadd/vadd/solution/syn/report/vadd_csynth.xml 
Execute           get_solution -flow_target
Execute             get_solution -flow_target 
Execute         syn_report -verbosereport -model vadd -o /scratch/ravic/Port_DDR_to_HBM/build/HBM2/temp_dir/vadd_hw/vadd/vadd/solution/.autopilot/db/vadd.verbose.rpt 
Execute           AP::get_flow_target_display_name
Execute             get_solution -flow_target 
Command         syn_report done; 0.34 sec.
Execute         db_write -model vadd -f -o /scratch/ravic/Port_DDR_to_HBM/build/HBM2/temp_dir/vadd_hw/vadd/vadd/solution/.autopilot/db/vadd.adb 
Execute         gen_tb_info vadd -p /scratch/ravic/Port_DDR_to_HBM/build/HBM2/temp_dir/vadd_hw/vadd/vadd/solution/.autopilot/db -o /scratch/ravic/Port_DDR_to_HBM/build/HBM2/temp_dir/vadd_hw/vadd/vadd/solution/.autopilot/db/vadd 
Execute         export_constraint_db -f -tool general -o /scratch/ravic/Port_DDR_to_HBM/build/HBM2/temp_dir/vadd_hw/vadd/vadd/solution/.autopilot/db/vadd.constraint.tcl 
Execute         syn_report -designview -model vadd -o /scratch/ravic/Port_DDR_to_HBM/build/HBM2/temp_dir/vadd_hw/vadd/vadd/solution/.autopilot/db/vadd.design.xml 
Command         syn_report done; 0.13 sec.
Execute         syn_report -csynthDesign -model vadd -o /scratch/ravic/Port_DDR_to_HBM/build/HBM2/temp_dir/vadd_hw/vadd/vadd/solution/syn/report/csynth.rpt 
Execute           AP::get_flow_target_display_name
Execute             get_solution -flow_target 
Execute         get_config_rtl -disable_wave_debug 
Execute         syn_report -wcfg -model vadd -o /scratch/ravic/Port_DDR_to_HBM/build/HBM2/temp_dir/vadd_hw/vadd/vadd/solution/.autopilot/db/vadd_dataflow_ana.wcfg 
Execute         syn_report -protoinst -model vadd -o /scratch/ravic/Port_DDR_to_HBM/build/HBM2/temp_dir/vadd_hw/vadd/vadd/solution/.autopilot/db/vadd.protoinst 
Execute         get_config_debug -directory 
Execute         sc_get_clocks vadd 
Execute         get_config_export -vivado_clock 
Execute         get_config_rtl -module_prefix 
Execute         get_config_rtl -module_prefix 
Execute         get_config_rtl -module_auto_prefix 
Execute         sc_get_portdomain vadd 
INFO-FLOW: Model list for RTL component generation: vadd
INFO-FLOW: Handling components in module [vadd] ... 
Execute         source /scratch/ravic/Port_DDR_to_HBM/build/HBM2/temp_dir/vadd_hw/vadd/vadd/solution/.autopilot/db/vadd.compgen.tcl 
INFO-FLOW: Found component vadd_urem_32ns_32ns_32_36_seq_1.
INFO-FLOW: Append model vadd_urem_32ns_32ns_32_36_seq_1
INFO-FLOW: Found component vadd_v1_buffer.
INFO-FLOW: Append model vadd_v1_buffer
INFO-FLOW: Found component vadd_control_s_axi.
INFO-FLOW: Append model vadd_control_s_axi
INFO-FLOW: Found component vadd_gmem0_m_axi.
INFO-FLOW: Append model vadd_gmem0_m_axi
INFO-FLOW: Found component vadd_gmem1_m_axi.
INFO-FLOW: Append model vadd_gmem1_m_axi
INFO-FLOW: Found component vadd_gmem2_m_axi.
INFO-FLOW: Append model vadd_gmem2_m_axi
INFO-FLOW: Append model vadd
INFO-FLOW: Generating RTL model list ...
INFO-FLOW: All models in this session: vadd_urem_32ns_32ns_32_36_seq_1 vadd_v1_buffer vadd_control_s_axi vadd_gmem0_m_axi vadd_gmem1_m_axi vadd_gmem2_m_axi vadd
INFO-FLOW: To file: write model vadd_urem_32ns_32ns_32_36_seq_1
INFO-FLOW: To file: write model vadd_v1_buffer
INFO-FLOW: To file: write model vadd_control_s_axi
INFO-FLOW: To file: write model vadd_gmem0_m_axi
INFO-FLOW: To file: write model vadd_gmem1_m_axi
INFO-FLOW: To file: write model vadd_gmem2_m_axi
INFO-FLOW: To file: write model vadd
INFO-FLOW: Finished generating RTL model list.


INFO-FLOW: RTL Generation done.
INFO-FLOW: CAS Generation done.
INFO-FLOW: CBC Generation done.
Execute         get_top 
Execute         get_config_export -ipname 
INFO-FLOW: DBG:CMD: auto_generate_csynth_design
INFO-FLOW: DBG:CMD:     auto_generate --sim-model -phase csynth_design -d /scratch/ravic/Port_DDR_to_HBM/build/HBM2/temp_dir/vadd_hw/vadd/vadd/solution
Execute         get_solution -flow_target 
Execute         source /scratch/ravic/Port_DDR_to_HBM/build/HBM2/temp_dir/vadd_hw/vadd/vadd/solution/.autopilot/db/global.setting.tcl 
INFO-FLOW: DBG:CMD: read_platform_lib /scratch/ravic/Port_DDR_to_HBM/build/HBM2/temp_dir/vadd_hw/vadd/vadd/solution/.autopilot/db/global.setting.tcl
Execute         source /proj/xbuilds/SWIP/2020.2_0929_2003/installs/lin64/Vitis_HLS/2020.2/common/technology/generic/autopilot/common.gen 
Execute           source /proj/xbuilds/SWIP/2020.2_0929_2003/installs/lin64/Vitis_HLS/2020.2/common/technology/generic/autopilot/APCoreGen.gen 
Execute         source /proj/xbuilds/SWIP/2020.2_0929_2003/installs/lin64/Vitis_HLS/2020.2/common/technology/generic/autopilot/op.gen 
Execute         source /proj/xbuilds/SWIP/2020.2_0929_2003/installs/lin64/Vitis_HLS/2020.2/common/technology/generic/autopilot/op_simcore.gen 
Execute         source /proj/xbuilds/SWIP/2020.2_0929_2003/installs/lin64/Vitis_HLS/2020.2/common/technology/generic/autopilot/interface.gen 
Execute         source /scratch/ravic/Port_DDR_to_HBM/build/HBM2/temp_dir/vadd_hw/vadd/vadd/solution/.autopilot/db/global.setting.tcl 
Execute         source /proj/xbuilds/SWIP/2020.2_0929_2003/installs/lin64/Vitis_HLS/2020.2/common/technology/xilinx/common/xilinx.gen 
Execute           source /proj/xbuilds/SWIP/2020.2_0929_2003/installs/lin64/Vitis_HLS/2020.2/common/technology/xilinx/interface/plb46.gen 
Execute           source /proj/xbuilds/SWIP/2020.2_0929_2003/installs/lin64/Vitis_HLS/2020.2/common/technology/xilinx/interface/axi4.gen 
Execute           source /proj/xbuilds/SWIP/2020.2_0929_2003/installs/lin64/Vitis_HLS/2020.2/common/technology/xilinx/interface/nativeAXI4.gen 
Execute             source /proj/xbuilds/SWIP/2020.2_0929_2003/installs/lin64/Vitis_HLS/2020.2/common/technology/xilinx/interface/saxilite.gen 
Execute             source /proj/xbuilds/SWIP/2020.2_0929_2003/installs/lin64/Vitis_HLS/2020.2/common/technology/xilinx/interface/maxi.gen 
Execute           source /proj/xbuilds/SWIP/2020.2_0929_2003/installs/lin64/Vitis_HLS/2020.2/common/technology/xilinx/scripts/xilinxcoregen.gen 
Execute           source /proj/xbuilds/SWIP/2020.2_0929_2003/installs/lin64/Vitis_HLS/2020.2/common/technology/xilinx/interface/XilEDKCoreGen.gen 
Execute           source /proj/xbuilds/SWIP/2020.2_0929_2003/installs/lin64/Vitis_HLS/2020.2/common/technology/xilinx/ip/dds_compiler.gen 
Execute           source /proj/xbuilds/SWIP/2020.2_0929_2003/installs/lin64/Vitis_HLS/2020.2/common/technology/xilinx/ip/util.gen 
Execute           source /proj/xbuilds/SWIP/2020.2_0929_2003/installs/lin64/Vitis_HLS/2020.2/common/technology/xilinx/ip/xfft.gen 
Execute           source /proj/xbuilds/SWIP/2020.2_0929_2003/installs/lin64/Vitis_HLS/2020.2/common/technology/xilinx/ip/xfir.gen 
Execute           source /proj/xbuilds/SWIP/2020.2_0929_2003/installs/lin64/Vitis_HLS/2020.2/common/technology/xilinx/DSP48/dsp48.gen 
Command         ap_source done; 0.12 sec.
INFO-FLOW: DBG:CMD:   using AESL_AUTOCG::g_clock_period=3.333 (was NA)
INFO-FLOW: DBG:CMD:       generate_ip_cores sim=1 export=0 expOnly=0 dstVlogDir=syn/verilog
Execute         source /scratch/ravic/Port_DDR_to_HBM/build/HBM2/temp_dir/vadd_hw/vadd/vadd/solution/.autopilot/db/global.setting.tcl 
Execute         ap_part_info -name xcu50-fsvh2104-2LV-e -data names -quiet 
Execute         ap_part_info -name xcu50-fsvh2104-2LV-e -data info -quiet 
Execute         source /scratch/ravic/Port_DDR_to_HBM/build/HBM2/temp_dir/vadd_hw/vadd/vadd/solution/.autopilot/db/global.setting.tcl 
Execute         source /scratch/ravic/Port_DDR_to_HBM/build/HBM2/temp_dir/vadd_hw/vadd/vadd/solution/.autopilot/db/global.setting.tcl 
Execute         source /scratch/ravic/Port_DDR_to_HBM/build/HBM2/temp_dir/vadd_hw/vadd/vadd/solution/.autopilot/db/vadd.compgen.tcl 
Execute           ap_part_info -name xcu50-fsvh2104-2LV-e -data names -quiet 
Execute           ap_part_info -name xcu50-fsvh2104-2LV-e -data info -quiet 
INFO: [RTMG 210-282] Generating pipelined core: 'vadd_urem_32ns_32ns_32_36_seq_1_div'
INFO: [RTMG 210-278] Implementing memory 'vadd_v1_buffer_ram (RAM)' using auto RAMs.
Execute           ap_part_info -name xcu50-fsvh2104-2LV-e -data names -quiet 
Execute           ap_part_info -name xcu50-fsvh2104-2LV-e -data info -quiet 
Execute           source ./control.slave.tcl 
Execute           ap_part_info -name xcu50-fsvh2104-2LV-e -data names -quiet 
Execute           ap_part_info -name xcu50-fsvh2104-2LV-e -data info -quiet 
Execute           ap_part_info -name xcu50-fsvh2104-2LV-e -data names -quiet 
Execute           ap_part_info -name xcu50-fsvh2104-2LV-e -data info -quiet 
Execute           ap_part_info -name xcu50-fsvh2104-2LV-e -data names -quiet 
Execute           ap_part_info -name xcu50-fsvh2104-2LV-e -data info -quiet 
Command         ap_source done; 0.23 sec.
Execute         get_solution -flow_target 
Execute         source /scratch/ravic/Port_DDR_to_HBM/build/HBM2/temp_dir/vadd_hw/vadd/vadd/solution/.autopilot/db/global.setting.tcl 
INFO-FLOW: DBG:CMD:       kernel.xml check internal_kernel_xml(1)=/scratch/ravic/Port_DDR_to_HBM/build/HBM2/temp_dir/vadd_hw/vadd/vadd/solution/.autopilot/db/kernel.internal.xml srclang=c top=vadd
INFO-FLOW: DBG:CMD:       kernel.xml check proj_kernel_xml    (1)=/scratch/ravic/Port_DDR_to_HBM/build/HBM2/temp_dir/vadd_hw/vadd/vadd/solution/.autopilot/db/../../../kernel.xml use_proj_kernel_xml=false
INFO-FLOW: DBG:CMD:       copy internal kernel.xml to project: /scratch/ravic/Port_DDR_to_HBM/build/HBM2/temp_dir/vadd_hw/vadd/vadd/solution/.autopilot/db/../../../kernel.xml
INFO-FLOW: DBG:CMD:       update_final_kernel_xml /scratch/ravic/Port_DDR_to_HBM/build/HBM2/temp_dir/vadd_hw/vadd/vadd/solution/.autopilot/db/../../../kernel.xml
Execute         get_config_debug -enable 
Execute         ap_part_info -name xcu50-fsvh2104-2LV-e -data names -quiet 
Execute         ap_part_info -name xcu50-fsvh2104-2LV-e -data info -quiet 
INFO-FLOW: DBG:CMD: Updating /scratch/ravic/Port_DDR_to_HBM/build/HBM2/temp_dir/vadd_hw/vadd/vadd/solution/.autopilot/db/../../../kernel.xml with values: interrupt true debug true compileOptions {-g -DNDDR_BANKS=2 -I /scratch/ravic/Port_DDR_to_HBM/reference_files} name vadd vlnv xilinx.com:hls:vadd:1.0
INFO-FLOW: DBG:CMD:     auto_generate -export -impltomg_flag -rtl both -tool Vivado -pcore_version 1.00.a -phase csynth_design -d /scratch/ravic/Port_DDR_to_HBM/build/HBM2/temp_dir/vadd_hw/vadd/vadd/solution
Execute         get_solution -flow_target 
Execute         source /scratch/ravic/Port_DDR_to_HBM/build/HBM2/temp_dir/vadd_hw/vadd/vadd/solution/.autopilot/db/global.setting.tcl 
INFO-FLOW: DBG:CMD: read_platform_lib /scratch/ravic/Port_DDR_to_HBM/build/HBM2/temp_dir/vadd_hw/vadd/vadd/solution/.autopilot/db/global.setting.tcl
Execute         source /proj/xbuilds/SWIP/2020.2_0929_2003/installs/lin64/Vitis_HLS/2020.2/common/technology/generic/autopilot/common.gen 
Execute           source /proj/xbuilds/SWIP/2020.2_0929_2003/installs/lin64/Vitis_HLS/2020.2/common/technology/generic/autopilot/APCoreGen.gen 
Execute         source /proj/xbuilds/SWIP/2020.2_0929_2003/installs/lin64/Vitis_HLS/2020.2/common/technology/generic/autopilot/op.gen 
Execute         source /proj/xbuilds/SWIP/2020.2_0929_2003/installs/lin64/Vitis_HLS/2020.2/common/technology/generic/autopilot/op_simcore.gen 
Execute         source /proj/xbuilds/SWIP/2020.2_0929_2003/installs/lin64/Vitis_HLS/2020.2/common/technology/generic/autopilot/interface.gen 
Execute         source /scratch/ravic/Port_DDR_to_HBM/build/HBM2/temp_dir/vadd_hw/vadd/vadd/solution/.autopilot/db/global.setting.tcl 
Execute         source /proj/xbuilds/SWIP/2020.2_0929_2003/installs/lin64/Vitis_HLS/2020.2/common/technology/xilinx/common/xilinx.gen 
Execute           source /proj/xbuilds/SWIP/2020.2_0929_2003/installs/lin64/Vitis_HLS/2020.2/common/technology/xilinx/interface/plb46.gen 
Execute           source /proj/xbuilds/SWIP/2020.2_0929_2003/installs/lin64/Vitis_HLS/2020.2/common/technology/xilinx/interface/axi4.gen 
Execute           source /proj/xbuilds/SWIP/2020.2_0929_2003/installs/lin64/Vitis_HLS/2020.2/common/technology/xilinx/interface/nativeAXI4.gen 
Execute             source /proj/xbuilds/SWIP/2020.2_0929_2003/installs/lin64/Vitis_HLS/2020.2/common/technology/xilinx/interface/saxilite.gen 
Execute             source /proj/xbuilds/SWIP/2020.2_0929_2003/installs/lin64/Vitis_HLS/2020.2/common/technology/xilinx/interface/maxi.gen 
Execute           source /proj/xbuilds/SWIP/2020.2_0929_2003/installs/lin64/Vitis_HLS/2020.2/common/technology/xilinx/scripts/xilinxcoregen.gen 
Execute           source /proj/xbuilds/SWIP/2020.2_0929_2003/installs/lin64/Vitis_HLS/2020.2/common/technology/xilinx/interface/XilEDKCoreGen.gen 
Execute           source /proj/xbuilds/SWIP/2020.2_0929_2003/installs/lin64/Vitis_HLS/2020.2/common/technology/xilinx/ip/dds_compiler.gen 
Execute           source /proj/xbuilds/SWIP/2020.2_0929_2003/installs/lin64/Vitis_HLS/2020.2/common/technology/xilinx/ip/util.gen 
Execute           source /proj/xbuilds/SWIP/2020.2_0929_2003/installs/lin64/Vitis_HLS/2020.2/common/technology/xilinx/ip/xfft.gen 
Execute           source /proj/xbuilds/SWIP/2020.2_0929_2003/installs/lin64/Vitis_HLS/2020.2/common/technology/xilinx/ip/xfir.gen 
Execute           source /proj/xbuilds/SWIP/2020.2_0929_2003/installs/lin64/Vitis_HLS/2020.2/common/technology/xilinx/DSP48/dsp48.gen 
Command         ap_source done; 0.12 sec.
INFO-FLOW: DBG:CMD:       initCTypeInfo top_module=vadd xml_exists=0
Execute         source /scratch/ravic/Port_DDR_to_HBM/build/HBM2/temp_dir/vadd_hw/vadd/vadd/solution/.autopilot/db/vadd.rtl_wrap.cfg.tcl 
Execute         source /scratch/ravic/Port_DDR_to_HBM/build/HBM2/temp_dir/vadd_hw/vadd/vadd/solution/.autopilot/db/vadd.rtl_wrap.cfg.tcl 
Execute         source /scratch/ravic/Port_DDR_to_HBM/build/HBM2/temp_dir/vadd_hw/vadd/vadd/solution/.autopilot/db/vadd.rtl_wrap.cfg.tcl 
Execute         source /scratch/ravic/Port_DDR_to_HBM/build/HBM2/temp_dir/vadd_hw/vadd/vadd/solution/.autopilot/db/vadd.tbgen.tcl 
Execute         source /scratch/ravic/Port_DDR_to_HBM/build/HBM2/temp_dir/vadd_hw/vadd/vadd/solution/.autopilot/db/vadd.tbgen.tcl 
INFO-FLOW: DBG:CMD:       export_impl_rtl
INFO-FLOW: DBG:CMD:       generate_ip_cores sim=0 export=0 expOnly=0 dstVlogDir=impl/.verilog
Execute         source /scratch/ravic/Port_DDR_to_HBM/build/HBM2/temp_dir/vadd_hw/vadd/vadd/solution/.autopilot/db/global.setting.tcl 
Execute         source /scratch/ravic/Port_DDR_to_HBM/build/HBM2/temp_dir/vadd_hw/vadd/vadd/solution/.autopilot/db/vadd.compgen.tcl 
INFO-FLOW: DBG:CMD:       generate_ip_cores sim=0 export=1 expOnly=1 dstVlogDir=impl/.pcores/verilog
Execute         source /scratch/ravic/Port_DDR_to_HBM/build/HBM2/temp_dir/vadd_hw/vadd/vadd/solution/.autopilot/db/global.setting.tcl 
Execute         source /scratch/ravic/Port_DDR_to_HBM/build/HBM2/temp_dir/vadd_hw/vadd/vadd/solution/.autopilot/db/vadd.compgen.tcl 
Execute           ap_part_info -name xcu50-fsvh2104-2LV-e -data names -quiet 
Execute           ap_part_info -name xcu50-fsvh2104-2LV-e -data info -quiet 
Execute           ap_part_info -name xcu50-fsvh2104-2LV-e -data names -quiet 
Execute           ap_part_info -name xcu50-fsvh2104-2LV-e -data info -quiet 
Execute           ap_part_info -name xcu50-fsvh2104-2LV-e -data names -quiet 
Execute           ap_part_info -name xcu50-fsvh2104-2LV-e -data info -quiet 
Execute           ap_part_info -name xcu50-fsvh2104-2LV-e -data names -quiet 
Execute           ap_part_info -name xcu50-fsvh2104-2LV-e -data info -quiet 
Execute           ap_part_info -name xcu50-fsvh2104-2LV-e -data names -quiet 
Execute           ap_part_info -name xcu50-fsvh2104-2LV-e -data info -quiet 
Execute           ap_part_info -name xcu50-fsvh2104-2LV-e -data names -quiet 
Execute           ap_part_info -name xcu50-fsvh2104-2LV-e -data info -quiet 
Execute         ap_part_info -name xcu50-fsvh2104-2LV-e -data names -quiet 
Execute         ap_part_info -name xcu50-fsvh2104-2LV-e -data info -quiet 
INFO-FLOW: DBG:CMD:       generate_ip_cores sim=0 export=0 expOnly=0 dstVlogDir=impl/.pcores/verilog_sim
Execute         source /scratch/ravic/Port_DDR_to_HBM/build/HBM2/temp_dir/vadd_hw/vadd/vadd/solution/.autopilot/db/global.setting.tcl 
Execute         source /scratch/ravic/Port_DDR_to_HBM/build/HBM2/temp_dir/vadd_hw/vadd/vadd/solution/.autopilot/db/vadd.compgen.tcl 
Execute         ap_part_info -name xcu50-fsvh2104-2LV-e -data names -quiet 
Execute         ap_part_info -name xcu50-fsvh2104-2LV-e -data info -quiet 
Execute         ap_part_info -name xcu50-fsvh2104-2LV-e -data names -quiet 
Execute         ap_part_info -name xcu50-fsvh2104-2LV-e -data info -quiet 
Execute         source /scratch/ravic/Port_DDR_to_HBM/build/HBM2/temp_dir/vadd_hw/vadd/vadd/solution/.autopilot/db/global.setting.tcl 
Execute         ap_part_info -name xcu50-fsvh2104-2LV-e -data names -quiet 
Execute         ap_part_info -name xcu50-fsvh2104-2LV-e -data info -quiet 
Execute         source /scratch/ravic/Port_DDR_to_HBM/build/HBM2/temp_dir/vadd_hw/vadd/vadd/solution/.autopilot/db/vadd.constraint.tcl 
Execute         source /scratch/ravic/Port_DDR_to_HBM/build/HBM2/temp_dir/vadd_hw/vadd/vadd/solution/.autopilot/db/vadd.tbgen.tcl 
INFO-FLOW: DBG:CMD:       hasPcoreIpAdapter=false #gSsdmPorts=0
Execute         get_solution -flow_target 
Execute         source /scratch/ravic/Port_DDR_to_HBM/build/HBM2/temp_dir/vadd_hw/vadd/vadd/solution/.autopilot/db/global.setting.tcl 
INFO-FLOW: DBG:CMD:       kernel.xml check internal_kernel_xml(1)=/scratch/ravic/Port_DDR_to_HBM/build/HBM2/temp_dir/vadd_hw/vadd/vadd/solution/.autopilot/db/kernel.internal.xml srclang=c top=vadd
INFO-FLOW: DBG:CMD:       kernel.xml check proj_kernel_xml    (1)=/scratch/ravic/Port_DDR_to_HBM/build/HBM2/temp_dir/vadd_hw/vadd/vadd/solution/.autopilot/db/../../../kernel.xml use_proj_kernel_xml=false
INFO-FLOW: DBG:CMD:       copy internal kernel.xml to project: /scratch/ravic/Port_DDR_to_HBM/build/HBM2/temp_dir/vadd_hw/vadd/vadd/solution/.autopilot/db/../../../kernel.xml
INFO-FLOW: DBG:CMD:       update_final_kernel_xml /scratch/ravic/Port_DDR_to_HBM/build/HBM2/temp_dir/vadd_hw/vadd/vadd/solution/.autopilot/db/../../../kernel.xml
Execute         get_config_debug -enable 
Execute         ap_part_info -name xcu50-fsvh2104-2LV-e -data names -quiet 
Execute         ap_part_info -name xcu50-fsvh2104-2LV-e -data info -quiet 
INFO-FLOW: DBG:CMD: Updating /scratch/ravic/Port_DDR_to_HBM/build/HBM2/temp_dir/vadd_hw/vadd/vadd/solution/.autopilot/db/../../../kernel.xml with values: interrupt true debug true compileOptions {-g -DNDDR_BANKS=2 -I /scratch/ravic/Port_DDR_to_HBM/reference_files} name vadd vlnv xilinx.com:hls:vadd:1.0
INFO-FLOW: DBG:CMD: Skipping loadAnalyze_DB, #g_database=9
INFO-FLOW: DBG:CMD:       generate_json is_phase_csynth=1 g_has_adaptors=false generate_bd_files=0 #modelList=7 #gSsdmPorts=0
Execute         source /proj/xbuilds/SWIP/2020.2_0929_2003/installs/lin64/Vitis_HLS/2020.2/tps/tcl/tcllib1.11.1/fileutil/fileutil.tcl 
Execute         source /scratch/ravic/Port_DDR_to_HBM/build/HBM2/temp_dir/vadd_hw/vadd/vadd/solution/.autopilot/db/global.setting.tcl 
Execute         source /scratch/ravic/Port_DDR_to_HBM/build/HBM2/temp_dir/vadd_hw/vadd/vadd/solution/.autopilot/db/global.setting.tcl 
Execute         source /scratch/ravic/Port_DDR_to_HBM/build/HBM2/temp_dir/vadd_hw/vadd/vadd/solution/.autopilot/db/top-io-be.tcl 
Execute         source /scratch/ravic/Port_DDR_to_HBM/build/HBM2/temp_dir/vadd_hw/vadd/vadd/solution/.autopilot/db/vadd.tbgen.tcl 
Execute         source /scratch/ravic/Port_DDR_to_HBM/build/HBM2/temp_dir/vadd_hw/vadd/vadd/solution/.autopilot/db/vadd.compgen.dataonly.tcl 
Execute         source /scratch/ravic/Port_DDR_to_HBM/build/HBM2/temp_dir/vadd_hw/vadd/vadd/solution/.autopilot/db/vadd.compgen.dataonly.tcl 
Execute         source /scratch/ravic/Port_DDR_to_HBM/build/HBM2/temp_dir/vadd_hw/vadd/vadd/solution/.autopilot/db/vadd.tbgen.tcl 
Execute         source /scratch/ravic/Port_DDR_to_HBM/build/HBM2/temp_dir/vadd_hw/vadd/vadd/solution/.autopilot/db/vadd.tbgen.tcl 
Execute         source /scratch/ravic/Port_DDR_to_HBM/build/HBM2/temp_dir/vadd_hw/vadd/vadd/solution/.autopilot/db/vadd.tbgen.tcl 
Execute         source /scratch/ravic/Port_DDR_to_HBM/build/HBM2/temp_dir/vadd_hw/vadd/vadd/solution/.autopilot/db/vadd.rtl_wrap.cfg.tcl 
Execute         source /scratch/ravic/Port_DDR_to_HBM/build/HBM2/temp_dir/vadd_hw/vadd/vadd/solution/.autopilot/db/vadd.compgen.dataonly.tcl 
Execute         get_config_export -format 
Execute         ap_part_info -name xcu50-fsvh2104-2LV-e -data names -quiet 
Execute         ap_part_info -name xcu50-fsvh2104-2LV-e -data info -quiet 
Execute         source /scratch/ravic/Port_DDR_to_HBM/build/HBM2/temp_dir/vadd_hw/vadd/vadd/solution/.autopilot/db/vadd.tbgen.tcl 
Execute         source /scratch/ravic/Port_DDR_to_HBM/build/HBM2/temp_dir/vadd_hw/vadd/vadd/solution/.autopilot/db/global.setting.tcl 
Execute         ap_part_info -name xcu50-fsvh2104-2LV-e -data names -quiet 
Execute         ap_part_info -name xcu50-fsvh2104-2LV-e -data info -quiet 
Execute         get_solution -flow_target 
Execute         get_config_rtl -kernel_profile 
Execute         get_config_rtl -kernel_profile 
Execute         source /scratch/ravic/Port_DDR_to_HBM/build/HBM2/temp_dir/vadd_hw/vadd/vadd/solution/.autopilot/db/vadd.constraint.tcl 
Execute         sc_get_clocks vadd 
Execute         source /scratch/ravic/Port_DDR_to_HBM/build/HBM2/temp_dir/vadd_hw/vadd/vadd/solution/.autopilot/db/global.setting.tcl 
Execute         get_config_debug -directory 
INFO-FLOW: DBG:CMD:       delete-temp-dirs (skipped for debug)
INFO: [HLS 200-111] Finished generating all RTL models: CPU user time: 2.64 seconds. CPU system time: 0.05 seconds. Elapsed time: 2.73 seconds; current allocated memory: 478.113 MB.
INFO: [VHDL 208-304] Generating VHDL RTL for vadd.
INFO: [VLOG 209-307] Generating Verilog RTL for vadd.
INFO-FLOW: DBG:CMD:       update_csynth_xml_report append design.xml content design_xml=/scratch/ravic/Port_DDR_to_HBM/build/HBM2/temp_dir/vadd_hw/vadd/vadd/solution/.autopilot/db/vadd.design.xml
INFO-FLOW: DBG:CMD:       update_csynth_xml_report json2reportxml
INFO-FLOW: DBG:CMD:       update_csynth_xml_report done
Execute         syn_report -model vadd -printsummary 
INFO: [HLS 200-790] **** Loop Constraint Status: All loop constraints were satisfied.
INFO: [HLS 200-789] **** Estimated Fmax: 411.00 MHz
Command       autosyn done; 5.45 sec.
Command     csynth_design done; 19.55 sec.
Execute     export_design 
INFO: [HLS 200-1510] Running: export_design 
Execute       get_config_export -clock_margin 
Execute       get_config_export -custom_script 
Execute       get_config_export -description 
Execute       get_config_export -display_name 
Execute       get_config_export -driver_input_dir 
Execute       get_config_export -format 
Execute       get_config_export -ipname 
Execute       get_config_export -library 
Execute       get_config_export -output 
Execute       get_config_export -qor_test 
Execute       get_config_export -rtl 
Execute       get_config_export -sim 
Execute       get_config_export -taxonomy 
Execute       get_config_export -use_ip 
Execute       get_config_export -use_netlist 
Execute       get_config_export -vendor 
Execute       get_config_export -version 
Execute       get_config_export -xo 
INFO-FLOW: DBG:CMD: export_design_wrap: -format ip_catalog -rtl verilog -ipname vadd
Execute       source /scratch/ravic/Port_DDR_to_HBM/build/HBM2/temp_dir/vadd_hw/vadd/vadd/solution/.autopilot/db/global.setting.tcl 
Execute       get_config_export -vivado_clock 
Execute       get_top 
Execute       get_config_export -ipname 
Execute       get_solution -flow_target 
INFO-FLOW: DBG:CMD:   auto_impl: pack: -export -rtl verilog
Execute       source /scratch/ravic/Port_DDR_to_HBM/build/HBM2/temp_dir/vadd_hw/vadd/vadd/solution/.autopilot/db/global.setting.tcl 
INFO: [IMPL 213-8] Exporting RTL as a Vivado IP.
Execute       source /scratch/ravic/Port_DDR_to_HBM/build/HBM2/temp_dir/vadd_hw/vadd/vadd/solution/.autopilot/db/global.setting.tcl 
INFO-FLOW: DBG:CMD: automg_wrap -export -pcore_version 1.00.a -rtl vlog -tool Vivado -impltomg_flag
INFO-FLOW: DBG:CMD:     auto_generate -export -pcore_version 1.00.a -rtl vlog -tool Vivado -impltomg_flag
Execute       get_solution -flow_target 
Execute       source /scratch/ravic/Port_DDR_to_HBM/build/HBM2/temp_dir/vadd_hw/vadd/vadd/solution/.autopilot/db/global.setting.tcl 
INFO-FLOW: DBG:CMD: read_platform_lib /scratch/ravic/Port_DDR_to_HBM/build/HBM2/temp_dir/vadd_hw/vadd/vadd/solution/.autopilot/db/global.setting.tcl
Execute       source /proj/xbuilds/SWIP/2020.2_0929_2003/installs/lin64/Vitis_HLS/2020.2/common/technology/generic/autopilot/common.gen 
Execute         source /proj/xbuilds/SWIP/2020.2_0929_2003/installs/lin64/Vitis_HLS/2020.2/common/technology/generic/autopilot/APCoreGen.gen 
Execute       source /proj/xbuilds/SWIP/2020.2_0929_2003/installs/lin64/Vitis_HLS/2020.2/common/technology/generic/autopilot/op.gen 
Execute       source /proj/xbuilds/SWIP/2020.2_0929_2003/installs/lin64/Vitis_HLS/2020.2/common/technology/generic/autopilot/op_simcore.gen 
Execute       source /proj/xbuilds/SWIP/2020.2_0929_2003/installs/lin64/Vitis_HLS/2020.2/common/technology/generic/autopilot/interface.gen 
Execute       source /scratch/ravic/Port_DDR_to_HBM/build/HBM2/temp_dir/vadd_hw/vadd/vadd/solution/.autopilot/db/global.setting.tcl 
Execute       source /proj/xbuilds/SWIP/2020.2_0929_2003/installs/lin64/Vitis_HLS/2020.2/common/technology/xilinx/common/xilinx.gen 
Execute         source /proj/xbuilds/SWIP/2020.2_0929_2003/installs/lin64/Vitis_HLS/2020.2/common/technology/xilinx/interface/plb46.gen 
Execute         source /proj/xbuilds/SWIP/2020.2_0929_2003/installs/lin64/Vitis_HLS/2020.2/common/technology/xilinx/interface/axi4.gen 
Execute         source /proj/xbuilds/SWIP/2020.2_0929_2003/installs/lin64/Vitis_HLS/2020.2/common/technology/xilinx/interface/nativeAXI4.gen 
Execute           source /proj/xbuilds/SWIP/2020.2_0929_2003/installs/lin64/Vitis_HLS/2020.2/common/technology/xilinx/interface/saxilite.gen 
Execute           source /proj/xbuilds/SWIP/2020.2_0929_2003/installs/lin64/Vitis_HLS/2020.2/common/technology/xilinx/interface/maxi.gen 
Execute         source /proj/xbuilds/SWIP/2020.2_0929_2003/installs/lin64/Vitis_HLS/2020.2/common/technology/xilinx/scripts/xilinxcoregen.gen 
Execute         source /proj/xbuilds/SWIP/2020.2_0929_2003/installs/lin64/Vitis_HLS/2020.2/common/technology/xilinx/interface/XilEDKCoreGen.gen 
Execute         source /proj/xbuilds/SWIP/2020.2_0929_2003/installs/lin64/Vitis_HLS/2020.2/common/technology/xilinx/ip/dds_compiler.gen 
Execute         source /proj/xbuilds/SWIP/2020.2_0929_2003/installs/lin64/Vitis_HLS/2020.2/common/technology/xilinx/ip/util.gen 
Execute         source /proj/xbuilds/SWIP/2020.2_0929_2003/installs/lin64/Vitis_HLS/2020.2/common/technology/xilinx/ip/xfft.gen 
Execute         source /proj/xbuilds/SWIP/2020.2_0929_2003/installs/lin64/Vitis_HLS/2020.2/common/technology/xilinx/ip/xfir.gen 
Execute         source /proj/xbuilds/SWIP/2020.2_0929_2003/installs/lin64/Vitis_HLS/2020.2/common/technology/xilinx/DSP48/dsp48.gen 
Command       ap_source done; 0.12 sec.
INFO-FLOW: DBG:CMD:       export_impl_rtl
INFO-FLOW: DBG:CMD:       generate_ip_cores sim=0 export=0 expOnly=0 dstVlogDir=impl/.verilog
Execute       source /scratch/ravic/Port_DDR_to_HBM/build/HBM2/temp_dir/vadd_hw/vadd/vadd/solution/.autopilot/db/global.setting.tcl 
Execute       source /scratch/ravic/Port_DDR_to_HBM/build/HBM2/temp_dir/vadd_hw/vadd/vadd/solution/.autopilot/db/vadd.compgen.tcl 
Execute       get_config_export -disable_deadlock_detection 
INFO-FLOW: DBG:CMD:       generate_ip_cores sim=0 export=1 expOnly=1 dstVlogDir=impl/.pcores/verilog
Execute       source /scratch/ravic/Port_DDR_to_HBM/build/HBM2/temp_dir/vadd_hw/vadd/vadd/solution/.autopilot/db/global.setting.tcl 
Execute       source /scratch/ravic/Port_DDR_to_HBM/build/HBM2/temp_dir/vadd_hw/vadd/vadd/solution/.autopilot/db/vadd.compgen.tcl 
Execute         ap_part_info -name xcu50-fsvh2104-2LV-e -data names -quiet 
Execute         ap_part_info -name xcu50-fsvh2104-2LV-e -data info -quiet 
Execute         ap_part_info -name xcu50-fsvh2104-2LV-e -data names -quiet 
Execute         ap_part_info -name xcu50-fsvh2104-2LV-e -data info -quiet 
Execute         ap_part_info -name xcu50-fsvh2104-2LV-e -data names -quiet 
Execute         ap_part_info -name xcu50-fsvh2104-2LV-e -data info -quiet 
Execute         ap_part_info -name xcu50-fsvh2104-2LV-e -data names -quiet 
Execute         ap_part_info -name xcu50-fsvh2104-2LV-e -data info -quiet 
Execute         ap_part_info -name xcu50-fsvh2104-2LV-e -data names -quiet 
Execute         ap_part_info -name xcu50-fsvh2104-2LV-e -data info -quiet 
Execute         ap_part_info -name xcu50-fsvh2104-2LV-e -data names -quiet 
Execute         ap_part_info -name xcu50-fsvh2104-2LV-e -data info -quiet 
Execute       ap_part_info -name xcu50-fsvh2104-2LV-e -data names -quiet 
Execute       ap_part_info -name xcu50-fsvh2104-2LV-e -data info -quiet 
INFO-FLOW: DBG:CMD:       generate_ip_cores sim=0 export=0 expOnly=0 dstVlogDir=impl/.pcores/verilog_sim
Execute       source /scratch/ravic/Port_DDR_to_HBM/build/HBM2/temp_dir/vadd_hw/vadd/vadd/solution/.autopilot/db/global.setting.tcl 
Execute       source /scratch/ravic/Port_DDR_to_HBM/build/HBM2/temp_dir/vadd_hw/vadd/vadd/solution/.autopilot/db/vadd.compgen.tcl 
Execute       get_config_export -disable_deadlock_detection 
Execute       ap_part_info -name xcu50-fsvh2104-2LV-e -data names -quiet 
Execute       ap_part_info -name xcu50-fsvh2104-2LV-e -data info -quiet 
Execute       ap_part_info -name xcu50-fsvh2104-2LV-e -data names -quiet 
Execute       ap_part_info -name xcu50-fsvh2104-2LV-e -data info -quiet 
Execute       source /scratch/ravic/Port_DDR_to_HBM/build/HBM2/temp_dir/vadd_hw/vadd/vadd/solution/.autopilot/db/global.setting.tcl 
Execute       ap_part_info -name xcu50-fsvh2104-2LV-e -data names -quiet 
Execute       ap_part_info -name xcu50-fsvh2104-2LV-e -data info -quiet 
Execute       source /scratch/ravic/Port_DDR_to_HBM/build/HBM2/temp_dir/vadd_hw/vadd/vadd/solution/.autopilot/db/vadd.constraint.tcl 
Execute       source /scratch/ravic/Port_DDR_to_HBM/build/HBM2/temp_dir/vadd_hw/vadd/vadd/solution/.autopilot/db/vadd.tbgen.tcl 
INFO-FLOW: DBG:CMD:       hasPcoreIpAdapter=false #gSsdmPorts=0
Execute       get_solution -flow_target 
Execute       source /scratch/ravic/Port_DDR_to_HBM/build/HBM2/temp_dir/vadd_hw/vadd/vadd/solution/.autopilot/db/global.setting.tcl 
INFO-FLOW: DBG:CMD:       kernel.xml check internal_kernel_xml(1)=/scratch/ravic/Port_DDR_to_HBM/build/HBM2/temp_dir/vadd_hw/vadd/vadd/solution/.autopilot/db/kernel.internal.xml srclang=c top=vadd
INFO-FLOW: DBG:CMD:       kernel.xml check proj_kernel_xml    (1)=/scratch/ravic/Port_DDR_to_HBM/build/HBM2/temp_dir/vadd_hw/vadd/vadd/solution/.autopilot/db/../../../kernel.xml use_proj_kernel_xml=false
INFO-FLOW: DBG:CMD:       copy internal kernel.xml to project: /scratch/ravic/Port_DDR_to_HBM/build/HBM2/temp_dir/vadd_hw/vadd/vadd/solution/.autopilot/db/../../../kernel.xml
INFO-FLOW: DBG:CMD:       update_final_kernel_xml /scratch/ravic/Port_DDR_to_HBM/build/HBM2/temp_dir/vadd_hw/vadd/vadd/solution/.autopilot/db/../../../kernel.xml
Execute       get_config_debug -enable 
Execute       ap_part_info -name xcu50-fsvh2104-2LV-e -data names -quiet 
Execute       ap_part_info -name xcu50-fsvh2104-2LV-e -data info -quiet 
INFO-FLOW: DBG:CMD: Updating /scratch/ravic/Port_DDR_to_HBM/build/HBM2/temp_dir/vadd_hw/vadd/vadd/solution/.autopilot/db/../../../kernel.xml with values: interrupt true debug true compileOptions {-g -DNDDR_BANKS=2 -I /scratch/ravic/Port_DDR_to_HBM/reference_files} name vadd vlnv xilinx.com:hls:vadd:1.0
INFO-FLOW: DBG:CMD: Skipping loadAnalyze_DB, #g_database=9
INFO-FLOW: DBG:CMD:       generate_json is_phase_csynth=0 g_has_adaptors=false generate_bd_files=0 #modelList=7 #gSsdmPorts=0
Execute       source /scratch/ravic/Port_DDR_to_HBM/build/HBM2/temp_dir/vadd_hw/vadd/vadd/solution/.autopilot/db/global.setting.tcl 
Execute       source /scratch/ravic/Port_DDR_to_HBM/build/HBM2/temp_dir/vadd_hw/vadd/vadd/solution/.autopilot/db/global.setting.tcl 
Execute       source /scratch/ravic/Port_DDR_to_HBM/build/HBM2/temp_dir/vadd_hw/vadd/vadd/solution/.autopilot/db/top-io-be.tcl 
Execute       source /scratch/ravic/Port_DDR_to_HBM/build/HBM2/temp_dir/vadd_hw/vadd/vadd/solution/.autopilot/db/vadd.tbgen.tcl 
Execute       source /scratch/ravic/Port_DDR_to_HBM/build/HBM2/temp_dir/vadd_hw/vadd/vadd/solution/.autopilot/db/vadd.compgen.dataonly.tcl 
Execute       source /scratch/ravic/Port_DDR_to_HBM/build/HBM2/temp_dir/vadd_hw/vadd/vadd/solution/.autopilot/db/vadd.compgen.dataonly.tcl 
Execute       source /scratch/ravic/Port_DDR_to_HBM/build/HBM2/temp_dir/vadd_hw/vadd/vadd/solution/.autopilot/db/vadd.tbgen.tcl 
Execute       source /scratch/ravic/Port_DDR_to_HBM/build/HBM2/temp_dir/vadd_hw/vadd/vadd/solution/.autopilot/db/vadd.tbgen.tcl 
Execute       source /scratch/ravic/Port_DDR_to_HBM/build/HBM2/temp_dir/vadd_hw/vadd/vadd/solution/.autopilot/db/vadd.tbgen.tcl 
Execute       source /scratch/ravic/Port_DDR_to_HBM/build/HBM2/temp_dir/vadd_hw/vadd/vadd/solution/.autopilot/db/vadd.rtl_wrap.cfg.tcl 
Execute       source /scratch/ravic/Port_DDR_to_HBM/build/HBM2/temp_dir/vadd_hw/vadd/vadd/solution/.autopilot/db/vadd.compgen.dataonly.tcl 
Execute       get_config_export -format 
Execute       ap_part_info -name xcu50-fsvh2104-2LV-e -data names -quiet 
Execute       ap_part_info -name xcu50-fsvh2104-2LV-e -data info -quiet 
Execute       source /scratch/ravic/Port_DDR_to_HBM/build/HBM2/temp_dir/vadd_hw/vadd/vadd/solution/.autopilot/db/vadd.tbgen.tcl 
Execute       source /scratch/ravic/Port_DDR_to_HBM/build/HBM2/temp_dir/vadd_hw/vadd/vadd/solution/.autopilot/db/global.setting.tcl 
Execute       ap_part_info -name xcu50-fsvh2104-2LV-e -data names -quiet 
Execute       ap_part_info -name xcu50-fsvh2104-2LV-e -data info -quiet 
Execute       get_solution -flow_target 
Execute       get_config_rtl -kernel_profile 
Execute       get_config_rtl -kernel_profile 
Execute       source /scratch/ravic/Port_DDR_to_HBM/build/HBM2/temp_dir/vadd_hw/vadd/vadd/solution/.autopilot/db/vadd.constraint.tcl 
Execute       sc_get_clocks vadd 
Execute       source /scratch/ravic/Port_DDR_to_HBM/build/HBM2/temp_dir/vadd_hw/vadd/vadd/solution/.autopilot/db/global.setting.tcl 
Execute       get_config_debug -directory 
INFO-FLOW: DBG:CMD:       copying IP vlog from /scratch/ravic/Port_DDR_to_HBM/build/HBM2/temp_dir/vadd_hw/vadd/vadd/solution/impl/verilog
INFO-FLOW: DBG:CMD:       copying IP vhdl from /scratch/ravic/Port_DDR_to_HBM/build/HBM2/temp_dir/vadd_hw/vadd/vadd/solution/impl/vhdl
INFO-FLOW: DBG:CMD:       copy ip_driver_dir 1_0 /scratch/ravic/Port_DDR_to_HBM/build/HBM2/temp_dir/vadd_hw/vadd/vadd/solution/.autopilot/db/driver
Execute       get_config_export -format 
INFO-FLOW: DBG:CMD:       generate_ip_script #gSsdmPorts=0 g_lang=vlog is_sdaccel=true is_sdsoc=true xo_file=
Execute       ap_part_info -name xcu50-fsvh2104-2LV-e -data names -quiet 
Execute       ap_part_info -name xcu50-fsvh2104-2LV-e -data info -quiet 
Execute       ap_part_info -name xcu50-fsvh2104-2LV-e -data names -quiet 
Execute       ap_part_info -name xcu50-fsvh2104-2LV-e -data info -quiet 
Execute       source /scratch/ravic/Port_DDR_to_HBM/build/HBM2/temp_dir/vadd_hw/vadd/vadd/solution/.autopilot/db/vadd.compgen.dataonly.tcl 
Execute       source /scratch/ravic/Port_DDR_to_HBM/build/HBM2/temp_dir/vadd_hw/vadd/vadd/solution/.autopilot/db/vadd.compgen.dataonly.tcl 
Execute       source /scratch/ravic/Port_DDR_to_HBM/build/HBM2/temp_dir/vadd_hw/vadd/vadd/solution/.autopilot/db/vadd.tbgen.tcl 
Execute       source /scratch/ravic/Port_DDR_to_HBM/build/HBM2/temp_dir/vadd_hw/vadd/vadd/solution/.autopilot/db/vadd.tbgen.tcl 
Execute       source /scratch/ravic/Port_DDR_to_HBM/build/HBM2/temp_dir/vadd_hw/vadd/vadd/solution/.autopilot/db/vadd.tbgen.tcl 
Execute       source /scratch/ravic/Port_DDR_to_HBM/build/HBM2/temp_dir/vadd_hw/vadd/vadd/solution/.autopilot/db/global.setting.tcl 
Execute       get_config_debug -directory 
INFO-FLOW: DBG:CMD:       generate_ip_auxiliary
Execute       ap_part_info -name xcu50-fsvh2104-2LV-e -data names -quiet 
Execute       ap_part_info -name xcu50-fsvh2104-2LV-e -data info -quiet 
Execute       source /scratch/ravic/Port_DDR_to_HBM/build/HBM2/temp_dir/vadd_hw/vadd/vadd/solution/.autopilot/db/global.setting.tcl 
INFO-FLOW: DBG:CMD:       prepArgInfo -> loadAnalyze_DB top_module=vadd
Execute       source /scratch/ravic/Port_DDR_to_HBM/build/HBM2/temp_dir/vadd_hw/vadd/vadd/solution/.autopilot/db/vadd.rtl_wrap.cfg.tcl 
Execute       source /scratch/ravic/Port_DDR_to_HBM/build/HBM2/temp_dir/vadd_hw/vadd/vadd/solution/.autopilot/db/vadd.rtl_wrap.cfg.tcl 
Execute       source /scratch/ravic/Port_DDR_to_HBM/build/HBM2/temp_dir/vadd_hw/vadd/vadd/solution/.autopilot/db/vadd.rtl_wrap.cfg.tcl 
Execute       source /scratch/ravic/Port_DDR_to_HBM/build/HBM2/temp_dir/vadd_hw/vadd/vadd/solution/.autopilot/db/vadd.tbgen.tcl 
Execute       source /scratch/ravic/Port_DDR_to_HBM/build/HBM2/temp_dir/vadd_hw/vadd/vadd/solution/.autopilot/db/vadd.tbgen.tcl 
Execute       source /scratch/ravic/Port_DDR_to_HBM/build/HBM2/temp_dir/vadd_hw/vadd/vadd/solution/.autopilot/db/vadd.tbgen.tcl 
INFO-FLOW: DBG:CMD:       generate_top_info
INFO-FLOW: DBG:CMD:       prepArgInfo -> loadAnalyze_DB top_module=vadd
Execute       source /scratch/ravic/Port_DDR_to_HBM/build/HBM2/temp_dir/vadd_hw/vadd/vadd/solution/.autopilot/db/vadd.rtl_wrap.cfg.tcl 
Execute       source /scratch/ravic/Port_DDR_to_HBM/build/HBM2/temp_dir/vadd_hw/vadd/vadd/solution/.autopilot/db/vadd.rtl_wrap.cfg.tcl 
Execute       source /scratch/ravic/Port_DDR_to_HBM/build/HBM2/temp_dir/vadd_hw/vadd/vadd/solution/.autopilot/db/vadd.rtl_wrap.cfg.tcl 
Execute       source /scratch/ravic/Port_DDR_to_HBM/build/HBM2/temp_dir/vadd_hw/vadd/vadd/solution/.autopilot/db/vadd.tbgen.tcl 
Execute       source /scratch/ravic/Port_DDR_to_HBM/build/HBM2/temp_dir/vadd_hw/vadd/vadd/solution/.autopilot/db/vadd.tbgen.tcl 
Execute       ap_part_info -name xcu50-fsvh2104-2LV-e -data names -quiet 
Execute       ap_part_info -name xcu50-fsvh2104-2LV-e -data info -quiet 
Execute       source /scratch/ravic/Port_DDR_to_HBM/build/HBM2/temp_dir/vadd_hw/vadd/vadd/solution/.autopilot/db/global.setting.tcl 
Execute       ap_part_info -name xcu50-fsvh2104-2LV-e -data names -quiet 
Execute       ap_part_info -name xcu50-fsvh2104-2LV-e -data info -quiet 
Execute       ap_part_info -name xcu50-fsvh2104-2LV-e -data names -quiet 
Execute       ap_part_info -name xcu50-fsvh2104-2LV-e -data info -quiet 
Execute       source /scratch/ravic/Port_DDR_to_HBM/build/HBM2/temp_dir/vadd_hw/vadd/vadd/solution/.autopilot/db/vadd.tbgen.tcl 
Execute       source /scratch/ravic/Port_DDR_to_HBM/build/HBM2/temp_dir/vadd_hw/vadd/vadd/solution/.autopilot/db/global.setting.tcl 
Execute       source /scratch/ravic/Port_DDR_to_HBM/build/HBM2/temp_dir/vadd_hw/vadd/vadd/solution/.autopilot/db/vadd.constraint.tcl 
INFO-FLOW: DBG:CMD:       generate_ipi_example_script
Execute       ap_part_info -name xcu50-fsvh2104-2LV-e -data names -quiet 
Execute       ap_part_info -name xcu50-fsvh2104-2LV-e -data info -quiet 
Execute       ap_part_info -name xcu50-fsvh2104-2LV-e -data names -quiet 
Execute       ap_part_info -name xcu50-fsvh2104-2LV-e -data info -quiet 
INFO-FLOW: DBG:CMD:       generate_syn_sh
Execute       ap_part_info -name xcu50-fsvh2104-2LV-e -data names -quiet 
Execute       ap_part_info -name xcu50-fsvh2104-2LV-e -data info -quiet 
Execute       source /scratch/ravic/Port_DDR_to_HBM/build/HBM2/temp_dir/vadd_hw/vadd/vadd/solution/.autopilot/db/global.setting.tcl 
INFO-FLOW: DBG:CMD:       generate_imp_constraints
Execute       ap_part_info -name xcu50-fsvh2104-2LV-e -data names -quiet 
Execute       ap_part_info -name xcu50-fsvh2104-2LV-e -data info -quiet 
Execute       source /scratch/ravic/Port_DDR_to_HBM/build/HBM2/temp_dir/vadd_hw/vadd/vadd/solution/.autopilot/db/vadd.constraint.tcl 
Execute       source /scratch/ravic/Port_DDR_to_HBM/build/HBM2/temp_dir/vadd_hw/vadd/vadd/solution/.autopilot/db/vadd.tbgen.tcl 
INFO-FLOW: DBG:CMD:       delete-temp-dirs (skipped for debug)
Execute       ap_part_info -name xcu50-fsvh2104-2LV-e -data names -quiet 
Execute       ap_part_info -name xcu50-fsvh2104-2LV-e -data info -quiet 
INFO-FLOW: DBG:CMD: read_platform_lib /scratch/ravic/Port_DDR_to_HBM/build/HBM2/temp_dir/vadd_hw/vadd/vadd/solution/.autopilot/db/global.setting.tcl
Execute       source /proj/xbuilds/SWIP/2020.2_0929_2003/installs/lin64/Vitis_HLS/2020.2/common/technology/generic/autopilot/common.gen 
Execute         source /proj/xbuilds/SWIP/2020.2_0929_2003/installs/lin64/Vitis_HLS/2020.2/common/technology/generic/autopilot/APCoreGen.gen 
Execute       source /proj/xbuilds/SWIP/2020.2_0929_2003/installs/lin64/Vitis_HLS/2020.2/common/technology/generic/autopilot/op.gen 
Execute       source /proj/xbuilds/SWIP/2020.2_0929_2003/installs/lin64/Vitis_HLS/2020.2/common/technology/generic/autopilot/op_simcore.gen 
Execute       source /proj/xbuilds/SWIP/2020.2_0929_2003/installs/lin64/Vitis_HLS/2020.2/common/technology/generic/autopilot/interface.gen 
Execute       source /scratch/ravic/Port_DDR_to_HBM/build/HBM2/temp_dir/vadd_hw/vadd/vadd/solution/.autopilot/db/global.setting.tcl 
Execute       source /proj/xbuilds/SWIP/2020.2_0929_2003/installs/lin64/Vitis_HLS/2020.2/common/technology/xilinx/common/xilinx.gen 
Execute         source /proj/xbuilds/SWIP/2020.2_0929_2003/installs/lin64/Vitis_HLS/2020.2/common/technology/xilinx/interface/plb46.gen 
Execute         source /proj/xbuilds/SWIP/2020.2_0929_2003/installs/lin64/Vitis_HLS/2020.2/common/technology/xilinx/interface/axi4.gen 
Execute         source /proj/xbuilds/SWIP/2020.2_0929_2003/installs/lin64/Vitis_HLS/2020.2/common/technology/xilinx/interface/nativeAXI4.gen 
Execute           source /proj/xbuilds/SWIP/2020.2_0929_2003/installs/lin64/Vitis_HLS/2020.2/common/technology/xilinx/interface/saxilite.gen 
Execute           source /proj/xbuilds/SWIP/2020.2_0929_2003/installs/lin64/Vitis_HLS/2020.2/common/technology/xilinx/interface/maxi.gen 
Execute         source /proj/xbuilds/SWIP/2020.2_0929_2003/installs/lin64/Vitis_HLS/2020.2/common/technology/xilinx/scripts/xilinxcoregen.gen 
Execute         source /proj/xbuilds/SWIP/2020.2_0929_2003/installs/lin64/Vitis_HLS/2020.2/common/technology/xilinx/interface/XilEDKCoreGen.gen 
Execute         source /proj/xbuilds/SWIP/2020.2_0929_2003/installs/lin64/Vitis_HLS/2020.2/common/technology/xilinx/ip/dds_compiler.gen 
Execute         source /proj/xbuilds/SWIP/2020.2_0929_2003/installs/lin64/Vitis_HLS/2020.2/common/technology/xilinx/ip/util.gen 
Execute         source /proj/xbuilds/SWIP/2020.2_0929_2003/installs/lin64/Vitis_HLS/2020.2/common/technology/xilinx/ip/xfft.gen 
Execute         source /proj/xbuilds/SWIP/2020.2_0929_2003/installs/lin64/Vitis_HLS/2020.2/common/technology/xilinx/ip/xfir.gen 
Execute         source /proj/xbuilds/SWIP/2020.2_0929_2003/installs/lin64/Vitis_HLS/2020.2/common/technology/xilinx/DSP48/dsp48.gen 
Command       ap_source done; 0.13 sec.
Execute       ap_part_info -name xcu50-fsvh2104-2LV-e -data names -quiet 
Execute       ap_part_info -name xcu50-fsvh2104-2LV-e -data info -quiet 
INFO-FLOW: DBG:CMD:     exec /scratch/ravic/Port_DDR_to_HBM/build/HBM2/temp_dir/vadd_hw/vadd/vadd/solution/impl/ip/pack.sh
Execute       get_config_export -output 
Execute       send_msg_by_id INFO @200-802@%s vadd/solution/impl/export.zip 
INFO: [HLS 200-802] Generated output file vadd/solution/impl/export.zip
Command     export_design done; 36.31 sec.
Execute     close_project 
Execute       cleanup_all -project 
Execute     cleanup_all 
