# 
# Steps log generated by v++
# This log file contains a collection of steps that describe the kernel compilation flow
# Note: Some steps are tagged as internal, these steps are for debugging purposes and 
#       are not expected to be able to run independently.
# 

# The following environment variables are set when running v++
Environment variables :
------------------------------------------
REMOTEHOST=xsjrdevl100.xilinx.com
MANPATH=.:/usr/local/man:/usr/man
_RDI_DONT_SET_XILINX_AS_PATH=True
XDG_SESSION_ID=21144
HOSTNAME=xsjrdevl110
XiWINMGR=olwm
XILINX_DSP=
SHELL=/bin/csh
KRNL_LOOP=64
TERM=xterm
HOST=xsjrdevl110
MAKEFLAGS=w -- BUILDXCLBIN=1 KRNL_LOOP=64 ADDRNDM=0 DSIZE=600 BANKS=3 MEMTYPE=HBM TARGET=hw
SSH_CLIENT=172.19.220.154 33184 22
MYVIVADO=
X11HOME=/tools/x11r5/sun3
RDI_TPS_ROOT=/proj/xbuilds/SWIP/2020.2_1109_1932/installs/lin64/Vivado/2020.2/tps/lnx64
QTDIR=/usr/lib64/qt-3.3
HDI_PROCESSOR=x86_64
QTINC=/usr/lib64/qt-3.3/include
SYNTH_COMMON=/proj/xbuilds/SWIP/2020.2_1109_1932/installs/lin64/Vitis/2020.2/scripts/rt/data
SSH_TTY=/dev/pts/33
RDI_JAVA_VERSION=9.0.4
RT_TCL_PATH=/proj/xbuilds/SWIP/2020.2_1109_1932/installs/lin64/Vitis/2020.2/scripts/rt/base_tcl/tcl
RDI_PREPEND_PATH=/proj/xbuilds/SWIP/2020.2_1109_1932/installs/lin64/Vitis/2020.2/bin
QT_GRAPHICSSYSTEM_CHECKED=1
RDI_OPT_EXT=.o
MAKEOVERRIDES=${-*-command-variables-*-}
USER=ravic
GROUP=newhiredefaultgrp
LS_COLORS=rs=0:di=01;34:ln=01;36:mh=00:pi=40;33:so=01;35:do=01;35:bd=40;33;01:cd=40;33;01:or=40;31;01:mi=01;05;37;41:su=37;41:sg=30;43:ca=30;41:tw=30;42:ow=34;42:st=37;44:ex=01;32:*.tar=01;31:*.tgz=01;31:*.arc=01;31:*.arj=01;31:*.taz=01;31:*.lha=01;31:*.lz4=01;31:*.lzh=01;31:*.lzma=01;31:*.tlz=01;31:*.txz=01;31:*.tzo=01;31:*.t7z=01;31:*.zip=01;31:*.z=01;31:*.Z=01;31:*.dz=01;31:*.gz=01;31:*.lrz=01;31:*.lz=01;31:*.lzo=01;31:*.xz=01;31:*.bz2=01;31:*.bz=01;31:*.tbz=01;31:*.tbz2=01;31:*.tz=01;31:*.deb=01;31:*.rpm=01;31:*.jar=01;31:*.war=01;31:*.ear=01;31:*.sar=01;31:*.rar=01;31:*.alz=01;31:*.ace=01;31:*.zoo=01;31:*.cpio=01;31:*.7z=01;31:*.rz=01;31:*.cab=01;31:*.jpg=01;35:*.jpeg=01;35:*.gif=01;35:*.bmp=01;35:*.pbm=01;35:*.pgm=01;35:*.ppm=01;35:*.tga=01;35:*.xbm=01;35:*.xpm=01;35:*.tif=01;35:*.tiff=01;35:*.png=01;35:*.svg=01;35:*.svgz=01;35:*.mng=01;35:*.pcx=01;35:*.mov=01;35:*.mpg=01;35:*.mpeg=01;35:*.m2v=01;35:*.mkv=01;35:*.webm=01;35:*.ogm=01;35:*.mp4=01;35:*.m4v=01;35:*.mp4v=01;35:*.vob=01;35:*.qt=01;35:*.nuv=01;35:*.wmv=01;35:*.asf=01;35:*.rm=01;35:*.rmvb=01;35:*.flc=01;35:*.avi=01;35:*.fli=01;35:*.flv=01;35:*.gl=01;35:*.dl=01;35:*.xcf=01;35:*.xwd=01;35:*.yuv=01;35:*.cgm=01;35:*.emf=01;35:*.axv=01;35:*.anx=01;35:*.ogv=01;35:*.ogx=01;35:*.aac=01;36:*.au=01;36:*.flac=01;36:*.mid=01;36:*.midi=01;36:*.mka=01;36:*.mp3=01;36:*.mpc=01;36:*.ogg=01;36:*.ra=01;36:*.wav=01;36:*.axa=01;36:*.oga=01;36:*.spx=01;36:*.xspf=01;36:
LD_LIBRARY_PATH=/proj/xbuilds/SWIP/2020.2_1109_1932/installs/lin64/Vitis/2020.2/lib/lnx64.o/Default:/proj/xbuilds/SWIP/2020.2_1109_1932/installs/lin64/Vitis/2020.2/lib/lnx64.o:/proj/xbuilds/SWIP/2020.2_1109_1932/installs/lin64/Vitis/2020.2/lib/lnx64.o/Default:/proj/xbuilds/SWIP/2020.2_1109_1932/installs/lin64/Vitis/2020.2/lib/lnx64.o:/proj/xbuilds/XRT/2020.2/202020.2.8.721/packages/x86_64/xrt-2.8.721_centos_7.4/opt/xilinx/xrt/lib:/proj/xbuilds/XRT/master/202020.2.8.489/packages/x86_64/xrt-2.8.489_centos_7.4/opt/xilinx/xrt/lib:/proj/xbuilds/XRT/master/202020.2.8.488/packages/x86_64/xrt-2.8.488_centos_7.4/opt/xilinx/xrt/lib:/proj/xbuilds/XRT/master/202020.2.8.426/packages/x86_64/xrt-2.8.426_centos_7.4/opt/xilinx/xrt/lib:/usr/local/lib:/usr/lib:/proj/xbuilds/SWIP/2020.2_1109_1932/installs/lin64/Vitis/2020.2/bin/../lnx64/tools/dot/lib
MEMTYPE=HBM
OPENWINHOME=/usr/openwin
RDI_PATCHROOT=
TCL_LIBRARY=/proj/xbuilds/SWIP/2020.2_1109_1932/installs/lin64/Vitis/2020.2/tps/tcl/tcl8.5
HOSTTYPE=x86_64-linux
RDI_PLATFORM=lnx64
MAKELEVEL=2
RDI_BUILD=yes
MFLAGS=-w
RT_LIBPATH=/proj/xbuilds/SWIP/2020.2_1109_1932/installs/lin64/Vitis/2020.2/scripts/rt/data
RDI_LIBDIR=/proj/xbuilds/SWIP/2020.2_1109_1932/installs/lin64/Vitis/2020.2/lib/lnx64.o/Default:/proj/xbuilds/SWIP/2020.2_1109_1932/installs/lin64/Vitis/2020.2/lib/lnx64.o
PATH=/proj/xbuilds/SWIP/2020.2_1109_1932/installs/lin64/Vivado/2020.2/tps/lnx64/binutils-2.26/bin:/proj/xbuilds/SWIP/2020.2_1109_1932/installs/lin64/Vitis/2020.2/bin/../gnu/aarch64/lin/aarch64-linux/bin:/proj/xbuilds/SWIP/2020.2_1109_1932/installs/lin64/Vitis/2020.2/bin/../gnu/ppc64le/4.9.3/lnx64/bin:/proj/xbuilds/SWIP/2020.2_1109_1932/installs/lin64/Vitis/2020.2/bin/../gnu/aarch32/lin/gcc-arm-linux-gnueabi/bin:/proj/xbuilds/SWIP/2020.2_1109_1932/installs/lin64/Vivado/2020.2/tps/lnx64/gcc-6.2.0/bin:/proj/xbuilds/SWIP/2020.2_1109_1932/installs/lin64/Vivado/2020.2/gnu/microblaze/lin/bin:/proj/xbuilds/SWIP/2020.2_1109_1932/installs/lin64/Vitis/2020.2/bin:/proj/xbuilds/SWIP/2020.2_1109_1932/installs/lin64/Vivado/2020.2/bin:/proj/xbuilds/XRT/2020.2/202020.2.8.721/packages/x86_64/xrt-2.8.721_centos_7.4/opt/xilinx/xrt/bin:/proj/xbuilds/SWIP/2020.2_1109_1932/installs/lin64/Vitis_HLS/2020.2/bin:/proj/xbuilds/SWIP/2020.2_1109_1932/installs/lin64/Model_Composer/2020.2/bin:/proj/xbuilds/SWIP/2020.2_1109_1932/installs/lin64/Vitis/2020.2/gnu/microblaze/lin/bin:/proj/xbuilds/SWIP/2020.2_1109_1932/installs/lin64/Vitis/2020.2/gnu/arm/lin/bin:/proj/xbuilds/SWIP/2020.2_1109_1932/installs/lin64/Vitis/2020.2/gnu/microblaze/linux_toolchain/lin64_le/bin:/proj/xbuilds/SWIP/2020.2_1109_1932/installs/lin64/Vitis/2020.2/gnu/aarch32/lin/gcc-arm-linux-gnueabi/bin:/proj/xbuilds/SWIP/2020.2_1109_1932/installs/lin64/Vitis/2020.2/gnu/aarch32/lin/gcc-arm-none-eabi/bin:/proj/xbuilds/SWIP/2020.2_1109_1932/installs/lin64/Vitis/2020.2/gnu/aarch64/lin/aarch64-linux/bin:/proj/xbuilds/SWIP/2020.2_1109_1932/installs/lin64/Vitis/2020.2/gnu/aarch64/lin/aarch64-none/bin:/proj/xbuilds/SWIP/2020.2_1109_1932/installs/lin64/Vitis/2020.2/gnu/armr5/lin/gcc-arm-none-eabi/bin:/proj/xbuilds/SWIP/2020.2_1109_1932/installs/lin64/Vitis/2020.2/tps/lnx64/cmake-3.3.2/bin:/proj/xbuilds/SWIP/2020.2_1109_1932/installs/lin64/Vitis/2020.2/aietools/bin:/proj/xbuilds/SWIP/2020.2_1109_1932/installs/lin64/DocNav:/proj/xbuilds/XRT/master/202020.2.8.489/packages/x86_64/xrt-2.8.489_centos_7.4/opt/xilinx/xrt/bin:/proj/xbuilds/SWIP/2020.2_0920_2006/installs/lin64/Vitis_HLS/2020.2/bin:/proj/xbuilds/SWIP/2020.2_0920_2006/installs/lin64/Model_Composer/2020.2/bin:/proj/xbuilds/SWIP/2020.2_0920_2006/installs/lin64/Vitis/2020.2/bin:/proj/xbuilds/SWIP/2020.2_0920_2006/installs/lin64/Vitis/2020.2/gnu/microblaze/lin/bin:/proj/xbuilds/SWIP/2020.2_0920_2006/installs/lin64/Vitis/2020.2/gnu/arm/lin/bin:/proj/xbuilds/SWIP/2020.2_0920_2006/installs/lin64/Vitis/2020.2/gnu/microblaze/linux_toolchain/lin64_le/bin:/proj/xbuilds/SWIP/2020.2_0920_2006/installs/lin64/Vitis/2020.2/gnu/aarch32/lin/gcc-arm-linux-gnueabi/bin:/proj/xbuilds/SWIP/2020.2_0920_2006/installs/lin64/Vitis/2020.2/gnu/aarch32/lin/gcc-arm-none-eabi/bin:/proj/xbuilds/SWIP/2020.2_0920_2006/installs/lin64/Vitis/2020.2/gnu/aarch64/lin/aarch64-linux/bin:/proj/xbuilds/SWIP/2020.2_0920_2006/installs/lin64/Vitis/2020.2/gnu/aarch64/lin/aarch64-none/bin:/proj/xbuilds/SWIP/2020.2_0920_2006/installs/lin64/Vitis/2020.2/gnu/armr5/lin/gcc-arm-none-eabi/bin:/proj/xbuilds/SWIP/2020.2_0920_2006/installs/lin64/Vitis/2020.2/tps/lnx64/cmake-3.3.2/bin:/proj/xbuilds/SWIP/2020.2_0920_2006/installs/lin64/Vitis/2020.2/aietools/bin:/proj/xbuilds/SWIP/2020.2_0920_2006/installs/lin64/Vivado/2020.2/bin:/proj/xbuilds/SWIP/2020.2_0920_2006/installs/lin64/DocNav:/proj/xbuilds/XRT/master/202020.2.8.488/packages/x86_64/xrt-2.8.488_centos_7.4/opt/xilinx/xrt/bin:/proj/xbuilds/SWIP/2020.2_0919_1911/installs/lin64/Vitis_HLS/2020.2/bin:/proj/xbuilds/SWIP/2020.2_0919_1911/installs/lin64/Model_Composer/2020.2/bin:/proj/xbuilds/SWIP/2020.2_0919_1911/installs/lin64/Vitis/2020.2/bin:/proj/xbuilds/SWIP/2020.2_0919_1911/installs/lin64/Vitis/2020.2/gnu/microblaze/lin/bin:/proj/xbuilds/SWIP/2020.2_0919_1911/installs/lin64/Vitis/2020.2/gnu/arm/lin/bin:/proj/xbuilds/SWIP/2020.2_0919_1911/installs/lin64/Vitis/2020.2/gnu/microblaze/linux_toolchain/lin64_le/bin:/proj/xbuilds/SWIP/2020.2_0919_1911/installs/lin64/Vitis/2020.2/gnu/aarch32/lin/gcc-arm-linux-gnueabi/bin:/proj/xbuilds/SWIP/2020.2_0919_1911/installs/lin64/Vitis/2020.2/gnu/aarch32/lin/gcc-arm-none-eabi/bin:/proj/xbuilds/SWIP/2020.2_0919_1911/installs/lin64/Vitis/2020.2/gnu/aarch64/lin/aarch64-linux/bin:/proj/xbuilds/SWIP/2020.2_0919_1911/installs/lin64/Vitis/2020.2/gnu/aarch64/lin/aarch64-none/bin:/proj/xbuilds/SWIP/2020.2_0919_1911/installs/lin64/Vitis/2020.2/gnu/armr5/lin/gcc-arm-none-eabi/bin:/proj/xbuilds/SWIP/2020.2_0919_1911/installs/lin64/Vitis/2020.2/tps/lnx64/cmake-3.3.2/bin:/proj/xbuilds/SWIP/2020.2_0919_1911/installs/lin64/Vitis/2020.2/aietools/bin:/proj/xbuilds/SWIP/2020.2_0919_1911/installs/lin64/Vivado/2020.2/bin:/proj/xbuilds/SWIP/2020.2_0919_1911/installs/lin64/DocNav:/proj/xbuilds/XRT/master/202020.2.8.426/packages/x86_64/xrt-2.8.426_centos_7.4/opt/xilinx/xrt/bin:/proj/xbuilds/SWIP/2020.2_0908_0703/installs/lin64/Vitis_HLS/2020.2/bin:/proj/xbuilds/SWIP/2020.2_0908_0703/installs/lin64/Model_Composer/2020.2/bin:/proj/xbuilds/SWIP/2020.2_0908_0703/installs/lin64/Vitis/2020.2/bin:/proj/xbuilds/SWIP/2020.2_0908_0703/installs/lin64/Vitis/2020.2/gnu/microblaze/lin/bin:/proj/xbuilds/SWIP/2020.2_0908_0703/installs/lin64/Vitis/2020.2/gnu/arm/lin/bin:/proj/xbuilds/SWIP/2020.2_0908_0703/installs/lin64/Vitis/2020.2/gnu/microblaze/linux_toolchain/lin64_le/bin:/proj/xbuilds/SWIP/2020.2_0908_0703/installs/lin64/Vitis/2020.2/gnu/aarch32/lin/gcc-arm-linux-gnueabi/bin:/proj/xbuilds/SWIP/2020.2_0908_0703/installs/lin64/Vitis/2020.2/gnu/aarch32/lin/gcc-arm-none-eabi/bin:/proj/xbuilds/SWIP/2020.2_0908_0703/installs/lin64/Vitis/2020.2/gnu/aarch64/lin/aarch64-linux/bin:/proj/xbuilds/SWIP/2020.2_0908_0703/installs/lin64/Vitis/2020.2/gnu/aarch64/lin/aarch64-none/bin:/proj/xbuilds/SWIP/2020.2_0908_0703/installs/lin64/Vitis/2020.2/gnu/armr5/lin/gcc-arm-none-eabi/bin:/proj/xbuilds/SWIP/2020.2_0908_0703/installs/lin64/Vitis/2020.2/tps/lnx64/cmake-3.3.2/bin:/proj/xbuilds/SWIP/2020.2_0908_0703/installs/lin64/Vitis/2020.2/cardano/bin:/proj/xbuilds/SWIP/2020.2_0908_0703/installs/lin64/Vivado/2020.2/bin:/proj/xbuilds/SWIP/2020.2_0908_0703/installs/lin64/DocNav:/home/ravic/bin:/usr/local/bin:/mis/TREE/bin:/usr/bin:/bin:/usr/ucb
MAIL=/home/ravic/mail/inbox
BANKS=3
XILINX_VITIS=/proj/xbuilds/SWIP/2020.2_1109_1932/installs/lin64/Vitis/2020.2
PWD=/wrk/xsjhdnobkup5/ravic/work/Port_DDR_to_HBM/makefile
XILINX_XRT=/proj/xbuilds/XRT/2020.2/202020.2.8.721/packages/x86_64/xrt-2.8.721_centos_7.4/opt/xilinx/xrt
XIL_CHECK_TCL_DEBUG=False
XILINX_VIVADO_HLS=/proj/xbuilds/SWIP/2020.2_1109_1932/installs/lin64/Vivado/2020.2
ADDRNDM=0
LANG=en_US.UTF-8
HDI_APPROOT=/proj/xbuilds/SWIP/2020.2_1109_1932/installs/lin64/Vitis/2020.2
KDEDIRS=/usr
DSIZE=600
XILINX_HLS=/proj/xbuilds/SWIP/2020.2_1109_1932/installs/lin64/Vitis_HLS/2020.2
XiSUE=true
XILINX_VIVADO=/proj/xbuilds/SWIP/2020.2_1109_1932/installs/lin64/Vivado/2020.2
XILINX_SDK=/proj/xbuilds/SWIP/2020.2_1109_1932/installs/lin64/Vitis/2020.2
XiSET=true
XiSUEHOME=/tools/sue
BUILDXCLBIN=1
ISL_IOSTREAMS_RSA=/proj/xbuilds/SWIP/2020.2_1109_1932/installs/lin64/Vitis/2020.2/tps/isl
HOME=/home/ravic
SHLVL=5
RDI_BASEROOT=/proj/xbuilds/SWIP/2020.2_1109_1932/installs/lin64/Vitis
OSTYPE=linux
RDI_APPROOT=/proj/xbuilds/SWIP/2020.2_1109_1932/installs/lin64/Vitis/2020.2
VENDOR=unknown
TARGET=hw
MACHTYPE=x86_64
LOGNAME=ravic
PYTHONPATH=/proj/xbuilds/XRT/2020.2/202020.2.8.721/packages/x86_64/xrt-2.8.721_centos_7.4/opt/xilinx/xrt/python:/proj/xbuilds/XRT/master/202020.2.8.489/packages/x86_64/xrt-2.8.489_centos_7.4/opt/xilinx/xrt/python:/proj/xbuilds/XRT/master/202020.2.8.488/packages/x86_64/xrt-2.8.488_centos_7.4/opt/xilinx/xrt/python:/proj/xbuilds/XRT/master/202020.2.8.426/packages/x86_64/xrt-2.8.426_centos_7.4/opt/xilinx/xrt/python:
RDI_JAVA_PLATFORM=
QTLIB=/usr/lib64/qt-3.3/lib
SSH_CONNECTION=172.19.220.154 33184 172.19.220.164 22
PLATFORM_REPO_PATHS=/proj/xbuilds/2020.2_daily_latest/internal_platforms
RDI_BINROOT=/proj/xbuilds/SWIP/2020.2_1109_1932/installs/lin64/Vitis/2020.2/bin
LESSOPEN=||/usr/bin/lesspipe.sh %s
XILINX_SDX=
XiGROUPS=newhiredefaultgrp hd textml
RDI_PROG=/proj/xbuilds/SWIP/2020.2_1109_1932/installs/lin64/Vitis/2020.2/bin/unwrapped/lnx64.o/v++
XDG_RUNTIME_DIR=/run/user/31781
DISPLAY=xsjvnc101:24
XIL_NO_OVERRIDE=0
XIL_SUPPRESS_OVERRIDE_WARNINGS=1
XILINX_PLANAHEAD=/proj/xbuilds/SWIP/2020.2_1109_1932/installs/lin64/Vitis/2020.2
QT_PLUGIN_PATH=/usr/lib64/kde4/plugins:/usr/lib/kde4/plugins
XiOSREL=Linux3.10.0-693.el7.x86_64
HDIPRELDPATH=/proj/xbuilds/SWIP/2020.2_1109_1932/installs/lin64/Vitis/2020.2/lib/lnx64.o/Default:/proj/xbuilds/SWIP/2020.2_1109_1932/installs/lin64/Vitis/2020.2/lib/lnx64.o:/proj/xbuilds/XRT/2020.2/202020.2.8.721/packages/x86_64/xrt-2.8.721_centos_7.4/opt/xilinx/xrt/lib:/proj/xbuilds/XRT/master/202020.2.8.489/packages/x86_64/xrt-2.8.489_centos_7.4/opt/xilinx/xrt/lib:/proj/xbuilds/XRT/master/202020.2.8.488/packages/x86_64/xrt-2.8.488_centos_7.4/opt/xilinx/xrt/lib:/proj/xbuilds/XRT/master/202020.2.8.426/packages/x86_64/xrt-2.8.426_centos_7.4/opt/xilinx/xrt/lib:/usr/local/lib:/usr/lib:/proj/xbuilds/SWIP/2020.2_1109_1932/installs/lin64/Vitis/2020.2/bin/../lnx64/tools/dot/lib
RDI_INSTALLVER=2020.2
RDI_DATADIR=/proj/xbuilds/SWIP/2020.2_1109_1932/installs/lin64/Vitis/2020.2/data
RDI_INSTALLROOT=/proj/xbuilds/SWIP/2020.2_1109_1932/installs/lin64
_=/proj/xbuilds/SWIP/2020.2_1109_1932/installs/lin64/Vitis/2020.2/bin/unwrapped/lnx64.o/v++
XILINX_CD_CONNECT_ID=44402
XILINX_CD_SESSION=cd651257-3956-4b86-8913-23e72290c79b
XILINX_RS_PORT=41385
XILINX_RS_SESSION=be9e47ae-587c-4842-acd2-9a73016bfe3a


V++ command line:
------------------------------------------
/proj/xbuilds/SWIP/2020.2_1109_1932/installs/lin64/Vitis/2020.2/bin/unwrapped/lnx64.o/v++ -l -g -t hw -R 1 --platform xilinx_u50_gen3x16_xdma_201920_3 --profile_kernel data:all:all:all --profile_kernel stall:all:all:all --temp_dir ././../build/HBM3/temp_dir --report_dir ././../build/HBM3/report_dir --log_dir ././../build/HBM3/log_dir --config /wrk/xsjhdnobkup5/ravic/work/Port_DDR_to_HBM/makefile/HBM_banks3.cfg -I./../reference_files -DNDDR_BANKS=3 ././../build/HBM3/vadd_hw.xo -o ././../build/HBM3/vadd_hw.xclbin 

FINAL PROGRAM OPTIONS
--config /wrk/xsjhdnobkup5/ravic/work/Port_DDR_to_HBM/makefile/HBM_banks3.cfg
--connectivity.sp vadd_1.in1:HBM[0:2]
--connectivity.sp vadd_1.in2:HBM[3:5]
--connectivity.sp vadd_1.out:HBM[6:8]
--debug
--define NDDR_BANKS=3
--include ./../reference_files
--input_files ././../build/HBM3/vadd_hw.xo
--link
--log_dir ././../build/HBM3/log_dir
--optimize 0
--output ././../build/HBM3/vadd_hw.xclbin
--platform xilinx_u50_gen3x16_xdma_201920_3
--profile_kernel data:all:all:all
--profile_kernel stall:all:all:all
--report_dir ././../build/HBM3/report_dir
--report_level 1
--target hw
--temp_dir ././../build/HBM3/temp_dir

PARSED COMMAND LINE OPTIONS
-l 
-g 
-t hw 
-R 1 
--platform xilinx_u50_gen3x16_xdma_201920_3 
--profile_kernel data:all:all:all 
--profile_kernel stall:all:all:all 
--temp_dir ././../build/HBM3/temp_dir 
--report_dir ././../build/HBM3/report_dir 
--log_dir ././../build/HBM3/log_dir 
--config /wrk/xsjhdnobkup5/ravic/work/Port_DDR_to_HBM/makefile/HBM_banks3.cfg 
-I./../reference_files 
-DNDDR_BANKS=3 
././../build/HBM3/vadd_hw.xo 
-o ././../build/HBM3/vadd_hw.xclbin 

PARSED CONFIG FILE (1) OPTIONS
file: /wrk/xsjhdnobkup5/ravic/work/Port_DDR_to_HBM/makefile/HBM_banks3.cfg
connectivity.sp vadd_1.in1:HBM[0:2] 
connectivity.sp vadd_1.in2:HBM[3:5] 
connectivity.sp vadd_1.out:HBM[6:8] 

EXPANDED PARAMETERS
From application of optMap.xml: 
 --xp "vivado_prop:run.__KERNEL__.{STEPS.SYNTH_DESIGN.ARGS.MORE OPTIONS}={-directive sdx_optimization_effort_high}" --xp vivado_param:project.writeIntermediateCheckpoints=1 --xp "param:compiler.reportFailfast=pre_opt_design {__KERNEL_NAMES__} post_opt_design {__OCL_TOP__}" --xp "misc:report=type report_timing_summary name impl_report_timing_summary_route_design_summary steps {route_design} runs {impl_1} options {-max_paths 10}" --xp "misc:report=type report_timing_summary name impl_report_timing_summary_post_route_phys_opt_design_summary steps {post_route_phys_opt_design} runs {impl_1} options {-max_paths 10}"


FINAL PLATFORM PATH
/proj/xbuilds/2020.2_daily_latest/internal_platforms/xilinx_u50_gen3x16_xdma_201920_3/xilinx_u50_gen3x16_xdma_201920_3.xpfm

==========================================
new:  steps log generated by v++ for new launch 
timestamp: 18 Nov 2020 16:45:58
------------------------------------------
V++ internal step: generating xclbin xml file
timestamp: 18 Nov 2020 16:45:59
output: /wrk/xsjhdnobkup5/ravic/work/Port_DDR_to_HBM/build/HBM3/temp_dir/link/int/vadd_hw.xml
------------------------------------------
step: running system_link
timestamp: 18 Nov 2020 16:45:59
cmd: /proj/xbuilds/SWIP/2020.2_1109_1932/installs/lin64/Vitis/2020.2/bin/system_link --xo /wrk/xsjhdnobkup5/ravic/work/Port_DDR_to_HBM/build/HBM3/vadd_hw.xo --config /wrk/xsjhdnobkup5/ravic/work/Port_DDR_to_HBM/build/HBM3/temp_dir/link/int/syslinkConfig.ini --xpfm /proj/xbuilds/2020.2_daily_latest/internal_platforms/xilinx_u50_gen3x16_xdma_201920_3/xilinx_u50_gen3x16_xdma_201920_3.xpfm --target hw --output_dir /wrk/xsjhdnobkup5/ravic/work/Port_DDR_to_HBM/build/HBM3/temp_dir/link/int --temp_dir /wrk/xsjhdnobkup5/ravic/work/Port_DDR_to_HBM/build/HBM3/temp_dir/link/sys_link
system_link status: success
------------------------------------------
step: running cf2sw
timestamp: 18 Nov 2020 16:46:14
cmd: /proj/xbuilds/SWIP/2020.2_1109_1932/installs/lin64/Vitis/2020.2/bin/cf2sw -sdsl /wrk/xsjhdnobkup5/ravic/work/Port_DDR_to_HBM/build/HBM3/temp_dir/link/int/sdsl.dat -rtd /wrk/xsjhdnobkup5/ravic/work/Port_DDR_to_HBM/build/HBM3/temp_dir/link/int/cf2sw.rtd -nofilter /wrk/xsjhdnobkup5/ravic/work/Port_DDR_to_HBM/build/HBM3/temp_dir/link/int/cf2sw_full.rtd -xclbin /wrk/xsjhdnobkup5/ravic/work/Port_DDR_to_HBM/build/HBM3/temp_dir/link/int/xclbin_orig.xml -o /wrk/xsjhdnobkup5/ravic/work/Port_DDR_to_HBM/build/HBM3/temp_dir/link/int/xclbin_orig.1.xml
cf2sw status: success
------------------------------------------
step: running rtd2_system_diagram
timestamp: 18 Nov 2020 16:46:17
cmd: rtd2SystemDiagram
rtd2_system_diagram status: success
------------------------------------------
step: running vpl
timestamp: 18 Nov 2020 16:46:18
cmd: /proj/xbuilds/SWIP/2020.2_1109_1932/installs/lin64/Vitis/2020.2/bin/vpl -t hw -f xilinx_u50_gen3x16_xdma_201920_3 -g --remote_ip_cache /wrk/xsjhdnobkup5/ravic/work/Port_DDR_to_HBM/makefile/.ipcache --profile_kernel data:all:all:all --profile_kernel stall:all:all:all --output_dir /wrk/xsjhdnobkup5/ravic/work/Port_DDR_to_HBM/build/HBM3/temp_dir/link/int --log_dir /wrk/xsjhdnobkup5/ravic/work/Port_DDR_to_HBM/build/HBM3/log_dir/link --report_dir /wrk/xsjhdnobkup5/ravic/work/Port_DDR_to_HBM/build/HBM3/report_dir/link --config /wrk/xsjhdnobkup5/ravic/work/Port_DDR_to_HBM/build/HBM3/temp_dir/link/int/vplConfig.ini -k /wrk/xsjhdnobkup5/ravic/work/Port_DDR_to_HBM/build/HBM3/temp_dir/link/int/kernel_info.dat --webtalk_flag Vitis --temp_dir /wrk/xsjhdnobkup5/ravic/work/Port_DDR_to_HBM/build/HBM3/temp_dir/link --no-info --iprepo /wrk/xsjhdnobkup5/ravic/work/Port_DDR_to_HBM/build/HBM3/temp_dir/link/int/xo/ip_repo/xilinx_com_hls_vadd_1_0 --messageDb /wrk/xsjhdnobkup5/ravic/work/Port_DDR_to_HBM/build/HBM3/temp_dir/link/run_link/vpl.pb /wrk/xsjhdnobkup5/ravic/work/Port_DDR_to_HBM/build/HBM3/temp_dir/link/int/dr.bd.tcl
Vivado Log File: /wrk/xsjhdnobkup5/ravic/work/Port_DDR_to_HBM/build/HBM3/temp_dir/link/run_link/../vivado/vpl/vivado.log
file: vplConfig.ini
[advanced]
param=compiler.reportFailfast=pre_opt_design {__KERNEL_NAMES__} post_opt_design {__OCL_TOP__}
misc=report=type report_timing_summary name impl_report_timing_summary_route_design_summary steps {route_design} runs {impl_1} options {-max_paths 10}
misc=report=type report_timing_summary name impl_report_timing_summary_post_route_phys_opt_design_summary steps {post_route_phys_opt_design} runs {impl_1} options {-max_paths 10}
param=compiler.enablePerformanceTrace=1
param=hw_emu.enableDebugWaveform=1
param=hw_emu.enableProfiling=1
param=compiler.vppCurrentWorkingDir=/wrk/xsjhdnobkup5/ravic/work/Port_DDR_to_HBM/makefile
misc=BinaryName=vadd_hw
[connectivity]
nk=vadd:1:vadd_1
[vivado]
prop=run.__KERNEL__.{STEPS.SYNTH_DESIGN.ARGS.MORE OPTIONS}={-directive sdx_optimization_effort_high}
param=project.writeIntermediateCheckpoints=1

FINAL PROGRAM OPTIONS
--advanced.misc report=type report_timing_summary name impl_report_timing_summary_route_design_summary steps {route_design} runs {impl_1} options {-max_paths 10}
--advanced.misc report=type report_timing_summary name impl_report_timing_summary_post_route_phys_opt_design_summary steps {post_route_phys_opt_design} runs {impl_1} options {-max_paths 10}
--advanced.misc BinaryName=vadd_hw
--advanced.param compiler.reportFailfast=pre_opt_design {__KERNEL_NAMES__} post_opt_design {__OCL_TOP__}
--advanced.param compiler.enablePerformanceTrace=1
--advanced.param hw_emu.enableDebugWaveform=1
--advanced.param hw_emu.enableProfiling=1
--advanced.param compiler.vppCurrentWorkingDir=/wrk/xsjhdnobkup5/ravic/work/Port_DDR_to_HBM/makefile
--config /wrk/xsjhdnobkup5/ravic/work/Port_DDR_to_HBM/build/HBM3/temp_dir/link/int/vplConfig.ini
--connectivity.nk vadd:1:vadd_1
--debug
--input_file /wrk/xsjhdnobkup5/ravic/work/Port_DDR_to_HBM/build/HBM3/temp_dir/link/int/dr.bd.tcl
--iprepo /wrk/xsjhdnobkup5/ravic/work/Port_DDR_to_HBM/build/HBM3/temp_dir/link/int/xo/ip_repo/xilinx_com_hls_vadd_1_0
--kernels /wrk/xsjhdnobkup5/ravic/work/Port_DDR_to_HBM/build/HBM3/temp_dir/link/int/kernel_info.dat
--log_dir /wrk/xsjhdnobkup5/ravic/work/Port_DDR_to_HBM/build/HBM3/log_dir/link
--messageDb /wrk/xsjhdnobkup5/ravic/work/Port_DDR_to_HBM/build/HBM3/temp_dir/link/run_link/vpl.pb
--no-info
--output_dir /wrk/xsjhdnobkup5/ravic/work/Port_DDR_to_HBM/build/HBM3/temp_dir/link/int
--platform xilinx_u50_gen3x16_xdma_201920_3
--profile_kernel data:all:all:all
--profile_kernel stall:all:all:all
--remote_ip_cache /wrk/xsjhdnobkup5/ravic/work/Port_DDR_to_HBM/makefile/.ipcache
--report_dir /wrk/xsjhdnobkup5/ravic/work/Port_DDR_to_HBM/build/HBM3/report_dir/link
--target hw
--temp_dir /wrk/xsjhdnobkup5/ravic/work/Port_DDR_to_HBM/build/HBM3/temp_dir/link
--vivado.param project.writeIntermediateCheckpoints=1
--vivado.prop run.__KERNEL__.{STEPS.SYNTH_DESIGN.ARGS.MORE OPTIONS}={-directive sdx_optimization_effort_high}
--webtalk_flag Vitis

PARSED COMMAND LINE OPTIONS
-t hw 
-f xilinx_u50_gen3x16_xdma_201920_3 
-g 
--remote_ip_cache /wrk/xsjhdnobkup5/ravic/work/Port_DDR_to_HBM/makefile/.ipcache 
--profile_kernel data:all:all:all 
--profile_kernel stall:all:all:all 
--output_dir /wrk/xsjhdnobkup5/ravic/work/Port_DDR_to_HBM/build/HBM3/temp_dir/link/int 
--log_dir /wrk/xsjhdnobkup5/ravic/work/Port_DDR_to_HBM/build/HBM3/log_dir/link 
--report_dir /wrk/xsjhdnobkup5/ravic/work/Port_DDR_to_HBM/build/HBM3/report_dir/link 
--config /wrk/xsjhdnobkup5/ravic/work/Port_DDR_to_HBM/build/HBM3/temp_dir/link/int/vplConfig.ini 
-k /wrk/xsjhdnobkup5/ravic/work/Port_DDR_to_HBM/build/HBM3/temp_dir/link/int/kernel_info.dat 
--webtalk_flag Vitis 
--temp_dir /wrk/xsjhdnobkup5/ravic/work/Port_DDR_to_HBM/build/HBM3/temp_dir/link 
--no-info 
--iprepo /wrk/xsjhdnobkup5/ravic/work/Port_DDR_to_HBM/build/HBM3/temp_dir/link/int/xo/ip_repo/xilinx_com_hls_vadd_1_0 
--messageDb /wrk/xsjhdnobkup5/ravic/work/Port_DDR_to_HBM/build/HBM3/temp_dir/link/run_link/vpl.pb 
/wrk/xsjhdnobkup5/ravic/work/Port_DDR_to_HBM/build/HBM3/temp_dir/link/int/dr.bd.tcl 

PARSED CONFIG FILE (1) OPTIONS
file: /wrk/xsjhdnobkup5/ravic/work/Port_DDR_to_HBM/build/HBM3/temp_dir/link/int/vplConfig.ini
advanced.param compiler.reportFailfast=pre_opt_design {__KERNEL_NAMES__} post_opt_design {__OCL_TOP__} 
advanced.misc report=type report_timing_summary name impl_report_timing_summary_route_design_summary steps {route_design} runs {impl_1} options {-max_paths 10} 
advanced.misc report=type report_timing_summary name impl_report_timing_summary_post_route_phys_opt_design_summary steps {post_route_phys_opt_design} runs {impl_1} options {-max_paths 10} 
advanced.param compiler.enablePerformanceTrace=1 
advanced.param hw_emu.enableDebugWaveform=1 
advanced.param hw_emu.enableProfiling=1 
advanced.param compiler.vppCurrentWorkingDir=/wrk/xsjhdnobkup5/ravic/work/Port_DDR_to_HBM/makefile 
advanced.misc BinaryName=vadd_hw 
connectivity.nk vadd:1:vadd_1 
vivado.prop run.__KERNEL__.{STEPS.SYNTH_DESIGN.ARGS.MORE OPTIONS}={-directive sdx_optimization_effort_high} 
vivado.param project.writeIntermediateCheckpoints=1 


   ------------------------------------------
   VPL internal step: generating ipirun.tcl for vivado
   timestamp: 18 Nov 2020 16:46:24
   -----------------------
   VPL internal step: source -notrace ./ipirun.tcl
   File: vpl.tcl:125
   Line computed from base: 122 offset: 3
   timestamp: 18 November 2020 16:46:54
   -----------------------
   VPL internal step: source scripts/_vivado_params.tcl
   File: vpl.tcl:140
   Line computed from base: 122 offset: 18
   timestamp: 18 November 2020 16:46:54
   -----------------------
  current step: vpl.create_project
   -----------------------
   VPL internal step: create_vivado_project
   Proc: ::ocl_util::create_vivado_project
   File: ocl_util.tcl:345
   timestamp: 18 November 2020 16:46:54
   -----------------------
   VPL internal step: source /proj/xbuilds/2020.2_daily_latest/internal_platforms/xilinx_u50_gen3x16_xdma_201920_3/hw/xsa/tcl_hooks/prelink.tcl
   File: /wrk/xsjhdnobkup5/ravic/work/Port_DDR_to_HBM/build/HBM3/temp_dir/link/vivado/vpl/.local/ocl_util.tcl:531
   timestamp: 18 November 2020 16:46:54
   -----------------------
   VPL internal step: create_project -part xcu50-fsvh2104-2-e -force prj prj
   File: /wrk/xsjhdnobkup5/ravic/work/Port_DDR_to_HBM/build/HBM3/temp_dir/link/vivado/vpl/.local/ocl_util.tcl:634
   timestamp: 18 November 2020 16:46:54
   -----------------------
   VPL internal step: add_files /proj/xbuilds/2020.2_daily_latest/internal_platforms/xilinx_u50_gen3x16_xdma_201920_3/hw/xsa/hw_bb_locked.dcp
   File: /wrk/xsjhdnobkup5/ravic/work/Port_DDR_to_HBM/build/HBM3/temp_dir/link/vivado/vpl/.local/ocl_util.tcl:667
   timestamp: 18 November 2020 16:46:58
   -----------------------
   VPL internal step: create_partition_def -name my_pd -module ulp
   File: /wrk/xsjhdnobkup5/ravic/work/Port_DDR_to_HBM/build/HBM3/temp_dir/link/vivado/vpl/.local/ocl_util.tcl:673
   timestamp: 18 November 2020 16:46:58
   -----------------------
   VPL internal step: create_reconfig_module -name my_rm -partition_def [get_partition_defs my_pd ] -top ulp
   File: /wrk/xsjhdnobkup5/ravic/work/Port_DDR_to_HBM/build/HBM3/temp_dir/link/vivado/vpl/.local/ocl_util.tcl:675
   timestamp: 18 November 2020 16:46:58
   -----------------------
   VPL internal step: create_pr_configuration -name config_1 -partitions [list level0_i/ulp:my_rm]
   File: /wrk/xsjhdnobkup5/ravic/work/Port_DDR_to_HBM/build/HBM3/temp_dir/link/vivado/vpl/.local/ocl_util.tcl:686
   timestamp: 18 November 2020 16:46:58
   -----------------------
  current step: vpl.create_bd
   -----------------------
   VPL internal step: update_ip_catalog
   File: /wrk/xsjhdnobkup5/ravic/work/Port_DDR_to_HBM/build/HBM3/temp_dir/link/vivado/vpl/.local/ocl_util.tcl:1872
   timestamp: 18 November 2020 16:46:58
   -----------------------
   VPL internal step: config_ip_cache -use_cache_location /wrk/xsjhdnobkup5/ravic/work/Port_DDR_to_HBM/makefile/.ipcache
   File: /wrk/xsjhdnobkup5/ravic/work/Port_DDR_to_HBM/build/HBM3/temp_dir/link/vivado/vpl/.local/ocl_util.tcl:1882
   timestamp: 18 November 2020 16:47:06
   -----------------------
   VPL internal step: import_files -norecurse /proj/xbuilds/2020.2_daily_latest/internal_platforms/xilinx_u50_gen3x16_xdma_201920_3/hw/xsa/bd/ulp.bd -of_objects my_rm
   File: /wrk/xsjhdnobkup5/ravic/work/Port_DDR_to_HBM/build/HBM3/temp_dir/link/vivado/vpl/.local/ocl_util.tcl:1559
   timestamp: 18 November 2020 16:47:06
   -----------------------
   VPL internal step: open_bd_design -auto_upgrade [get_files ulp.bd]
   File: vpl.tcl:193
   timestamp: 18 November 2020 16:47:56
   -----------------------
   VPL internal step: report locked IPs
   File: /wrk/xsjhdnobkup5/ravic/work/Port_DDR_to_HBM/build/HBM3/temp_dir/link/vivado/vpl/.local/ocl_util.tcl:2574
   timestamp: 18 November 2020 16:49:07
   -----------------------
   VPL internal step: source .local/dr.bd.tcl
   File: vpl.tcl:221
   timestamp: 18 November 2020 16:49:07
   -----------------------
   VPL internal step: save_bd_design
   File: vpl.tcl:238
   timestamp: 18 November 2020 16:49:10
   -----------------------
   VPL internal step: add_files /proj/xbuilds/2020.2_daily_latest/internal_platforms/xilinx_u50_gen3x16_xdma_201920_3/hw/xsa/tcl_hooks/impl.xdc -fileset [current_fileset -constrset]
   File: /wrk/xsjhdnobkup5/ravic/work/Port_DDR_to_HBM/build/HBM3/temp_dir/link/vivado/vpl/.local/ocl_util.tcl:2186
   timestamp: 18 November 2020 16:49:10
   -----------------------
  current step: vpl.update_bd
   -----------------------
   VPL internal step: inserting profiling and debug cores
   File: vpl.tcl:289
   timestamp: 18 November 2020 16:49:10
   -----------------------
   VPL internal step: assign_bd_address
   File: vpl.tcl:301
   timestamp: 18 November 2020 16:49:18
   -----------------------
   VPL internal step: source /proj/xbuilds/2020.2_daily_latest/internal_platforms/xilinx_u50_gen3x16_xdma_201920_3/hw/xsa/tcl_hooks/postlink.tcl
   File: /wrk/xsjhdnobkup5/ravic/work/Port_DDR_to_HBM/build/HBM3/temp_dir/link/vivado/vpl/.local/ocl_util.tcl:1658
   timestamp: 18 November 2020 16:49:18
   -----------------------
   VPL internal step: save_bd_design
   File: vpl.tcl:311
   timestamp: 18 November 2020 16:49:18
   -----------------------
   VPL internal step: writing address_map.xml
   File: vpl.tcl:315
   timestamp: 18 November 2020 16:49:19
   -----------------------
  current step: vpl.generate_target
   -----------------------
   VPL internal step: generate_target all [get_files ulp.bd]
   File: vpl.tcl:341
   timestamp: 18 November 2020 16:49:19
   -----------------------
   VPL internal step: config_ip_cache -export [get_ips -all -of_object [get_files ulp.bd]]
   File: /wrk/xsjhdnobkup5/ravic/work/Port_DDR_to_HBM/build/HBM3/temp_dir/link/vivado/vpl/.local/ocl_util.tcl:1720
   timestamp: 18 November 2020 16:50:51
   -----------------------
   VPL internal step: writing user synth clock constraints in output/ulp_ooc_copy.xdc
   File: /wrk/xsjhdnobkup5/ravic/work/Port_DDR_to_HBM/build/HBM3/temp_dir/link/vivado/vpl/.local/ocl_util.tcl:1948
   timestamp: 18 November 2020 16:51:28
   -----------------------
   VPL internal step: add_files output/ulp_ooc_copy.xdc -fileset [current_fileset -constrset]
   File: /wrk/xsjhdnobkup5/ravic/work/Port_DDR_to_HBM/build/HBM3/temp_dir/link/vivado/vpl/.local/ocl_util.tcl:1952
   timestamp: 18 November 2020 16:51:28
   -----------------------
   VPL internal step: move_files [get_files /wrk/xsjhdnobkup5/ravic/work/Port_DDR_to_HBM/build/HBM3/temp_dir/link/vivado/vpl/output/ulp_ooc_copy.xdc] -of_objects [get_reconfig_modules my_rm]
   File: /wrk/xsjhdnobkup5/ravic/work/Port_DDR_to_HBM/build/HBM3/temp_dir/link/vivado/vpl/.local/ocl_util.tcl:1966
   timestamp: 18 November 2020 16:51:28
   -----------------------
   VPL internal step: read_xdc output/dont_partition.xdc
   File: /wrk/xsjhdnobkup5/ravic/work/Port_DDR_to_HBM/build/HBM3/temp_dir/link/vivado/vpl/.local/ocl_util.tcl:3687
   timestamp: 18 November 2020 16:51:28
   -----------------------
  current step: vpl.config_hw_runs
   -----------------------
   VPL internal step: creating vpl tcl hooks for implementation run
   File: /wrk/xsjhdnobkup5/ravic/work/Port_DDR_to_HBM/build/HBM3/temp_dir/link/vivado/vpl/.local/ocl_util.tcl:3140
   timestamp: 18 November 2020 16:51:28
   -----------------------
   VPL internal step: source scripts/_vivado_report_commands.tcl
   File: vpl.tcl:377
   timestamp: 18 November 2020 16:51:28
   -----------------------
   VPL internal step: create_report_config -report_name impl_report_timing_summary_route_design_summary -report_type report_timing_summary -steps {route_design} -runs {impl_1} -options {-max_paths 10}
   File: scripts/_vivado_report_commands.tcl:83
   timestamp: 18 November 2020 16:51:29
   -----------------------
   VPL internal step: create_report_config -report_name impl_report_timing_summary_post_route_phys_opt_design_summary -report_type report_timing_summary -steps {post_route_phys_opt_design} -runs {impl_1} -options {-max_paths 10}
   File: scripts/_vivado_report_commands.tcl:83
   timestamp: 18 November 2020 16:51:29
   -----------------------
   VPL internal step: source scripts/_vivado_synth_props.tcl
   File: vpl.tcl:389
   timestamp: 18 November 2020 16:51:29
   -----------------------
   VPL internal step: source scripts/_vivado_impl_props.tcl
   File: vpl.tcl:439
   timestamp: 18 November 2020 16:51:32
   -----------------------
  current step: vpl.synth
   -----------------------
   VPL internal step: launch_runs my_rm_synth_1 -jobs 8  
   File: vpl.tcl:492
   timestamp: 18 November 2020 16:51:32
   -----------------------
   VPL internal step: generating resource usage report 'output/resource.json'
   File: /wrk/xsjhdnobkup5/ravic/work/Port_DDR_to_HBM/build/HBM3/temp_dir/link/vivado/vpl/.local/ocl_util.tcl:4405
   timestamp: 18 November 2020 16:59:08
   -----------------------
   VPL internal step: log_generated_reports for synthesis 'output/generated_reports.log'
   File: /wrk/xsjhdnobkup5/ravic/work/Port_DDR_to_HBM/build/HBM3/temp_dir/link/vivado/vpl/.local/ocl_util.tcl:2387
   timestamp: 18 November 2020 16:59:08
   -----------------------
   VPL internal step: launched run my_rm_synth_1
   File: /wrk/xsjhdnobkup5/ravic/work/Port_DDR_to_HBM/build/HBM3/temp_dir/link/vivado/vpl/.local/ocl_util.tcl:2410
   timestamp: 18 November 2020 16:59:08
   -----------------------
   VPL internal step: launched run ulp_hmss_0_0_synth_1
   File: /wrk/xsjhdnobkup5/ravic/work/Port_DDR_to_HBM/build/HBM3/temp_dir/link/vivado/vpl/.local/ocl_util.tcl:2410
   timestamp: 18 November 2020 16:59:08
   -----------------------
   VPL internal step: launched run bd_85ad_hbm_inst_0_synth_1
   File: /wrk/xsjhdnobkup5/ravic/work/Port_DDR_to_HBM/build/HBM3/temp_dir/link/vivado/vpl/.local/ocl_util.tcl:2410
   timestamp: 18 November 2020 16:59:08
   -----------------------
   VPL internal step: launched run bd_85ad_interconnect1_4_0_synth_1
   File: /wrk/xsjhdnobkup5/ravic/work/Port_DDR_to_HBM/build/HBM3/temp_dir/link/vivado/vpl/.local/ocl_util.tcl:2410
   timestamp: 18 November 2020 16:59:08
   -----------------------
   VPL internal step: launched run bd_85ad_interconnect0_6_0_synth_1
   File: /wrk/xsjhdnobkup5/ravic/work/Port_DDR_to_HBM/build/HBM3/temp_dir/link/vivado/vpl/.local/ocl_util.tcl:2410
   timestamp: 18 November 2020 16:59:08
   -----------------------
  current step: vpl.impl
   -----------------------
   VPL internal step: launch_runs impl_1 -to_step write_bitstream   
   File: vpl.tcl:562
   timestamp: 18 November 2020 16:59:08
   -----------------------
   VPL internal step: log_generated_reports for implementation 'output/generated_reports.log'
   File: /wrk/xsjhdnobkup5/ravic/work/Port_DDR_to_HBM/build/HBM3/temp_dir/link/vivado/vpl/.local/ocl_util.tcl:743
   timestamp: 18 November 2020 17:58:25
   -----------------------
   VPL internal step: copy implementation run (impl_1) output files
   File: /wrk/xsjhdnobkup5/ravic/work/Port_DDR_to_HBM/build/HBM3/temp_dir/link/vivado/vpl/.local/ocl_util.tcl:1170
   timestamp: 18 November 2020 17:58:25
   VPL internal step status: success
vpl status: success
------------------------------------------
step: running rtdgen
timestamp: 18 Nov 2020 17:58:34
cmd: rtdgen
------------------------------------------
step: running cf2sw to update xclbin xml and generate rtd file (runtime data)
timestamp: 18 Nov 2020 17:58:34
cmd: cf2sw -a /wrk/xsjhdnobkup5/ravic/work/Port_DDR_to_HBM/build/HBM3/temp_dir/link/int/address_map.xml -sdsl /wrk/xsjhdnobkup5/ravic/work/Port_DDR_to_HBM/build/HBM3/temp_dir/link/int/sdsl.dat -xclbin /wrk/xsjhdnobkup5/ravic/work/Port_DDR_to_HBM/build/HBM3/temp_dir/link/int/xclbin_orig.xml -rtd /wrk/xsjhdnobkup5/ravic/work/Port_DDR_to_HBM/build/HBM3/temp_dir/link/int/vadd_hw.rtd -o /wrk/xsjhdnobkup5/ravic/work/Port_DDR_to_HBM/build/HBM3/temp_dir/link/int/vadd_hw.xml
V++ internal step status: success
------------------------------------------
step: running writeSystemDiagram to update system diagram with slr and base address info.
timestamp: 18 Nov 2020 17:58:37
cmd: writeSystemDiagram
V++ internal step status: success
rtdgen status: success
------------------------------------------
step: running xclbinutil
timestamp: 18 Nov 2020 17:58:37
cmd: /proj/xbuilds/SWIP/2020.2_1109_1932/installs/lin64/Vitis/2020.2/bin/xclbinutil --add-section DEBUG_IP_LAYOUT:JSON:/wrk/xsjhdnobkup5/ravic/work/Port_DDR_to_HBM/build/HBM3/temp_dir/link/int/debug_ip_layout.rtd --add-section BITSTREAM:RAW:/wrk/xsjhdnobkup5/ravic/work/Port_DDR_to_HBM/build/HBM3/temp_dir/link/int/partial.bit --force --target hw --key-value SYS:dfx_enable:true --add-section :JSON:/wrk/xsjhdnobkup5/ravic/work/Port_DDR_to_HBM/build/HBM3/temp_dir/link/int/vadd_hw.rtd --append-section :JSON:/wrk/xsjhdnobkup5/ravic/work/Port_DDR_to_HBM/build/HBM3/temp_dir/link/int/appendSection.rtd --add-section CLOCK_FREQ_TOPOLOGY:JSON:/wrk/xsjhdnobkup5/ravic/work/Port_DDR_to_HBM/build/HBM3/temp_dir/link/int/vadd_hw_xml.rtd --add-section BUILD_METADATA:JSON:/wrk/xsjhdnobkup5/ravic/work/Port_DDR_to_HBM/build/HBM3/temp_dir/link/int/vadd_hw_build.rtd --add-section EMBEDDED_METADATA:RAW:/wrk/xsjhdnobkup5/ravic/work/Port_DDR_to_HBM/build/HBM3/temp_dir/link/int/vadd_hw.xml --add-section SYSTEM_METADATA:RAW:/wrk/xsjhdnobkup5/ravic/work/Port_DDR_to_HBM/build/HBM3/temp_dir/link/int/systemDiagramModelSlrBaseAddress.json --key-value SYS:PlatformVBNV:xilinx_u50_gen3x16_xdma_201920_3 --output /wrk/xsjhdnobkup5/ravic/work/Port_DDR_to_HBM/makefile/././../build/HBM3/vadd_hw.xclbin
xclbinutil status: success
------------------------------------------
step: running xclbinutilinfo
timestamp: 18 Nov 2020 17:58:37
cmd: /proj/xbuilds/SWIP/2020.2_1109_1932/installs/lin64/Vitis/2020.2/bin/xclbinutil --quiet --force --info /wrk/xsjhdnobkup5/ravic/work/Port_DDR_to_HBM/makefile/././../build/HBM3/vadd_hw.xclbin.info --input /wrk/xsjhdnobkup5/ravic/work/Port_DDR_to_HBM/makefile/././../build/HBM3/vadd_hw.xclbin
xclbinutilinfo status: success
------------------------------------------
step: running generate_sc_driver
timestamp: 18 Nov 2020 17:58:38
cmd: /proj/xbuilds/SWIP/2020.2_1109_1932/installs/lin64/Vivado/2020.2/tps/lnx64/binutils-2.26/bin
generate_sc_driver status: success
------------------------------------------
hw completed
timestamp: 18 Nov 2020 17:58:38
------------------------------------------
V++ internal step: generating system estimate report file
timestamp: 18 Nov 2020 17:58:38
output: /wrk/xsjhdnobkup5/ravic/work/Port_DDR_to_HBM/build/HBM3/report_dir/link/system_estimate_vadd_hw.xtxt
V++ internal step status: success
------------------------------------------
system estimate report task completed
timestamp: 18 Nov 2020 17:58:38
