
*** Running vivado
    with args -log bd_85ad_axi_apb_bridge_inst_0.vds -m64 -product Vivado -mode batch -messageDb vivado.pb -notrace -source bd_85ad_axi_apb_bridge_inst_0.tcl


****** Vivado v2020.2 (64-bit)
  **** SW Build 3017112 on Tue Sep 29 20:16:41 MDT 2020
  **** IP Build 3016781 on Tue Sep 29 23:22:34 MDT 2020
    ** Copyright 1986-2020 Xilinx, Inc. All Rights Reserved.

Sourcing tcl script '/home/ravic/.Xilinx/Vivado/Vivado_init.tcl'
54 Beta devices matching pattern found, 54 enabled.
WARNING: [Board 49-131] In interface "default_300mhz_clk1" preset_proc "default_300mhz_clk1_preset" not found in preset file.
WARNING: [Board 49-131] In interface "default_300mhz_clk2" preset_proc "default_300mhz_clk2_preset" not found in preset file.
WARNING: [Board 49-131] In interface "default_300mhz_clk3" preset_proc "default_300mhz_clk3_preset" not found in preset file.
WARNING: [Board 49-131] In interface "led_3bits" preset_proc "led_3bits_preset" not found in preset file.
WARNING: [Board 49-131] In interface "rs232_uart" preset_proc "rs232_uart_preset" not found in preset file.
WARNING: [Board 49-131] In interface "uart2_bank306" preset_proc "rs232_uart_preset" not found in preset file.
WARNING: [Board 49-131] In interface "dc_pl_gpio" preset_proc "dc_pl_gpio_preset" not found in preset file.
WARNING: [Board 49-131] In interface "sysctlr_gpio" preset_proc "sysctlr_gpio_preset" not found in preset file.
WARNING: [Board 49-131] In interface "sysclk0" preset_proc "sysclk0_preset" not found in preset file.
WARNING: [Board 49-131] In interface "sysclk1" preset_proc "sysclk1_preset" not found in preset file.
WARNING: [Board 49-131] In interface "sysclk3" preset_proc "sysclk3_preset" not found in preset file.
WARNING: [Board 49-131] In interface "rs232_uart" preset_proc "rs232_uart_preset" not found in preset file.
WARNING: [Board 49-131] In interface "push_button_4bits" preset_proc "PUSH_BUTTON_4Bits_Preset" not found in preset file.
WARNING: [Board 49-131] In interface "sys_diff_clock" preset_proc "sys_diff_clock_preset" not found in preset file.
WARNING: [Board 49-131] In interface "sys_diff_clock" preset_proc "sys_diff_clock_preset" not found in preset file.
WARNING: [Board 49-131] In interface "sys_diff_clock_233" preset_proc "sys_diff_clock_233_preset" not found in preset file.
WARNING: [Board 49-131] In interface "push_buttons" preset_proc "push_buttons_preset" not found in preset file.
WARNING: [Board 49-131] In interface "uart2_bank306" preset_proc "rs232_uart_preset" not found in preset file.
WARNING: [Board 49-131] In interface "dc_pl_gpio" preset_proc "dc_pl_gpio_preset" not found in preset file.
WARNING: [Board 49-131] In interface "sysctlr_gpio" preset_proc "sysctlr_gpio_preset" not found in preset file.
WARNING: [Board 49-131] In interface "default_300mhz_clk1" preset_proc "default_300mhz_clk1_preset" not found in preset file.
WARNING: [Board 49-131] In interface "default_300mhz_clk2" preset_proc "default_300mhz_clk2_preset" not found in preset file.
WARNING: [Board 49-131] In interface "default_300mhz_clk3" preset_proc "default_300mhz_clk3_preset" not found in preset file.
WARNING: [Board 49-131] In interface "led_3bits" preset_proc "led_3bits_preset" not found in preset file.
WARNING: [Board 49-131] In interface "rs232_uart" preset_proc "rs232_uart_preset" not found in preset file.
WARNING: [Board 49-131] In interface "default_sysclk_300" preset_proc "default_sysclk_300_preset" not found in preset file.
WARNING: [Board 49-131] In interface "sysclk_125" preset_proc "sysclk_125_preset" not found in preset file.
WARNING: [Board 49-131] In interface "user_prog_clock" preset_proc "user_prog_clock_preset" not found in preset file.
WARNING: [Board 49-131] In interface "default_sysclk_300" preset_proc "default_sysclk_300_preset" not found in preset file.
WARNING: [Board 49-131] In interface "sysclk_125" preset_proc "sysclk_125_preset" not found in preset file.
WARNING: [Board 49-131] In interface "user_prog_clock" preset_proc "user_prog_clock_preset" not found in preset file.
WARNING: [Board 49-131] In interface "default_300mhz_clk1" preset_proc "default_300mhz_clk1_preset" not found in preset file.
WARNING: [Board 49-131] In interface "default_300mhz_clk2" preset_proc "default_300mhz_clk2_preset" not found in preset file.
WARNING: [Board 49-131] In interface "default_300mhz_clk3" preset_proc "default_300mhz_clk3_preset" not found in preset file.
WARNING: [Board 49-131] In interface "rs232_uart" preset_proc "rs232_uart_preset" not found in preset file.
WARNING: [Board 49-131] In interface "default_300mhz_clk1" preset_proc "default_300mhz_clk1_preset" not found in preset file.
WARNING: [Board 49-131] In interface "default_300mhz_clk2" preset_proc "default_300mhz_clk2_preset" not found in preset file.
WARNING: [Board 49-131] In interface "default_300mhz_clk3" preset_proc "default_300mhz_clk3_preset" not found in preset file.
WARNING: [Board 49-131] In interface "led_3bits" preset_proc "led_3bits_preset" not found in preset file.
WARNING: [Board 49-131] In interface "rs232_uart" preset_proc "rs232_uart_preset" not found in preset file.
enable_beta_device: Time (s): cpu = 00:00:05 ; elapsed = 00:00:06 . Memory (MB): peak = 2453.535 ; gain = 14.152 ; free physical = 28878 ; free virtual = 54193
0 Beta devices matching pattern found, 0 enabled.
0 Beta devices matching pattern found, 0 enabled.
0 Beta devices matching pattern found, 0 enabled.
0 Beta devices matching pattern found, 0 enabled.
0 Beta devices matching pattern found, 0 enabled.
source bd_85ad_axi_apb_bridge_inst_0.tcl -notrace
INFO: Dispatch client connection id - 42487
WARNING: [Board 49-131] In interface "pci_express_x4" preset_proc "pciex4_preset" not found in preset file.
WARNING: [Board 49-131] In interface "qsfp_4x" preset_proc "qsfp0_4x_preset" not found in preset file.
WARNING: [Board 49-131] In interface "pci_express_x4" preset_proc "pciex4_preset" not found in preset file.
WARNING: [Board 49-131] In interface "qsfp_4x" preset_proc "qsfp0_4x_preset" not found in preset file.
INFO: [IP_Flow 19-234] Refreshing IP repositories
INFO: [IP_Flow 19-1700] Loaded user IP repository '/scratch/ravic/Port_DDR_to_HBM/build/HBM2/temp_dir/link/int/xo/ip_repo/xilinx_com_hls_vadd_1_0'.
INFO: [IP_Flow 19-1700] Loaded user IP repository '/proj/xbuilds/2020.1_daily_latest/internal_platforms/xilinx_u50lv_gen3x4_xdma_2_202010_1/hw/xsa/iprepo'.
INFO: [IP_Flow 19-1700] Loaded user IP repository '/proj/xbuilds/SWIP/2020.2_0929_2003/installs/lin64/Vitis/2020.2/data/cache/xilinx'.
INFO: [IP_Flow 19-1700] Loaded user IP repository '/proj/xbuilds/2020.1_daily_latest/internal_platforms/xilinx_u50lv_gen3x4_xdma_2_202010_1/hw/xsa/ipcache'.
INFO: [IP_Flow 19-1700] Loaded user IP repository '/proj/xbuilds/SWIP/2020.2_0929_2003/installs/lin64/Vitis/2020.2/data/ip'.
INFO: [IP_Flow 19-2313] Loaded Vivado IP repository '/proj/xbuilds/SWIP/2020.2_0929_2003/installs/lin64/Vivado/2020.2/data/ip'.
WARNING: [IP_Flow 19-1663] Duplicate IP found for 'xilinx.com:ip:axi_clk_metadata_adapter:1.0'. The one found in IP location '/proj/xbuilds/2020.1_daily_latest/internal_platforms/xilinx_u50lv_gen3x4_xdma_2_202010_1/hw/xsa/iprepo/ipdefs/ii_infra_ipdefs/axi_clk_metadata_adapter_v1_0' will take precedence over the same IP in location /proj/xbuilds/2020.1_daily_latest/internal_platforms/xilinx_u50lv_gen3x4_xdma_2_202010_1/hw/xsa/iprepo/ipdefs/other_ipdefs/axi_clk_metadata_adapter_v1_0
WARNING: [IP_Flow 19-1663] Duplicate IP found for 'xilinx.com:ip:axis_clk_metadata_adapter:1.0'. The one found in IP location '/proj/xbuilds/2020.1_daily_latest/internal_platforms/xilinx_u50lv_gen3x4_xdma_2_202010_1/hw/xsa/iprepo/ipdefs/ii_infra_ipdefs/axis_clk_metadata_adapter_v1_0' will take precedence over the same IP in location /proj/xbuilds/2020.1_daily_latest/internal_platforms/xilinx_u50lv_gen3x4_xdma_2_202010_1/hw/xsa/iprepo/ipdefs/other_ipdefs/axis_clk_metadata_adapter_v1_0
WARNING: [IP_Flow 19-1663] Duplicate IP found for 'xilinx.com:ip:clk_metadata_adapter:1.0'. The one found in IP location '/proj/xbuilds/2020.1_daily_latest/internal_platforms/xilinx_u50lv_gen3x4_xdma_2_202010_1/hw/xsa/iprepo/ipdefs/ii_infra_ipdefs/clk_metadata_adapter_v1_0' will take precedence over the same IP in location /proj/xbuilds/2020.1_daily_latest/internal_platforms/xilinx_u50lv_gen3x4_xdma_2_202010_1/hw/xsa/iprepo/ipdefs/other_ipdefs/clk_metadata_adapter_v1_0
WARNING: [IP_Flow 19-1663] Duplicate IP found for 'xilinx.com:ip:shell_utils_build_info:1.0'. The one found in IP location '/proj/xbuilds/2020.1_daily_latest/internal_platforms/xilinx_u50lv_gen3x4_xdma_2_202010_1/hw/xsa/iprepo/ipdefs/other_ipdefs/shell_utils_build_info_v1_0' will take precedence over the same IP in the Xilinx installed IP.
INFO: [IP_Flow 19-6924] IPCACHE: Running cache check for IP inst: bd_85ad_axi_apb_bridge_inst_0
Command: synth_design -top bd_85ad_axi_apb_bridge_inst_0 -part xcu50-fsvh2104-2LV-e -mode out_of_context
Starting synth_design
Attempting to get a license for feature 'Synthesis' and/or device 'xcu50'
INFO: [Common 17-349] Got license for feature 'Synthesis' and/or device 'xcu50'
INFO: [Device 21-403] Loading part xcu50-fsvh2104-2LV-e
INFO: [Synth 8-7079] Multithreading enabled for synth_design using a maximum of 1 processes.
INFO: [Synth 8-7078] Launching helper process for spawning children vivado processes
INFO: [Synth 8-7075] Helper process launched with PID 19707
---------------------------------------------------------------------------------
Starting RTL Elaboration : Time (s): cpu = 00:00:04 ; elapsed = 00:00:04 . Memory (MB): peak = 3362.867 ; gain = 153.719 ; free physical = 16925 ; free virtual = 42241
---------------------------------------------------------------------------------
INFO: [Synth 8-638] synthesizing module 'bd_85ad_axi_apb_bridge_inst_0' [/scratch/ravic/Port_DDR_to_HBM/build/HBM2/temp_dir/link/vivado/vpl/prj/prj.gen/my_rm/bd/bd/ip/ulp_hmss_0_0/bd_0/ip/ip_14/synth/bd_85ad_axi_apb_bridge_inst_0.vhd:90]
	Parameter C_FAMILY bound to: virtexuplusHBM - type: string 
	Parameter C_INSTANCE bound to: axi_apb_bridge_inst - type: string 
	Parameter C_S_AXI_ADDR_WIDTH bound to: 22 - type: integer 
	Parameter C_S_AXI_DATA_WIDTH bound to: 32 - type: integer 
	Parameter C_M_APB_ADDR_WIDTH bound to: 22 - type: integer 
	Parameter C_M_APB_DATA_WIDTH bound to: 32 - type: integer 
	Parameter C_APB_NUM_SLAVES bound to: 1 - type: integer 
	Parameter C_M_APB_PROTOCOL bound to: apb3 - type: string 
	Parameter C_BASEADDR bound to: 64'b0000000000000000000000000000000000000000000000000000000000000000 
	Parameter C_HIGHADDR bound to: 64'b0000000000000000000000000000000000000000001111111111111111111111 
	Parameter C_S_AXI_RNG2_BASEADDR bound to: 64'b0000000000000000000000000000000000010000000000000000000000000000 
	Parameter C_S_AXI_RNG2_HIGHADDR bound to: 64'b0000000000000000000000000000000000011111111111111111111111111111 
	Parameter C_S_AXI_RNG3_BASEADDR bound to: 64'b0000000000000000000000000000000000100000000000000000000000000000 
	Parameter C_S_AXI_RNG3_HIGHADDR bound to: 64'b0000000000000000000000000000000000101111111111111111111111111111 
	Parameter C_S_AXI_RNG4_BASEADDR bound to: 64'b0000000000000000000000000000000000110000000000000000000000000000 
	Parameter C_S_AXI_RNG4_HIGHADDR bound to: 64'b0000000000000000000000000000000000111111111111111111111111111111 
	Parameter C_S_AXI_RNG5_BASEADDR bound to: 64'b0000000000000000000000000000000001000000000000000000000000000000 
	Parameter C_S_AXI_RNG5_HIGHADDR bound to: 64'b0000000000000000000000000000000001001111111111111111111111111111 
	Parameter C_S_AXI_RNG6_BASEADDR bound to: 64'b0000000000000000000000000000000001010000000000000000000000000000 
	Parameter C_S_AXI_RNG6_HIGHADDR bound to: 64'b0000000000000000000000000000000001011111111111111111111111111111 
	Parameter C_S_AXI_RNG7_BASEADDR bound to: 64'b0000000000000000000000000000000001100000000000000000000000000000 
	Parameter C_S_AXI_RNG7_HIGHADDR bound to: 64'b0000000000000000000000000000000001101111111111111111111111111111 
	Parameter C_S_AXI_RNG8_BASEADDR bound to: 64'b0000000000000000000000000000000001110000000000000000000000000000 
	Parameter C_S_AXI_RNG8_HIGHADDR bound to: 64'b0000000000000000000000000000000001111111111111111111111111111111 
	Parameter C_S_AXI_RNG9_BASEADDR bound to: 64'b0000000000000000000000000000000010000000000000000000000000000000 
	Parameter C_S_AXI_RNG9_HIGHADDR bound to: 64'b0000000000000000000000000000000010001111111111111111111111111111 
	Parameter C_S_AXI_RNG10_BASEADDR bound to: 64'b0000000000000000000000000000000010010000000000000000000000000000 
	Parameter C_S_AXI_RNG10_HIGHADDR bound to: 64'b0000000000000000000000000000000010011111111111111111111111111111 
	Parameter C_S_AXI_RNG11_BASEADDR bound to: 64'b0000000000000000000000000000000010100000000000000000000000000000 
	Parameter C_S_AXI_RNG11_HIGHADDR bound to: 64'b0000000000000000000000000000000010101111111111111111111111111111 
	Parameter C_S_AXI_RNG12_BASEADDR bound to: 64'b0000000000000000000000000000000010110000000000000000000000000000 
	Parameter C_S_AXI_RNG12_HIGHADDR bound to: 64'b0000000000000000000000000000000010111111111111111111111111111111 
	Parameter C_S_AXI_RNG13_BASEADDR bound to: 64'b0000000000000000000000000000000011000000000000000000000000000000 
	Parameter C_S_AXI_RNG13_HIGHADDR bound to: 64'b0000000000000000000000000000000011001111111111111111111111111111 
	Parameter C_S_AXI_RNG14_BASEADDR bound to: 64'b0000000000000000000000000000000011010000000000000000000000000000 
	Parameter C_S_AXI_RNG14_HIGHADDR bound to: 64'b0000000000000000000000000000000011011111111111111111111111111111 
	Parameter C_S_AXI_RNG15_BASEADDR bound to: 64'b0000000000000000000000000000000011100000000000000000000000000000 
	Parameter C_S_AXI_RNG15_HIGHADDR bound to: 64'b0000000000000000000000000000000011101111111111111111111111111111 
	Parameter C_S_AXI_RNG16_BASEADDR bound to: 64'b0000000000000000000000000000000011110000000000000000000000000000 
	Parameter C_S_AXI_RNG16_HIGHADDR bound to: 64'b0000000000000000000000000000000011111111111111111111111111111111 
	Parameter C_DPHASE_TIMEOUT bound to: 0 - type: integer 
INFO: [Synth 8-3491] module 'axi_apb_bridge' declared at '/scratch/ravic/Port_DDR_to_HBM/build/HBM2/temp_dir/link/vivado/vpl/prj/prj.gen/my_rm/bd/bd/ipshared/7b85/hdl/axi_apb_bridge_v3_0_vh_rfs.vhd:7175' bound to instance 'U0' of component 'axi_apb_bridge' [/scratch/ravic/Port_DDR_to_HBM/build/HBM2/temp_dir/link/vivado/vpl/prj/prj.gen/my_rm/bd/bd/ip/ulp_hmss_0_0/bd_0/ip/ip_14/synth/bd_85ad_axi_apb_bridge_inst_0.vhd:228]
INFO: [Synth 8-638] synthesizing module 'axi_apb_bridge' [/scratch/ravic/Port_DDR_to_HBM/build/HBM2/temp_dir/link/vivado/vpl/prj/prj.gen/my_rm/bd/bd/ipshared/7b85/hdl/axi_apb_bridge_v3_0_vh_rfs.vhd:7284]
	Parameter C_FAMILY bound to: virtexuplusHBM - type: string 
	Parameter C_INSTANCE bound to: axi_apb_bridge_inst - type: string 
	Parameter C_S_AXI_ADDR_WIDTH bound to: 22 - type: integer 
	Parameter C_S_AXI_DATA_WIDTH bound to: 32 - type: integer 
	Parameter C_M_APB_ADDR_WIDTH bound to: 22 - type: integer 
	Parameter C_M_APB_DATA_WIDTH bound to: 32 - type: integer 
	Parameter C_APB_NUM_SLAVES bound to: 1 - type: integer 
	Parameter C_M_APB_PROTOCOL bound to: apb3 - type: string 
	Parameter C_BASEADDR bound to: 64'b0000000000000000000000000000000000000000000000000000000000000000 
	Parameter C_HIGHADDR bound to: 64'b0000000000000000000000000000000000000000001111111111111111111111 
	Parameter C_S_AXI_RNG2_BASEADDR bound to: 64'b0000000000000000000000000000000000010000000000000000000000000000 
	Parameter C_S_AXI_RNG2_HIGHADDR bound to: 64'b0000000000000000000000000000000000011111111111111111111111111111 
	Parameter C_S_AXI_RNG3_BASEADDR bound to: 64'b0000000000000000000000000000000000100000000000000000000000000000 
	Parameter C_S_AXI_RNG3_HIGHADDR bound to: 64'b0000000000000000000000000000000000101111111111111111111111111111 
	Parameter C_S_AXI_RNG4_BASEADDR bound to: 64'b0000000000000000000000000000000000110000000000000000000000000000 
	Parameter C_S_AXI_RNG4_HIGHADDR bound to: 64'b0000000000000000000000000000000000111111111111111111111111111111 
	Parameter C_S_AXI_RNG5_BASEADDR bound to: 64'b0000000000000000000000000000000001000000000000000000000000000000 
	Parameter C_S_AXI_RNG5_HIGHADDR bound to: 64'b0000000000000000000000000000000001001111111111111111111111111111 
	Parameter C_S_AXI_RNG6_BASEADDR bound to: 64'b0000000000000000000000000000000001010000000000000000000000000000 
	Parameter C_S_AXI_RNG6_HIGHADDR bound to: 64'b0000000000000000000000000000000001011111111111111111111111111111 
	Parameter C_S_AXI_RNG7_BASEADDR bound to: 64'b0000000000000000000000000000000001100000000000000000000000000000 
	Parameter C_S_AXI_RNG7_HIGHADDR bound to: 64'b0000000000000000000000000000000001101111111111111111111111111111 
	Parameter C_S_AXI_RNG8_BASEADDR bound to: 64'b0000000000000000000000000000000001110000000000000000000000000000 
	Parameter C_S_AXI_RNG8_HIGHADDR bound to: 64'b0000000000000000000000000000000001111111111111111111111111111111 
	Parameter C_S_AXI_RNG9_BASEADDR bound to: 64'b0000000000000000000000000000000010000000000000000000000000000000 
	Parameter C_S_AXI_RNG9_HIGHADDR bound to: 64'b0000000000000000000000000000000010001111111111111111111111111111 
	Parameter C_S_AXI_RNG10_BASEADDR bound to: 64'b0000000000000000000000000000000010010000000000000000000000000000 
	Parameter C_S_AXI_RNG10_HIGHADDR bound to: 64'b0000000000000000000000000000000010011111111111111111111111111111 
	Parameter C_S_AXI_RNG11_BASEADDR bound to: 64'b0000000000000000000000000000000010100000000000000000000000000000 
	Parameter C_S_AXI_RNG11_HIGHADDR bound to: 64'b0000000000000000000000000000000010101111111111111111111111111111 
	Parameter C_S_AXI_RNG12_BASEADDR bound to: 64'b0000000000000000000000000000000010110000000000000000000000000000 
	Parameter C_S_AXI_RNG12_HIGHADDR bound to: 64'b0000000000000000000000000000000010111111111111111111111111111111 
	Parameter C_S_AXI_RNG13_BASEADDR bound to: 64'b0000000000000000000000000000000011000000000000000000000000000000 
	Parameter C_S_AXI_RNG13_HIGHADDR bound to: 64'b0000000000000000000000000000000011001111111111111111111111111111 
	Parameter C_S_AXI_RNG14_BASEADDR bound to: 64'b0000000000000000000000000000000011010000000000000000000000000000 
	Parameter C_S_AXI_RNG14_HIGHADDR bound to: 64'b0000000000000000000000000000000011011111111111111111111111111111 
	Parameter C_S_AXI_RNG15_BASEADDR bound to: 64'b0000000000000000000000000000000011100000000000000000000000000000 
	Parameter C_S_AXI_RNG15_HIGHADDR bound to: 64'b0000000000000000000000000000000011101111111111111111111111111111 
	Parameter C_S_AXI_RNG16_BASEADDR bound to: 64'b0000000000000000000000000000000011110000000000000000000000000000 
	Parameter C_S_AXI_RNG16_HIGHADDR bound to: 64'b0000000000000000000000000000000011111111111111111111111111111111 
	Parameter C_DPHASE_TIMEOUT bound to: 0 - type: integer 
INFO: [Synth 8-638] synthesizing module 'psel_decoder' [/scratch/ravic/Port_DDR_to_HBM/build/HBM2/temp_dir/link/vivado/vpl/prj/prj.gen/my_rm/bd/bd/ipshared/7b85/hdl/axi_apb_bridge_v3_0_vh_rfs.vhd:564]
	Parameter C_FAMILY bound to: virtexuplusHBM - type: string 
	Parameter C_S_AXI_ADDR_WIDTH bound to: 22 - type: integer 
	Parameter C_APB_NUM_SLAVES bound to: 1 - type: integer 
	Parameter C_S_AXI_RNG1_BASEADDR bound to: 64'b0000000000000000000000000000000000000000000000000000000000000000 
	Parameter C_S_AXI_RNG1_HIGHADDR bound to: 64'b0000000000000000000000000000000000000000001111111111111111111111 
	Parameter C_S_AXI_RNG2_BASEADDR bound to: 64'b0000000000000000000000000000000000010000000000000000000000000000 
	Parameter C_S_AXI_RNG2_HIGHADDR bound to: 64'b0000000000000000000000000000000000011111111111111111111111111111 
	Parameter C_S_AXI_RNG3_BASEADDR bound to: 64'b0000000000000000000000000000000000100000000000000000000000000000 
	Parameter C_S_AXI_RNG3_HIGHADDR bound to: 64'b0000000000000000000000000000000000101111111111111111111111111111 
	Parameter C_S_AXI_RNG4_BASEADDR bound to: 64'b0000000000000000000000000000000000110000000000000000000000000000 
	Parameter C_S_AXI_RNG4_HIGHADDR bound to: 64'b0000000000000000000000000000000000111111111111111111111111111111 
	Parameter C_S_AXI_RNG5_BASEADDR bound to: 64'b0000000000000000000000000000000001000000000000000000000000000000 
	Parameter C_S_AXI_RNG5_HIGHADDR bound to: 64'b0000000000000000000000000000000001001111111111111111111111111111 
	Parameter C_S_AXI_RNG6_BASEADDR bound to: 64'b0000000000000000000000000000000001010000000000000000000000000000 
	Parameter C_S_AXI_RNG6_HIGHADDR bound to: 64'b0000000000000000000000000000000001011111111111111111111111111111 
	Parameter C_S_AXI_RNG7_BASEADDR bound to: 64'b0000000000000000000000000000000001100000000000000000000000000000 
	Parameter C_S_AXI_RNG7_HIGHADDR bound to: 64'b0000000000000000000000000000000001101111111111111111111111111111 
	Parameter C_S_AXI_RNG8_BASEADDR bound to: 64'b0000000000000000000000000000000001110000000000000000000000000000 
	Parameter C_S_AXI_RNG8_HIGHADDR bound to: 64'b0000000000000000000000000000000001111111111111111111111111111111 
	Parameter C_S_AXI_RNG9_BASEADDR bound to: 64'b0000000000000000000000000000000010000000000000000000000000000000 
	Parameter C_S_AXI_RNG9_HIGHADDR bound to: 64'b0000000000000000000000000000000010001111111111111111111111111111 
	Parameter C_S_AXI_RNG10_BASEADDR bound to: 64'b0000000000000000000000000000000010010000000000000000000000000000 
	Parameter C_S_AXI_RNG10_HIGHADDR bound to: 64'b0000000000000000000000000000000010011111111111111111111111111111 
	Parameter C_S_AXI_RNG11_BASEADDR bound to: 64'b0000000000000000000000000000000010100000000000000000000000000000 
	Parameter C_S_AXI_RNG11_HIGHADDR bound to: 64'b0000000000000000000000000000000010101111111111111111111111111111 
	Parameter C_S_AXI_RNG12_BASEADDR bound to: 64'b0000000000000000000000000000000010110000000000000000000000000000 
	Parameter C_S_AXI_RNG12_HIGHADDR bound to: 64'b0000000000000000000000000000000010111111111111111111111111111111 
	Parameter C_S_AXI_RNG13_BASEADDR bound to: 64'b0000000000000000000000000000000011000000000000000000000000000000 
	Parameter C_S_AXI_RNG13_HIGHADDR bound to: 64'b0000000000000000000000000000000011001111111111111111111111111111 
	Parameter C_S_AXI_RNG14_BASEADDR bound to: 64'b0000000000000000000000000000000011010000000000000000000000000000 
	Parameter C_S_AXI_RNG14_HIGHADDR bound to: 64'b0000000000000000000000000000000011011111111111111111111111111111 
	Parameter C_S_AXI_RNG15_BASEADDR bound to: 64'b0000000000000000000000000000000011100000000000000000000000000000 
	Parameter C_S_AXI_RNG15_HIGHADDR bound to: 64'b0000000000000000000000000000000011101111111111111111111111111111 
	Parameter C_S_AXI_RNG16_BASEADDR bound to: 64'b0000000000000000000000000000000011110000000000000000000000000000 
	Parameter C_S_AXI_RNG16_HIGHADDR bound to: 64'b0000000000000000000000000000000011111111111111111111111111111111 
INFO: [Synth 8-256] done synthesizing module 'psel_decoder' (1#1) [/scratch/ravic/Port_DDR_to_HBM/build/HBM2/temp_dir/link/vivado/vpl/prj/prj.gen/my_rm/bd/bd/ipshared/7b85/hdl/axi_apb_bridge_v3_0_vh_rfs.vhd:564]
INFO: [Synth 8-638] synthesizing module 'multiplexor' [/scratch/ravic/Port_DDR_to_HBM/build/HBM2/temp_dir/link/vivado/vpl/prj/prj.gen/my_rm/bd/bd/ipshared/7b85/hdl/axi_apb_bridge_v3_0_vh_rfs.vhd:4148]
	Parameter C_M_APB_DATA_WIDTH bound to: 32 - type: integer 
	Parameter C_APB_NUM_SLAVES bound to: 1 - type: integer 
INFO: [Synth 8-256] done synthesizing module 'multiplexor' (2#1) [/scratch/ravic/Port_DDR_to_HBM/build/HBM2/temp_dir/link/vivado/vpl/prj/prj.gen/my_rm/bd/bd/ipshared/7b85/hdl/axi_apb_bridge_v3_0_vh_rfs.vhd:4148]
INFO: [Synth 8-638] synthesizing module 'axilite_sif' [/scratch/ravic/Port_DDR_to_HBM/build/HBM2/temp_dir/link/vivado/vpl/prj/prj.gen/my_rm/bd/bd/ipshared/7b85/hdl/axi_apb_bridge_v3_0_vh_rfs.vhd:6098]
	Parameter C_FAMILY bound to: virtexuplusHBM - type: string 
	Parameter C_S_AXI_ADDR_WIDTH bound to: 22 - type: integer 
	Parameter C_S_AXI_DATA_WIDTH bound to: 32 - type: integer 
	Parameter C_DPHASE_TIMEOUT bound to: 0 - type: integer 
	Parameter C_M_APB_PROTOCOL bound to: apb3 - type: string 
INFO: [Synth 8-226] default block is never used [/scratch/ravic/Port_DDR_to_HBM/build/HBM2/temp_dir/link/vivado/vpl/prj/prj.gen/my_rm/bd/bd/ipshared/7b85/hdl/axi_apb_bridge_v3_0_vh_rfs.vhd:6346]
INFO: [Synth 8-256] done synthesizing module 'axilite_sif' (3#1) [/scratch/ravic/Port_DDR_to_HBM/build/HBM2/temp_dir/link/vivado/vpl/prj/prj.gen/my_rm/bd/bd/ipshared/7b85/hdl/axi_apb_bridge_v3_0_vh_rfs.vhd:6098]
INFO: [Synth 8-638] synthesizing module 'apb_mif' [/scratch/ravic/Port_DDR_to_HBM/build/HBM2/temp_dir/link/vivado/vpl/prj/prj.gen/my_rm/bd/bd/ipshared/7b85/hdl/axi_apb_bridge_v3_0_vh_rfs.vhd:6674]
	Parameter C_M_APB_ADDR_WIDTH bound to: 22 - type: integer 
	Parameter C_M_APB_DATA_WIDTH bound to: 32 - type: integer 
	Parameter C_S_AXI_DATA_WIDTH bound to: 32 - type: integer 
	Parameter C_APB_NUM_SLAVES bound to: 1 - type: integer 
	Parameter C_M_APB_PROTOCOL bound to: apb3 - type: string 
INFO: [Synth 8-256] done synthesizing module 'apb_mif' (4#1) [/scratch/ravic/Port_DDR_to_HBM/build/HBM2/temp_dir/link/vivado/vpl/prj/prj.gen/my_rm/bd/bd/ipshared/7b85/hdl/axi_apb_bridge_v3_0_vh_rfs.vhd:6674]
INFO: [Synth 8-256] done synthesizing module 'axi_apb_bridge' (5#1) [/scratch/ravic/Port_DDR_to_HBM/build/HBM2/temp_dir/link/vivado/vpl/prj/prj.gen/my_rm/bd/bd/ipshared/7b85/hdl/axi_apb_bridge_v3_0_vh_rfs.vhd:7284]
INFO: [Synth 8-256] done synthesizing module 'bd_85ad_axi_apb_bridge_inst_0' (6#1) [/scratch/ravic/Port_DDR_to_HBM/build/HBM2/temp_dir/link/vivado/vpl/prj/prj.gen/my_rm/bd/bd/ip/ulp_hmss_0_0/bd_0/ip/ip_14/synth/bd_85ad_axi_apb_bridge_inst_0.vhd:90]
---------------------------------------------------------------------------------
Finished RTL Elaboration : Time (s): cpu = 00:00:05 ; elapsed = 00:00:06 . Memory (MB): peak = 3411.773 ; gain = 202.625 ; free physical = 16429 ; free virtual = 41746
---------------------------------------------------------------------------------
---------------------------------------------------------------------------------
Start Handling Custom Attributes
---------------------------------------------------------------------------------
---------------------------------------------------------------------------------
Finished Handling Custom Attributes : Time (s): cpu = 00:00:05 ; elapsed = 00:00:06 . Memory (MB): peak = 3428.617 ; gain = 219.469 ; free physical = 17483 ; free virtual = 42800
---------------------------------------------------------------------------------
---------------------------------------------------------------------------------
Finished RTL Optimization Phase 1 : Time (s): cpu = 00:00:05 ; elapsed = 00:00:06 . Memory (MB): peak = 3428.617 ; gain = 219.469 ; free physical = 17482 ; free virtual = 42798
---------------------------------------------------------------------------------
Netlist sorting complete. Time (s): cpu = 00:00:00.01 ; elapsed = 00:00:00.01 . Memory (MB): peak = 3428.617 ; gain = 0.000 ; free physical = 17374 ; free virtual = 42690
INFO: [Project 1-570] Preparing netlist for logic optimization

Processing XDC Constraints
Initializing timing engine
Parsing XDC File [/scratch/ravic/Port_DDR_to_HBM/build/HBM2/temp_dir/link/vivado/vpl/prj/prj.gen/my_rm/bd/bd/ip/ulp_hmss_0_0/bd_0/ip/ip_14/bd_85ad_axi_apb_bridge_inst_0_ooc.xdc] for cell 'U0'
Finished Parsing XDC File [/scratch/ravic/Port_DDR_to_HBM/build/HBM2/temp_dir/link/vivado/vpl/prj/prj.gen/my_rm/bd/bd/ip/ulp_hmss_0_0/bd_0/ip/ip_14/bd_85ad_axi_apb_bridge_inst_0_ooc.xdc] for cell 'U0'
Parsing XDC File [/scratch/ravic/Port_DDR_to_HBM/build/HBM2/temp_dir/link/vivado/vpl/prj/prj.runs/bd_85ad_axi_apb_bridge_inst_0_synth_1/dont_touch.xdc]
Finished Parsing XDC File [/scratch/ravic/Port_DDR_to_HBM/build/HBM2/temp_dir/link/vivado/vpl/prj/prj.runs/bd_85ad_axi_apb_bridge_inst_0_synth_1/dont_touch.xdc]
Completed Processing XDC Constraints

Netlist sorting complete. Time (s): cpu = 00:00:00 ; elapsed = 00:00:00 . Memory (MB): peak = 3548.215 ; gain = 0.000 ; free physical = 17593 ; free virtual = 42954
INFO: [Project 1-111] Unisim Transformation Summary:
No Unisim elements were transformed.

Constraint Validation Runtime : Time (s): cpu = 00:00:00.04 ; elapsed = 00:00:00.04 . Memory (MB): peak = 3548.215 ; gain = 0.000 ; free physical = 17590 ; free virtual = 42953
---------------------------------------------------------------------------------
Finished Constraint Validation : Time (s): cpu = 00:00:14 ; elapsed = 00:00:16 . Memory (MB): peak = 3548.215 ; gain = 339.066 ; free physical = 17359 ; free virtual = 42694
---------------------------------------------------------------------------------
---------------------------------------------------------------------------------
Start Loading Part and Timing Information
---------------------------------------------------------------------------------
Loading part: xcu50-fsvh2104-2LV-e
INFO: [Synth 8-6742] Reading net delay rules and data
---------------------------------------------------------------------------------
Finished Loading Part and Timing Information : Time (s): cpu = 00:00:14 ; elapsed = 00:00:16 . Memory (MB): peak = 3548.215 ; gain = 339.066 ; free physical = 17358 ; free virtual = 42693
---------------------------------------------------------------------------------
---------------------------------------------------------------------------------
Start Applying 'set_property' XDC Constraints
---------------------------------------------------------------------------------
Applied set_property KEEP_HIERARCHY = SOFT for U0. (constraint file  /scratch/ravic/Port_DDR_to_HBM/build/HBM2/temp_dir/link/vivado/vpl/prj/prj.runs/bd_85ad_axi_apb_bridge_inst_0_synth_1/dont_touch.xdc, line 6).
---------------------------------------------------------------------------------
Finished applying 'set_property' XDC Constraints : Time (s): cpu = 00:00:14 ; elapsed = 00:00:16 . Memory (MB): peak = 3548.215 ; gain = 339.066 ; free physical = 17356 ; free virtual = 42692
---------------------------------------------------------------------------------
INFO: [Synth 8-802] inferred FSM for state register 'axi_wr_rd_cs_reg' in module 'axilite_sif'
INFO: [Synth 8-802] inferred FSM for state register 'apb_wr_rd_cs_reg' in module 'apb_mif'
---------------------------------------------------------------------------------------------------
                   State |                     New Encoding |                Previous Encoding 
---------------------------------------------------------------------------------------------------
                axi_idle |                              000 |                              000
               read_wait |                              001 |                              110
                    read |                              010 |                              101
                 rd_resp |                              011 |                              111
              write_wait |                              100 |                              011
            write_w_wait |                              101 |                              010
                   write |                              110 |                              001
                 wr_resp |                              111 |                              100
---------------------------------------------------------------------------------------------------
INFO: [Synth 8-3354] encoded FSM with state register 'axi_wr_rd_cs_reg' using encoding 'sequential' in module 'axilite_sif'
---------------------------------------------------------------------------------------------------
                   State |                     New Encoding |                Previous Encoding 
---------------------------------------------------------------------------------------------------
                apb_idle |                              001 |                               00
               apb_setup |                              010 |                               01
              apb_access |                              100 |                               10
---------------------------------------------------------------------------------------------------
INFO: [Synth 8-3354] encoded FSM with state register 'apb_wr_rd_cs_reg' using encoding 'one-hot' in module 'apb_mif'
---------------------------------------------------------------------------------
Finished RTL Optimization Phase 2 : Time (s): cpu = 00:00:14 ; elapsed = 00:00:17 . Memory (MB): peak = 3548.215 ; gain = 339.066 ; free physical = 17295 ; free virtual = 42631
---------------------------------------------------------------------------------
---------------------------------------------------------------------------------
Start RTL Component Statistics 
---------------------------------------------------------------------------------
Detailed RTL Component Info : 
+---Registers : 
	               32 Bit    Registers := 2     
	               22 Bit    Registers := 2     
	                1 Bit    Registers := 10    
+---Muxes : 
	   2 Input   32 Bit        Muxes := 3     
	   3 Input   32 Bit        Muxes := 1     
	   2 Input   22 Bit        Muxes := 4     
	   8 Input    3 Bit        Muxes := 1     
	   2 Input    3 Bit        Muxes := 5     
	   2 Input    1 Bit        Muxes := 13    
	   8 Input    1 Bit        Muxes := 8     
	   3 Input    1 Bit        Muxes := 5     
---------------------------------------------------------------------------------
Finished RTL Component Statistics 
---------------------------------------------------------------------------------
---------------------------------------------------------------------------------
Start Part Resource Summary
---------------------------------------------------------------------------------
Part Resources:
DSPs: 5952 (col length:93)
BRAMs: 2688 (col length: RAMB18 192 RAMB36 96)
---------------------------------------------------------------------------------
Finished Part Resource Summary
---------------------------------------------------------------------------------
---------------------------------------------------------------------------------
Start Cross Boundary and Area Optimization
---------------------------------------------------------------------------------
---------------------------------------------------------------------------------
Finished Cross Boundary and Area Optimization : Time (s): cpu = 00:00:15 ; elapsed = 00:00:18 . Memory (MB): peak = 3548.215 ; gain = 339.066 ; free physical = 17215 ; free virtual = 42554
---------------------------------------------------------------------------------
---------------------------------------------------------------------------------
Start Applying XDC Timing Constraints
---------------------------------------------------------------------------------
---------------------------------------------------------------------------------
Finished Applying XDC Timing Constraints : Time (s): cpu = 00:00:29 ; elapsed = 00:00:42 . Memory (MB): peak = 3863.668 ; gain = 654.520 ; free physical = 16306 ; free virtual = 41768
---------------------------------------------------------------------------------
---------------------------------------------------------------------------------
Start Timing Optimization
---------------------------------------------------------------------------------
---------------------------------------------------------------------------------
Finished Timing Optimization : Time (s): cpu = 00:00:29 ; elapsed = 00:00:42 . Memory (MB): peak = 3886.699 ; gain = 677.551 ; free physical = 16438 ; free virtual = 41900
---------------------------------------------------------------------------------
---------------------------------------------------------------------------------
Start Technology Mapping
---------------------------------------------------------------------------------
---------------------------------------------------------------------------------
Finished Technology Mapping : Time (s): cpu = 00:00:29 ; elapsed = 00:00:42 . Memory (MB): peak = 3888.715 ; gain = 679.566 ; free physical = 16434 ; free virtual = 41896
---------------------------------------------------------------------------------
---------------------------------------------------------------------------------
Start IO Insertion
---------------------------------------------------------------------------------
---------------------------------------------------------------------------------
Start Flattening Before IO Insertion
---------------------------------------------------------------------------------
---------------------------------------------------------------------------------
Finished Flattening Before IO Insertion
---------------------------------------------------------------------------------
---------------------------------------------------------------------------------
Start Final Netlist Cleanup
---------------------------------------------------------------------------------
---------------------------------------------------------------------------------
Finished Final Netlist Cleanup
---------------------------------------------------------------------------------
---------------------------------------------------------------------------------
Finished IO Insertion : Time (s): cpu = 00:00:32 ; elapsed = 00:00:45 . Memory (MB): peak = 3894.652 ; gain = 685.504 ; free physical = 16453 ; free virtual = 41911
---------------------------------------------------------------------------------
---------------------------------------------------------------------------------
Start Renaming Generated Instances
---------------------------------------------------------------------------------
---------------------------------------------------------------------------------
Finished Renaming Generated Instances : Time (s): cpu = 00:00:32 ; elapsed = 00:00:45 . Memory (MB): peak = 3894.652 ; gain = 685.504 ; free physical = 16453 ; free virtual = 41911
---------------------------------------------------------------------------------
---------------------------------------------------------------------------------
Start Rebuilding User Hierarchy
---------------------------------------------------------------------------------
---------------------------------------------------------------------------------
Finished Rebuilding User Hierarchy : Time (s): cpu = 00:00:32 ; elapsed = 00:00:45 . Memory (MB): peak = 3894.652 ; gain = 685.504 ; free physical = 16453 ; free virtual = 41910
---------------------------------------------------------------------------------
---------------------------------------------------------------------------------
Start Renaming Generated Ports
---------------------------------------------------------------------------------
---------------------------------------------------------------------------------
Finished Renaming Generated Ports : Time (s): cpu = 00:00:32 ; elapsed = 00:00:45 . Memory (MB): peak = 3894.652 ; gain = 685.504 ; free physical = 16449 ; free virtual = 41908
---------------------------------------------------------------------------------
---------------------------------------------------------------------------------
Start Handling Custom Attributes
---------------------------------------------------------------------------------
---------------------------------------------------------------------------------
Finished Handling Custom Attributes : Time (s): cpu = 00:00:32 ; elapsed = 00:00:45 . Memory (MB): peak = 3894.652 ; gain = 685.504 ; free physical = 16449 ; free virtual = 41908
---------------------------------------------------------------------------------
---------------------------------------------------------------------------------
Start Renaming Generated Nets
---------------------------------------------------------------------------------
---------------------------------------------------------------------------------
Finished Renaming Generated Nets : Time (s): cpu = 00:00:32 ; elapsed = 00:00:45 . Memory (MB): peak = 3894.652 ; gain = 685.504 ; free physical = 16449 ; free virtual = 41908
---------------------------------------------------------------------------------
---------------------------------------------------------------------------------
Start Writing Synthesis Report
---------------------------------------------------------------------------------

Report BlackBoxes: 
+-+--------------+----------+
| |BlackBox name |Instances |
+-+--------------+----------+
+-+--------------+----------+

Report Cell Usage: 
+------+-----+------+
|      |Cell |Count |
+------+-----+------+
|1     |LUT1 |     1|
|2     |LUT2 |    33|
|3     |LUT3 |    25|
|4     |LUT4 |    35|
|5     |LUT5 |    28|
|6     |LUT6 |    13|
|7     |FDRE |   123|
|8     |FDSE |     1|
+------+-----+------+
---------------------------------------------------------------------------------
Finished Writing Synthesis Report : Time (s): cpu = 00:00:32 ; elapsed = 00:00:45 . Memory (MB): peak = 3894.652 ; gain = 685.504 ; free physical = 16449 ; free virtual = 41908
---------------------------------------------------------------------------------
Synthesis finished with 0 errors, 0 critical warnings and 0 warnings.
Synthesis Optimization Runtime : Time (s): cpu = 00:00:26 ; elapsed = 00:00:38 . Memory (MB): peak = 3894.652 ; gain = 565.906 ; free physical = 16486 ; free virtual = 41944
Synthesis Optimization Complete : Time (s): cpu = 00:00:32 ; elapsed = 00:00:45 . Memory (MB): peak = 3894.660 ; gain = 685.504 ; free physical = 16486 ; free virtual = 41944
INFO: [Project 1-571] Translating synthesized netlist
Netlist sorting complete. Time (s): cpu = 00:00:00 ; elapsed = 00:00:00.01 . Memory (MB): peak = 3906.621 ; gain = 0.000 ; free physical = 16578 ; free virtual = 42037
INFO: [Project 1-570] Preparing netlist for logic optimization
INFO: [Opt 31-138] Pushed 0 inverter(s) to 0 load pin(s).
Netlist sorting complete. Time (s): cpu = 00:00:00 ; elapsed = 00:00:00 . Memory (MB): peak = 3946.277 ; gain = 0.000 ; free physical = 16452 ; free virtual = 41911
INFO: [Project 1-111] Unisim Transformation Summary:
No Unisim elements were transformed.

INFO: [Common 17-83] Releasing license: Synthesis
39 Infos, 8 Warnings, 0 Critical Warnings and 0 Errors encountered.
synth_design completed successfully
synth_design: Time (s): cpu = 00:00:47 ; elapsed = 00:01:01 . Memory (MB): peak = 3946.277 ; gain = 1482.488 ; free physical = 16594 ; free virtual = 42052
INFO: [Common 17-600] The following parameters have non-default value.
general.maxThreads
INFO: [Common 17-1381] The checkpoint '/scratch/ravic/Port_DDR_to_HBM/build/HBM2/temp_dir/link/vivado/vpl/prj/prj.runs/bd_85ad_axi_apb_bridge_inst_0_synth_1/bd_85ad_axi_apb_bridge_inst_0.dcp' has been generated.
WARNING: [Common 17-576] 'use_project_ipc' is deprecated. This option is deprecated and no longer used.
INFO: [Coretcl 2-1648] Added synthesis output to IP cache for IP bd_85ad_axi_apb_bridge_inst_0, cache-ID = 4806a7fc58849ffe
INFO: [Coretcl 2-1174] Renamed 4 cell refs.
INFO: [Common 17-1381] The checkpoint '/scratch/ravic/Port_DDR_to_HBM/build/HBM2/temp_dir/link/vivado/vpl/prj/prj.runs/bd_85ad_axi_apb_bridge_inst_0_synth_1/bd_85ad_axi_apb_bridge_inst_0.dcp' has been generated.
INFO: [runtcl-4] Executing : report_utilization -file bd_85ad_axi_apb_bridge_inst_0_utilization_synth.rpt -pb bd_85ad_axi_apb_bridge_inst_0_utilization_synth.pb
INFO: [Common 17-206] Exiting Vivado at Tue Oct 13 18:08:16 2020...
