

================================================================
== Vitis HLS Report for 'vadd'
================================================================
* Date:           Wed Nov 18 16:45:06 2020

* Version:        2020.2 (Build 3058579 on Mon Nov  9 16:10:39 MST 2020)
* Project:        vadd
* Solution:       solution (Vitis Kernel Flow Target)
* Product family: virtexuplus
* Target device:  xcu50-fsvh2104-2-e


================================================================
== Performance Estimates
================================================================
+ Timing: 
    * Summary: 
    +--------+---------+----------+------------+
    |  Clock |  Target | Estimated| Uncertainty|
    +--------+---------+----------+------------+
    |ap_clk  |  3.33 ns|  2.433 ns|     0.90 ns|
    +--------+---------+----------+------------+

+ Latency: 
    * Summary: 
    +---------+---------+----------+----------+-----+--------+---------+
    |  Latency (cycles) |  Latency (absolute) |   Interval   | Pipeline|
    |   min   |   max   |    min   |    max   | min |   max  |   Type  |
    +---------+---------+----------+----------+-----+--------+---------+
    |      289|   278689|  0.963 us|  0.929 ms|  290|  278690|     none|
    +---------+---------+----------+----------+-----+--------+---------+

    + Detail: 
        * Instance: 
        N/A

        * Loop: 
        +--------------------+---------+---------+------------+-----------+-----------+------+----------+
        |                    |  Latency (cycles) |  Iteration |  Initiation Interval  | Trip |          |
        |      Loop Name     |   min   |   max   |   Latency  |  achieved |   target  | Count| Pipelined|
        +--------------------+---------+---------+------------+-----------+-----------+------+----------+
        |- VITIS_LOOP_95_1   |      288|   278688|  18 ~ 17418|          -|          -|    16|        no|
        | + VITIS_LOOP_99_2  |       16|    17416|    4 ~ 4354|          -|          -|     4|        no|
        |  ++ read1          |     1025|     1025|           3|          1|          1|  1024|       yes|
        |  ++ read2          |     1025|     1025|           3|          1|          1|  1024|       yes|
        |  ++ vadd           |     1025|     1025|           3|          1|          1|  1024|       yes|
        |  ++ write          |     1025|     1025|           3|          1|          1|  1024|       yes|
        +--------------------+---------+---------+------------+-----------+-----------+------+----------+



================================================================
== Utilization Estimates
================================================================
* Summary: 
+---------------------+---------+------+---------+--------+-----+
|         Name        | BRAM_18K|  DSP |    FF   |   LUT  | URAM|
+---------------------+---------+------+---------+--------+-----+
|DSP                  |        -|     -|        -|       -|    -|
|Expression           |        -|     -|        0|    1063|    -|
|FIFO                 |        -|     -|        -|       -|    -|
|Instance             |        2|     -|     1235|    1372|    -|
|Memory               |        6|     -|        0|       0|    -|
|Multiplexer          |        -|     -|        -|    1639|    -|
|Register             |        -|     -|     1116|       -|    -|
+---------------------+---------+------+---------+--------+-----+
|Total                |        8|     0|     2351|    4074|    0|
+---------------------+---------+------+---------+--------+-----+
|Available SLR        |     1344|  2976|   871680|  435840|  320|
+---------------------+---------+------+---------+--------+-----+
|Utilization SLR (%)  |       ~0|     0|       ~0|      ~0|    0|
+---------------------+---------+------+---------+--------+-----+
|Available            |     2688|  5952|  1743360|  871680|  640|
+---------------------+---------+------+---------+--------+-----+
|Utilization (%)      |       ~0|     0|       ~0|      ~0|    0|
+---------------------+---------+------+---------+--------+-----+

+ Detail: 
    * Instance: 
    +-------------------------------+----------------------------+---------+----+-----+-----+-----+
    |            Instance           |           Module           | BRAM_18K| DSP|  FF | LUT | URAM|
    +-------------------------------+----------------------------+---------+----+-----+-----+-----+
    |control_s_axi_U                |control_s_axi               |        0|   0|  329|  554|    0|
    |gmem_m_axi_U                   |gmem_m_axi                  |        2|   0|  512|  580|    0|
    |urem_32ns_32ns_32_36_seq_1_U1  |urem_32ns_32ns_32_36_seq_1  |        0|   0|  394|  238|    0|
    +-------------------------------+----------------------------+---------+----+-----+-----+-----+
    |Total                          |                            |        2|   0| 1235| 1372|    0|
    +-------------------------------+----------------------------+---------+----+-----+-----+-----+

    * DSP: 
    N/A

    * Memory: 
    +---------------+-----------+---------+---+----+-----+------+-----+------+-------------+
    |     Memory    |   Module  | BRAM_18K| FF| LUT| URAM| Words| Bits| Banks| W*Bits*Banks|
    +---------------+-----------+---------+---+----+-----+------+-----+------+-------------+
    |v1_buffer_U    |v1_buffer  |        2|  0|   0|    0|  1024|   32|     1|        32768|
    |v2_buffer_U    |v1_buffer  |        2|  0|   0|    0|  1024|   32|     1|        32768|
    |vout_buffer_U  |v1_buffer  |        2|  0|   0|    0|  1024|   32|     1|        32768|
    +---------------+-----------+---------+---+----+-----+------+-----+------+-------------+
    |Total          |           |        6|  0|   0|    0|  3072|   96|     3|        98304|
    +---------------+-----------+---------+---+----+-----+------+-----+------+-------------+

    * FIFO: 
    N/A

    * Expression: 
    +------------------------------------+----------+----+---+----+------------+------------+
    |            Variable Name           | Operation| DSP| FF| LUT| Bitwidth P0| Bitwidth P1|
    +------------------------------------+----------+----+---+----+------------+------------+
    |add_ln106_fu_550_p2                 |         +|   0|  0|  39|          32|          11|
    |add_ln109_1_fu_644_p2               |         +|   0|  0|  18|          11|           1|
    |add_ln109_fu_591_p2                 |         +|   0|  0|  71|          64|          64|
    |add_ln114_1_fu_688_p2               |         +|   0|  0|  18|          11|           1|
    |add_ln114_fu_664_p2                 |         +|   0|  0|  71|          64|          64|
    |add_ln122_fu_708_p2                 |         +|   0|  0|  18|          11|           1|
    |add_ln126_fu_729_p2                 |         +|   0|  0|  39|          32|          32|
    |add_ln129_1_fu_759_p2               |         +|   0|  0|  18|          11|           1|
    |add_ln129_fu_735_p2                 |         +|   0|  0|  71|          64|          64|
    |add_ln99_fu_405_p2                  |         +|   0|  0|  39|          32|          10|
    |count_1_fu_387_p2                   |         +|   0|  0|  39|          32|           1|
    |i_1_fu_779_p2                       |         +|   0|  0|  39|          32|          11|
    |sub_ln106_fu_561_p2                 |         -|   0|  0|  39|          32|          32|
    |sub_ln109_1_fu_638_p2               |         -|   0|  0|  39|          32|          32|
    |sub_ln109_fu_616_p2                 |         -|   0|  0|  39|          12|          32|
    |sub_ln99_1_fu_433_p2                |         -|   0|  0|  29|           1|          22|
    |sub_ln99_fu_418_p2                  |         -|   0|  0|  39|          11|          32|
    |ap_block_pp0_stage0_11001           |       and|   0|  0|   2|           1|           1|
    |ap_block_pp1_stage0_11001           |       and|   0|  0|   2|           1|           1|
    |ap_block_pp3_stage0_11001           |       and|   0|  0|   2|           1|           1|
    |ap_block_state112_pp0_stage0_iter1  |       and|   0|  0|   2|           1|           1|
    |ap_block_state186_pp1_stage0_iter1  |       and|   0|  0|   2|           1|           1|
    |ap_block_state196_io                |       and|   0|  0|   2|           1|           1|
    |ap_block_state264                   |       and|   0|  0|   2|           1|           1|
    |ap_ext_blocking_cur_n               |       and|   0|  0|   2|           1|           1|
    |ap_ext_blocking_n                   |       and|   0|  0|   2|           1|           2|
    |ap_int_blocking_n                   |       and|   0|  0|   2|           2|           2|
    |ap_str_blocking_n                   |       and|   0|  0|   2|           2|           2|
    |empty_27_fu_628_p2                  |      icmp|   0|  0|  20|          32|          32|
    |icmp_ln106_fu_556_p2                |      icmp|   0|  0|  20|          32|          32|
    |icmp_ln109_1_fu_654_p2              |      icmp|   0|  0|  20|          32|          32|
    |icmp_ln109_fu_574_p2                |      icmp|   0|  0|  20|          32|           1|
    |icmp_ln114_fu_698_p2                |      icmp|   0|  0|  20|          32|          32|
    |icmp_ln122_fu_718_p2                |      icmp|   0|  0|  20|          32|          32|
    |icmp_ln129_fu_769_p2                |      icmp|   0|  0|  20|          32|          32|
    |icmp_ln95_fu_393_p2                 |      icmp|   0|  0|  20|          32|          32|
    |icmp_ln99_fu_473_p2                 |      icmp|   0|  0|  20|          32|          32|
    |ap_block_state1                     |        or|   0|  0|   2|           1|           1|
    |chunk_size_fu_566_p3                |    select|   0|  0|  32|           1|          32|
    |select_ln99_1_fu_457_p3             |    select|   0|  0|  22|           1|           1|
    |select_ln99_fu_449_p3               |    select|   0|  0|  22|           1|          22|
    |smax7_fu_632_p3                     |    select|   0|  0|  32|           1|          32|
    |ap_enable_pp0                       |       xor|   0|  0|   2|           1|           2|
    |ap_enable_pp1                       |       xor|   0|  0|   2|           1|           2|
    |ap_enable_pp2                       |       xor|   0|  0|   2|           1|           2|
    |ap_enable_pp3                       |       xor|   0|  0|   2|           1|           2|
    |ap_enable_reg_pp0_iter1             |       xor|   0|  0|   2|           2|           1|
    |ap_enable_reg_pp1_iter1             |       xor|   0|  0|   2|           2|           1|
    |ap_enable_reg_pp2_iter1             |       xor|   0|  0|   2|           2|           1|
    |ap_enable_reg_pp3_iter1             |       xor|   0|  0|   2|           2|           1|
    |new_bit_fu_521_p2                   |       xor|   0|  0|   2|           1|           1|
    |xor_ln109_fu_622_p2                 |       xor|   0|  0|  32|          32|           2|
    |xor_ln61_1_fu_507_p2                |       xor|   0|  0|   2|           1|           1|
    |xor_ln61_fu_501_p2                  |       xor|   0|  0|   2|           1|           1|
    |xor_ln95_fu_376_p2                  |       xor|   0|  0|  32|          32|           2|
    +------------------------------------+----------+----+---+----+------------+------------+
    |Total                               |          |   0|  0|1063|         869|         789|
    +------------------------------------+----------+----+---+----+------------+------------+

    * Multiplexer: 
    +------------------------------+------+-----------+-----+-----------+
    |             Name             |  LUT | Input Size| Bits| Total Bits|
    +------------------------------+------+-----------+-----+-----------+
    |ap_NS_fsm                     |  1367|        257|    1|        257|
    |ap_done                       |     9|          2|    1|          2|
    |ap_enable_reg_pp0_iter1       |     9|          2|    1|          2|
    |ap_enable_reg_pp0_iter2       |     9|          2|    1|          2|
    |ap_enable_reg_pp1_iter1       |     9|          2|    1|          2|
    |ap_enable_reg_pp1_iter2       |     9|          2|    1|          2|
    |ap_enable_reg_pp2_iter1       |     9|          2|    1|          2|
    |ap_enable_reg_pp2_iter2       |     9|          2|    1|          2|
    |ap_enable_reg_pp3_iter1       |     9|          2|    1|          2|
    |ap_enable_reg_pp3_iter2       |     9|          2|    1|          2|
    |ap_phi_mux_j_1_phi_fu_346_p4  |     9|          2|   11|         22|
    |ap_phi_mux_j_phi_fu_334_p4    |     9|          2|   11|         22|
    |count_reg_296                 |     9|          2|   32|         64|
    |gmem_ARADDR                   |    14|          3|   64|        192|
    |gmem_blk_n_AR                 |     9|          2|    1|          2|
    |gmem_blk_n_AW                 |     9|          2|    1|          2|
    |gmem_blk_n_B                  |     9|          2|    1|          2|
    |gmem_blk_n_R                  |     9|          2|    1|          2|
    |gmem_blk_n_W                  |     9|          2|    1|          2|
    |i_reg_307                     |     9|          2|   32|         64|
    |in_index_reg_319              |     9|          2|   32|         64|
    |j_1_reg_342                   |     9|          2|   11|         22|
    |j_2_reg_354                   |     9|          2|   11|         22|
    |j_3_reg_365                   |     9|          2|   11|         22|
    |j_reg_330                     |     9|          2|   11|         22|
    |p_Val2_s_fu_150               |     9|          2|   32|         64|
    |v1_buffer_address0            |    14|          3|   10|         30|
    |v2_buffer_address0            |    14|          3|   10|         30|
    |vout_buffer_address0          |    14|          3|   10|         30|
    +------------------------------+------+-----------+-----+-----------+
    |Total                         |  1639|        317|  303|        955|
    +------------------------------+------+-----------+-----+-----------+

    * Register: 
    +------------------------------------+-----+----+-----+-----------+
    |                Name                |  FF | LUT| Bits| Const Bits|
    +------------------------------------+-----+----+-----+-----------+
    |add_ln109_1_reg_901                 |   11|   0|   11|          0|
    |add_ln114_1_reg_921                 |   11|   0|   11|          0|
    |add_ln126_reg_959                   |   32|   0|   32|          0|
    |ap_CS_fsm                           |  256|   0|  256|          0|
    |ap_done_reg                         |    1|   0|    1|          0|
    |ap_enable_reg_pp0_iter0             |    1|   0|    1|          0|
    |ap_enable_reg_pp0_iter1             |    1|   0|    1|          0|
    |ap_enable_reg_pp0_iter2             |    1|   0|    1|          0|
    |ap_enable_reg_pp1_iter0             |    1|   0|    1|          0|
    |ap_enable_reg_pp1_iter1             |    1|   0|    1|          0|
    |ap_enable_reg_pp1_iter2             |    1|   0|    1|          0|
    |ap_enable_reg_pp2_iter0             |    1|   0|    1|          0|
    |ap_enable_reg_pp2_iter1             |    1|   0|    1|          0|
    |ap_enable_reg_pp2_iter2             |    1|   0|    1|          0|
    |ap_enable_reg_pp3_iter0             |    1|   0|    1|          0|
    |ap_enable_reg_pp3_iter1             |    1|   0|    1|          0|
    |ap_enable_reg_pp3_iter2             |    1|   0|    1|          0|
    |ap_ext_blocking_n_reg               |    1|   0|    1|          0|
    |ap_int_blocking_n_reg               |    0|   0|    1|          1|
    |ap_rst_n_inv                        |    1|   0|    1|          0|
    |ap_rst_reg_1                        |    1|   0|    1|          0|
    |ap_rst_reg_2                        |    1|   0|    1|          0|
    |ap_str_blocking_n_reg               |    0|   0|    1|          1|
    |chunk_size_reg_863                  |   32|   0|   32|          0|
    |count_1_reg_836                     |   32|   0|   32|          0|
    |count_reg_296                       |   32|   0|   32|          0|
    |gmem_addr_1_read_reg_930            |   32|   0|   32|          0|
    |gmem_addr_1_reg_915                 |   64|   0|   64|          0|
    |gmem_addr_2_reg_964                 |   64|   0|   64|          0|
    |gmem_addr_read_reg_910              |   32|   0|   32|          0|
    |gmem_addr_reg_881                   |   64|   0|   64|          0|
    |i_reg_307                           |   32|   0|   32|          0|
    |icmp_ln109_1_reg_906                |    1|   0|    1|          0|
    |icmp_ln109_1_reg_906_pp0_iter1_reg  |    1|   0|    1|          0|
    |icmp_ln109_reg_871                  |    1|   0|    1|          0|
    |icmp_ln114_reg_926                  |    1|   0|    1|          0|
    |icmp_ln114_reg_926_pp1_iter1_reg    |    1|   0|    1|          0|
    |icmp_ln122_reg_940                  |    1|   0|    1|          0|
    |icmp_ln122_reg_940_pp2_iter1_reg    |    1|   0|    1|          0|
    |icmp_ln129_reg_975                  |    1|   0|    1|          0|
    |icmp_ln129_reg_975_pp3_iter1_reg    |    1|   0|    1|          0|
    |in_index_reg_319                    |   32|   0|   32|          0|
    |j_1_reg_342                         |   11|   0|   11|          0|
    |j_1_reg_342_pp1_iter1_reg           |   11|   0|   11|          0|
    |j_2_reg_354                         |   11|   0|   11|          0|
    |j_3_reg_365                         |   11|   0|   11|          0|
    |j_reg_330                           |   11|   0|   11|          0|
    |j_reg_330_pp0_iter1_reg             |   11|   0|   11|          0|
    |p_Result_s_reg_852                  |   32|   0|   32|          0|
    |p_Val2_s_fu_150                     |   32|   0|   32|          0|
    |sext_ln109_reg_875                  |   62|   0|   64|          2|
    |sub_ln109_1_reg_893                 |   32|   0|   32|          0|
    |sub_ln109_reg_887                   |   32|   0|   32|          0|
    |tmp_3_reg_844                       |   22|   0|   32|         10|
    |vout_buffer_load_reg_984            |   32|   0|   32|          0|
    |xor_ln95_reg_830                    |   32|   0|   32|          0|
    |zext_ln122_reg_944                  |   11|   0|   64|         53|
    |zext_ln122_reg_944_pp2_iter1_reg    |   11|   0|   64|         53|
    +------------------------------------+-----+----+-----+-----------+
    |Total                               | 1116|   0| 1236|        120|
    +------------------------------------+-----+----+-----+-----------+



================================================================
== Interface
================================================================
* Summary: 
+-----------------------+-----+-----+---------------+--------------+--------------+
|       RTL Ports       | Dir | Bits|    Protocol   | Source Object|    C Type    |
+-----------------------+-----+-----+---------------+--------------+--------------+
|s_axi_control_AWVALID  |   in|    1|          s_axi|       control|        scalar|
|s_axi_control_AWREADY  |  out|    1|          s_axi|       control|        scalar|
|s_axi_control_AWADDR   |   in|    7|          s_axi|       control|        scalar|
|s_axi_control_WVALID   |   in|    1|          s_axi|       control|        scalar|
|s_axi_control_WREADY   |  out|    1|          s_axi|       control|        scalar|
|s_axi_control_WDATA    |   in|   32|          s_axi|       control|        scalar|
|s_axi_control_WSTRB    |   in|    4|          s_axi|       control|        scalar|
|s_axi_control_ARVALID  |   in|    1|          s_axi|       control|        scalar|
|s_axi_control_ARREADY  |  out|    1|          s_axi|       control|        scalar|
|s_axi_control_ARADDR   |   in|    7|          s_axi|       control|        scalar|
|s_axi_control_RVALID   |  out|    1|          s_axi|       control|        scalar|
|s_axi_control_RREADY   |   in|    1|          s_axi|       control|        scalar|
|s_axi_control_RDATA    |  out|   32|          s_axi|       control|        scalar|
|s_axi_control_RRESP    |  out|    2|          s_axi|       control|        scalar|
|s_axi_control_BVALID   |  out|    1|          s_axi|       control|        scalar|
|s_axi_control_BREADY   |   in|    1|          s_axi|       control|        scalar|
|s_axi_control_BRESP    |  out|    2|          s_axi|       control|        scalar|
|ap_clk                 |   in|    1|  ap_ctrl_chain|          vadd|  return value|
|ap_rst_n               |   in|    1|  ap_ctrl_chain|          vadd|  return value|
|event_done             |  out|    1|  ap_ctrl_chain|          vadd|  return value|
|interrupt              |  out|    1|  ap_ctrl_chain|          vadd|  return value|
|event_start            |  out|    1|  ap_ctrl_chain|          vadd|  return value|
|stall_start_ext        |  out|    1|  ap_ctrl_chain|          vadd|  return value|
|stall_done_ext         |  out|    1|  ap_ctrl_chain|          vadd|  return value|
|stall_start_str        |  out|    1|  ap_ctrl_chain|          vadd|  return value|
|stall_done_str         |  out|    1|  ap_ctrl_chain|          vadd|  return value|
|stall_start_int        |  out|    1|  ap_ctrl_chain|          vadd|  return value|
|stall_done_int         |  out|    1|  ap_ctrl_chain|          vadd|  return value|
|m_axi_gmem_AWVALID     |  out|    1|          m_axi|          gmem|       pointer|
|m_axi_gmem_AWREADY     |   in|    1|          m_axi|          gmem|       pointer|
|m_axi_gmem_AWADDR      |  out|   64|          m_axi|          gmem|       pointer|
|m_axi_gmem_AWID        |  out|    1|          m_axi|          gmem|       pointer|
|m_axi_gmem_AWLEN       |  out|    8|          m_axi|          gmem|       pointer|
|m_axi_gmem_AWSIZE      |  out|    3|          m_axi|          gmem|       pointer|
|m_axi_gmem_AWBURST     |  out|    2|          m_axi|          gmem|       pointer|
|m_axi_gmem_AWLOCK      |  out|    2|          m_axi|          gmem|       pointer|
|m_axi_gmem_AWCACHE     |  out|    4|          m_axi|          gmem|       pointer|
|m_axi_gmem_AWPROT      |  out|    3|          m_axi|          gmem|       pointer|
|m_axi_gmem_AWQOS       |  out|    4|          m_axi|          gmem|       pointer|
|m_axi_gmem_AWREGION    |  out|    4|          m_axi|          gmem|       pointer|
|m_axi_gmem_AWUSER      |  out|    1|          m_axi|          gmem|       pointer|
|m_axi_gmem_WVALID      |  out|    1|          m_axi|          gmem|       pointer|
|m_axi_gmem_WREADY      |   in|    1|          m_axi|          gmem|       pointer|
|m_axi_gmem_WDATA       |  out|   32|          m_axi|          gmem|       pointer|
|m_axi_gmem_WSTRB       |  out|    4|          m_axi|          gmem|       pointer|
|m_axi_gmem_WLAST       |  out|    1|          m_axi|          gmem|       pointer|
|m_axi_gmem_WID         |  out|    1|          m_axi|          gmem|       pointer|
|m_axi_gmem_WUSER       |  out|    1|          m_axi|          gmem|       pointer|
|m_axi_gmem_ARVALID     |  out|    1|          m_axi|          gmem|       pointer|
|m_axi_gmem_ARREADY     |   in|    1|          m_axi|          gmem|       pointer|
|m_axi_gmem_ARADDR      |  out|   64|          m_axi|          gmem|       pointer|
|m_axi_gmem_ARID        |  out|    1|          m_axi|          gmem|       pointer|
|m_axi_gmem_ARLEN       |  out|    8|          m_axi|          gmem|       pointer|
|m_axi_gmem_ARSIZE      |  out|    3|          m_axi|          gmem|       pointer|
|m_axi_gmem_ARBURST     |  out|    2|          m_axi|          gmem|       pointer|
|m_axi_gmem_ARLOCK      |  out|    2|          m_axi|          gmem|       pointer|
|m_axi_gmem_ARCACHE     |  out|    4|          m_axi|          gmem|       pointer|
|m_axi_gmem_ARPROT      |  out|    3|          m_axi|          gmem|       pointer|
|m_axi_gmem_ARQOS       |  out|    4|          m_axi|          gmem|       pointer|
|m_axi_gmem_ARREGION    |  out|    4|          m_axi|          gmem|       pointer|
|m_axi_gmem_ARUSER      |  out|    1|          m_axi|          gmem|       pointer|
|m_axi_gmem_RVALID      |   in|    1|          m_axi|          gmem|       pointer|
|m_axi_gmem_RREADY      |  out|    1|          m_axi|          gmem|       pointer|
|m_axi_gmem_RDATA       |   in|   32|          m_axi|          gmem|       pointer|
|m_axi_gmem_RLAST       |   in|    1|          m_axi|          gmem|       pointer|
|m_axi_gmem_RID         |   in|    1|          m_axi|          gmem|       pointer|
|m_axi_gmem_RUSER       |   in|    1|          m_axi|          gmem|       pointer|
|m_axi_gmem_RRESP       |   in|    2|          m_axi|          gmem|       pointer|
|m_axi_gmem_BVALID      |   in|    1|          m_axi|          gmem|       pointer|
|m_axi_gmem_BREADY      |  out|    1|          m_axi|          gmem|       pointer|
|m_axi_gmem_BRESP       |   in|    2|          m_axi|          gmem|       pointer|
|m_axi_gmem_BID         |   in|    1|          m_axi|          gmem|       pointer|
|m_axi_gmem_BUSER       |   in|    1|          m_axi|          gmem|       pointer|
+-----------------------+-----+-----+---------------+--------------+--------------+

