

================================================================
== Synthesis Summary Report of 'vadd'
================================================================
+ General Information: 
    * Date:           Wed Nov 18 16:45:07 2020
    * Version:        2020.2 (Build 3058579 on Mon Nov  9 16:10:39 MST 2020)
    * Project:        vadd
    * Solution:       solution (Vitis Kernel Flow Target)
    * Product family: virtexuplus
    * Target device:  xcu50-fsvh2104-2-e
    

+ Performance & Resource Estimates: 
    
    PS: '+' for module; 'o' for loop; '*' for dataflow
    +---------------------+------+-------+---------+-----------+----------+---------+------+----------+---------+----+------------+------------+-----+
    |       Modules       | Issue|       | Latency |  Latency  | Iteration|         | Trip |          |         |    |            |            |     |
    |       & Loops       | Type | Slack | (cycles)|    (ns)   |  Latency | Interval| Count| Pipelined|  BRAM   | DSP|     FF     |     LUT    | URAM|
    +---------------------+------+-------+---------+-----------+----------+---------+------+----------+---------+----+------------+------------+-----+
    |+ vadd               |     -|   0.00|   278689|  9.289e+05|         -|   278690|     -|        no|  8 (~0%)|   -|  2351 (~0%)|  4074 (~0%)|    -|
    | o VITIS_LOOP_95_1   |     -|  -2.43|   278688|  9.289e+05|     17418|        -|    16|        no|        -|   -|           -|           -|    -|
    |  o VITIS_LOOP_99_2  |     -|  -2.43|    17416|  5.805e+04|      4354|        -|     4|        no|        -|   -|           -|           -|    -|
    |   o read1           |     -|  -2.43|     1025|  3.416e+03|         3|        1|  1024|       yes|        -|   -|           -|           -|    -|
    |   o read2           |     -|  -2.43|     1025|  3.416e+03|         3|        1|  1024|       yes|        -|   -|           -|           -|    -|
    |   o vadd            |     -|  -2.43|     1025|  3.416e+03|         3|        1|  1024|       yes|        -|   -|           -|           -|    -|
    |   o write           |     -|  -2.43|     1025|  3.416e+03|         3|        1|  1024|       yes|        -|   -|           -|           -|    -|
    +---------------------+------+-------+---------+-----------+----------+---------+------+----------+---------+----+------------+------------+-----+

