# 
# Steps log generated by v++
# This log file contains a collection of steps that describe the kernel compilation flow
# Note: Some steps are tagged as internal, these steps are for debugging purposes and 
#       are not expected to be able to run independently.
# 

# The following environment variables are set when running v++
Environment variables :
------------------------------------------
X11HOME=/tools/x11r5/sun4
RT_TCL_PATH=/proj/xbuilds/SWIP/2020.2_0929_2003/installs/lin64/Vitis/2020.2/scripts/rt/base_tcl/tcl
LD_LIBRARY_PATH=/proj/xbuilds/SWIP/2020.2_0929_2003/installs/lin64/Vitis/2020.2/lib/lnx64.o/Ubuntu/18:/proj/xbuilds/SWIP/2020.2_0929_2003/installs/lin64/Vitis/2020.2/lib/lnx64.o/Ubuntu:/proj/xbuilds/SWIP/2020.2_0929_2003/installs/lin64/Vitis/2020.2/lib/lnx64.o:/proj/xbuilds/SWIP/2020.2_0929_2003/installs/lin64/Vitis/2020.2/lib/lnx64.o/Ubuntu/18:/proj/xbuilds/SWIP/2020.2_0929_2003/installs/lin64/Vitis/2020.2/lib/lnx64.o/Ubuntu:/proj/xbuilds/SWIP/2020.2_0929_2003/installs/lin64/Vitis/2020.2/lib/lnx64.o:/opt/xilinx/xrt/lib:/opt/xilinx/xrt/lib:/opt/xilinx/xrt/lib:/proj/xbuilds/XRT/master/202020.2.8.526/packages/x86_64/xrt-2.8.526_ubuntu_18.04/opt/xilinx/xrt/lib:/proj/xbuilds/XRT/2020.1/202010.2.6.655/packages/x86_64/xrt-2.6.655_ubuntu_18.04/opt/xilinx/xrt/lib:/opt/xilinx/xrt/lib:/proj/xbuilds/XRT/master/202020.2.8.526/packages/x86_64/xrt-2.8.526_ubuntu_18.04/opt/xilinx/xrt/lib:/proj/xbuilds/XRT/2020.1/202010.2.6.655/packages/x86_64/xrt-2.6.655_ubuntu_18.04/opt/xilinx/xrt/lib:/opt/xilinx/xrt/lib:/proj/xbuilds/XRT/2020.1/202010.2.6.655/packages/x86_64/xrt-2.6.655_ubuntu_18.04/opt/xilinx/xrt/lib:/usr/local/lib:/usr/lib:/proj/xbuilds/SWIP/2020.2_0929_2003/installs/lin64/Vitis/2020.2/bin/../lnx64/tools/dot/lib
HOSTTYPE=x86_64-linux
XILINX_VITIS=/proj/xbuilds/SWIP/2020.2_0929_2003/installs/lin64/Vitis/2020.2
SSH_CONNECTION=172.19.223.101 49792 172.20.164.33 22
XILINX_DSP=
RDI_PATCHROOT=
RT_LIBPATH=/proj/xbuilds/SWIP/2020.2_0929_2003/installs/lin64/Vitis/2020.2/scripts/rt/data
LANG=en_US.UTF-8
DISPLAY=xsjvnc101:24
RDI_INSTALLROOT=/proj/xbuilds/SWIP/2020.2_0929_2003/installs/lin64
OLDPWD=/proj/xbuilds/SWIP/2020.2_0929_2003/installs/lin64/Vitis/2020.2/bin
RDI_PREPEND_PATH=/proj/xbuilds/SWIP/2020.2_0929_2003/installs/lin64/Vitis/2020.2/bin
MAKE_TERMOUT=/dev/pts/1
ADDRNDM=0
VENDOR=unknown
MACHTYPE=x86_64
PLATFORM_REPO_PATHS=/proj/xbuilds/2020.1_daily_latest/internal_platforms
MFLAGS=
XILINX_XRT=/opt/xilinx/xrt
XILINX_VIVADO=/proj/xbuilds/SWIP/2020.2_0929_2003/installs/lin64/Vivado/2020.2
XILINX_SDK=/proj/xbuilds/SWIP/2020.2_0929_2003/installs/lin64/Vitis/2020.2
OSTYPE=linux
XILINX_SDX=
XILINX_PLANAHEAD=/proj/xbuilds/SWIP/2020.2_0929_2003/installs/lin64/Vitis/2020.2
XDG_SESSION_ID=16
USER=ravic
XiSUE=true
RDI_BASEROOT=/proj/xbuilds/SWIP/2020.2_0929_2003/installs/lin64/Vitis
XiGROUPS=
XiOSREL=Linux4.15.0-118-generic
RDI_INSTALLVER=2020.2
RDI_JAVA_VERSION=9.0.4
GROUP=newhiredefaultgrp
PWD=/scratch/ravic/Port_DDR_to_HBM/makefile
XILINX_HLS=/proj/xbuilds/SWIP/2020.2_0929_2003/installs/lin64/Vitis_HLS/2020.2
HOME=/home/ravic
HOST=xcoswappshp385-2
SSH_CLIENT=172.19.223.101 49792 22
TCL_LIBRARY=/proj/xbuilds/SWIP/2020.2_0929_2003/installs/lin64/Vitis/2020.2/tps/tcl/tcl8.5
XIL_CHECK_TCL_DEBUG=False
XILINX_VIVADO_HLS=/proj/xbuilds/SWIP/2020.2_0929_2003/installs/lin64/Vivado/2020.2
RDI_APPROOT=/proj/xbuilds/SWIP/2020.2_0929_2003/installs/lin64/Vitis/2020.2
_RDI_DONT_SET_XILINX_AS_PATH=True
MYVIVADO=
RDI_TPS_ROOT=/proj/xbuilds/SWIP/2020.2_0929_2003/installs/lin64/Vivado/2020.2/tps/lnx64
RDI_BUILD=yes
ISL_IOSTREAMS_RSA=/proj/xbuilds/SWIP/2020.2_0929_2003/installs/lin64/Vitis/2020.2/tps/isl
RDI_PLATFORM=lnx64
BANKS=2
RDI_BINROOT=/proj/xbuilds/SWIP/2020.2_0929_2003/installs/lin64/Vitis/2020.2/bin
RDI_PROG=/proj/xbuilds/SWIP/2020.2_0929_2003/installs/lin64/Vitis/2020.2/bin/unwrapped/lnx64.o/v++
HDIPRELDPATH=/proj/xbuilds/SWIP/2020.2_0929_2003/installs/lin64/Vitis/2020.2/lib/lnx64.o/Ubuntu/18:/proj/xbuilds/SWIP/2020.2_0929_2003/installs/lin64/Vitis/2020.2/lib/lnx64.o/Ubuntu:/proj/xbuilds/SWIP/2020.2_0929_2003/installs/lin64/Vitis/2020.2/lib/lnx64.o:/opt/xilinx/xrt/lib:/opt/xilinx/xrt/lib:/opt/xilinx/xrt/lib:/proj/xbuilds/XRT/master/202020.2.8.526/packages/x86_64/xrt-2.8.526_ubuntu_18.04/opt/xilinx/xrt/lib:/proj/xbuilds/XRT/2020.1/202010.2.6.655/packages/x86_64/xrt-2.6.655_ubuntu_18.04/opt/xilinx/xrt/lib:/opt/xilinx/xrt/lib:/proj/xbuilds/XRT/master/202020.2.8.526/packages/x86_64/xrt-2.8.526_ubuntu_18.04/opt/xilinx/xrt/lib:/proj/xbuilds/XRT/2020.1/202010.2.6.655/packages/x86_64/xrt-2.6.655_ubuntu_18.04/opt/xilinx/xrt/lib:/opt/xilinx/xrt/lib:/proj/xbuilds/XRT/2020.1/202010.2.6.655/packages/x86_64/xrt-2.6.655_ubuntu_18.04/opt/xilinx/xrt/lib:/usr/local/lib:/usr/lib:/proj/xbuilds/SWIP/2020.2_0929_2003/installs/lin64/Vitis/2020.2/bin/../lnx64/tools/dot/lib
RDI_DATADIR=/proj/xbuilds/SWIP/2020.2_0929_2003/installs/lin64/Vitis/2020.2/data
SYNTH_COMMON=/proj/xbuilds/SWIP/2020.2_0929_2003/installs/lin64/Vitis/2020.2/scripts/rt/data
SSH_TTY=/dev/pts/1
MAIL=/home/ravic/mail/inbox
DSIZE=409600
REMOTEHOST=172.19.223.101
SHELL=/bin/csh
TERM=xterm
MAKEOVERRIDES=${-*-command-variables-*-}
MEMTYPE=HBM
XiWINMGR=olwm
MAKELEVEL=1
HDI_APPROOT=/proj/xbuilds/SWIP/2020.2_0929_2003/installs/lin64/Vitis/2020.2
SHLVL=4
LANGUAGE=en_US:
PYTHONPATH=/opt/xilinx/xrt/python:/opt/xilinx/xrt/python:/opt/xilinx/xrt/python:/proj/xbuilds/XRT/master/202020.2.8.526/packages/x86_64/xrt-2.8.526_ubuntu_18.04/opt/xilinx/xrt/python:/proj/xbuilds/XRT/2020.1/202010.2.6.655/packages/x86_64/xrt-2.6.655_ubuntu_18.04/opt/xilinx/xrt/python:/opt/xilinx/xrt/python:/proj/xbuilds/XRT/master/202020.2.8.526/packages/x86_64/xrt-2.8.526_ubuntu_18.04/opt/xilinx/xrt/python:/proj/xbuilds/XRT/2020.1/202010.2.6.655/packages/x86_64/xrt-2.6.655_ubuntu_18.04/opt/xilinx/xrt/python:/opt/xilinx/xrt/python:/proj/xbuilds/XRT/2020.1/202010.2.6.655/packages/x86_64/xrt-2.6.655_ubuntu_18.04/opt/xilinx/xrt/python:
MAKE_TERMERR=/dev/pts/1
XIL_NO_OVERRIDE=0
MANPATH=.:/usr/local/man:/usr/man
RDI_OPT_EXT=.o
XiSUEHOME=/tools/sue
TARGET=hw
LOGNAME=ravic
DBUS_SESSION_BUS_ADDRESS=unix:path=/run/user/31781/bus
XDG_RUNTIME_DIR=/run/user/31781
XIL_SUPPRESS_OVERRIDE_WARNINGS=1
OPENWINHOME=/usr/openwin
PATH=/proj/xbuilds/SWIP/2020.2_0929_2003/installs/lin64/Vivado/2020.2/tps/lnx64/binutils-2.26/bin:/proj/xbuilds/SWIP/2020.2_0929_2003/installs/lin64/Vitis/2020.2/bin/../gnu/aarch64/lin/aarch64-linux/bin:/proj/xbuilds/SWIP/2020.2_0929_2003/installs/lin64/Vitis/2020.2/bin/../gnu/ppc64le/4.9.3/lnx64/bin:/proj/xbuilds/SWIP/2020.2_0929_2003/installs/lin64/Vitis/2020.2/bin/../gnu/aarch32/lin/gcc-arm-linux-gnueabi/bin:/proj/xbuilds/SWIP/2020.2_0929_2003/installs/lin64/Vivado/2020.2/tps/lnx64/gcc-6.2.0/bin:/proj/xbuilds/SWIP/2020.2_0929_2003/installs/lin64/Vivado/2020.2/gnu/microblaze/lin/bin:/proj/xbuilds/SWIP/2020.2_0929_2003/installs/lin64/Vitis/2020.2/bin:/proj/xbuilds/SWIP/2020.2_0929_2003/installs/lin64/Vivado/2020.2/bin:/opt/xilinx/xrt/bin:/proj/xbuilds/XRT/master/202020.2.8.526/packages/x86_64/xrt-2.8.526_ubuntu_18.04/opt/xilinx/xrt/bin:/proj/xbuilds/SWIP/2020.2_0929_2003/installs/lin64/Vitis_HLS/2020.2/bin:/proj/xbuilds/SWIP/2020.2_0929_2003/installs/lin64/Model_Composer/2020.2/bin:/proj/xbuilds/SWIP/2020.2_0929_2003/installs/lin64/Vitis/2020.2/gnu/microblaze/lin/bin:/proj/xbuilds/SWIP/2020.2_0929_2003/installs/lin64/Vitis/2020.2/gnu/arm/lin/bin:/proj/xbuilds/SWIP/2020.2_0929_2003/installs/lin64/Vitis/2020.2/gnu/microblaze/linux_toolchain/lin64_le/bin:/proj/xbuilds/SWIP/2020.2_0929_2003/installs/lin64/Vitis/2020.2/gnu/aarch32/lin/gcc-arm-linux-gnueabi/bin:/proj/xbuilds/SWIP/2020.2_0929_2003/installs/lin64/Vitis/2020.2/gnu/aarch32/lin/gcc-arm-none-eabi/bin:/proj/xbuilds/SWIP/2020.2_0929_2003/installs/lin64/Vitis/2020.2/gnu/aarch64/lin/aarch64-linux/bin:/proj/xbuilds/SWIP/2020.2_0929_2003/installs/lin64/Vitis/2020.2/gnu/aarch64/lin/aarch64-none/bin:/proj/xbuilds/SWIP/2020.2_0929_2003/installs/lin64/Vitis/2020.2/gnu/armr5/lin/gcc-arm-none-eabi/bin:/proj/xbuilds/SWIP/2020.2_0929_2003/installs/lin64/Vitis/2020.2/tps/lnx64/cmake-3.3.2/bin:/proj/xbuilds/SWIP/2020.2_0929_2003/installs/lin64/Vitis/2020.2/aietools/bin:/proj/xbuilds/SWIP/2020.2_0929_2003/installs/lin64/DocNav:/proj/xbuilds/XRT/2020.1/202010.2.6.655/packages/x86_64/xrt-2.6.655_ubuntu_18.04/opt/xilinx/xrt/bin:/proj/xbuilds/SWIP/2020.1_0602_1208/installs/lin64/Model_Composer/2020.1/bin:/proj/xbuilds/SWIP/2020.1_0602_1208/installs/lin64/Vitis/2020.1/bin:/proj/xbuilds/SWIP/2020.1_0602_1208/installs/lin64/Vitis/2020.1/gnu/microblaze/lin/bin:/proj/xbuilds/SWIP/2020.1_0602_1208/installs/lin64/Vitis/2020.1/gnu/arm/lin/bin:/proj/xbuilds/SWIP/2020.1_0602_1208/installs/lin64/Vitis/2020.1/gnu/microblaze/linux_toolchain/lin64_le/bin:/proj/xbuilds/SWIP/2020.1_0602_1208/installs/lin64/Vitis/2020.1/gnu/aarch32/lin/gcc-arm-linux-gnueabi/bin:/proj/xbuilds/SWIP/2020.1_0602_1208/installs/lin64/Vitis/2020.1/gnu/aarch32/lin/gcc-arm-none-eabi/bin:/proj/xbuilds/SWIP/2020.1_0602_1208/installs/lin64/Vitis/2020.1/gnu/aarch64/lin/aarch64-linux/bin:/proj/xbuilds/SWIP/2020.1_0602_1208/installs/lin64/Vitis/2020.1/gnu/aarch64/lin/aarch64-none/bin:/proj/xbuilds/SWIP/2020.1_0602_1208/installs/lin64/Vitis/2020.1/gnu/armr5/lin/gcc-arm-none-eabi/bin:/proj/xbuilds/SWIP/2020.1_0602_1208/installs/lin64/Vitis/2020.1/tps/lnx64/cmake-3.3.2/bin:/proj/xbuilds/SWIP/2020.1_0602_1208/installs/lin64/Vitis/2020.1/cardano/bin:/proj/xbuilds/SWIP/2020.1_0602_1208/installs/lin64/Vivado/2020.1/bin:/proj/xbuilds/SWIP/2020.1_0602_1208/installs/lin64/DocNav:/home/ravic/bin:/usr/local/bin:/mis/TREE/bin:/usr/bin:/bin:/usr/ucb
XiSET=true
RDI_JAVA_PLATFORM=
SOLUTION=1
KRNL_LOOP=64
MAKEFLAGS= -- SOLUTION=1 KRNL_LOOP=64 ADDRNDM=0 DSIZE=409600 BANKS=2 MEMTYPE=HBM TARGET=hw
HDI_PROCESSOR=x86_64
RDI_LIBDIR=/proj/xbuilds/SWIP/2020.2_0929_2003/installs/lin64/Vitis/2020.2/lib/lnx64.o/Ubuntu/18:/proj/xbuilds/SWIP/2020.2_0929_2003/installs/lin64/Vitis/2020.2/lib/lnx64.o/Ubuntu:/proj/xbuilds/SWIP/2020.2_0929_2003/installs/lin64/Vitis/2020.2/lib/lnx64.o
_=/proj/xbuilds/SWIP/2020.2_0929_2003/installs/lin64/Vitis/2020.2/bin/unwrapped/lnx64.o/v++
XILINX_CD_CONNECT_ID=41113
XILINX_CD_SESSION=413d3f13-68a0-4a8f-8a16-8ce6d59078c9
XILINX_RS_PORT=46243
XILINX_RS_SESSION=d9e80586-53fb-45d2-9162-87dbc30674ed


V++ command line:
------------------------------------------
/proj/xbuilds/SWIP/2020.2_0929_2003/installs/lin64/Vitis/2020.2/bin/unwrapped/lnx64.o/v++ -c -g -t hw -R 1 -k vadd --platform xilinx_u50lv_gen3x4_xdma_2_202010_1 --profile_kernel data:all:all:all --profile_kernel stall:all:all:all --save-temps --temp_dir ././../build/HBM2/temp_dir --report_dir ././../build/HBM2/report_dir --log_dir ././../build/HBM2/log_dir -I./../reference_files --config ./bandwidth.ini -DNDDR_BANKS=2 ./../reference_files/kernel.cpp -o ././../build/HBM2/vadd_hw.xo 

FINAL PROGRAM OPTIONS
--advanced.prop solution.hls_pre_tcl=hls_config.tcl
--compile
--config ./bandwidth.ini
--debug
--define NDDR_BANKS=2
--include ./../reference_files
--input_files ./../reference_files/kernel.cpp
--kernel vadd
--log_dir ././../build/HBM2/log_dir
--optimize 0
--output ././../build/HBM2/vadd_hw.xo
--platform xilinx_u50lv_gen3x4_xdma_2_202010_1
--profile_kernel data:all:all:all
--profile_kernel stall:all:all:all
--report_dir ././../build/HBM2/report_dir
--report_level 1
--save-temps
--target hw
--temp_dir ././../build/HBM2/temp_dir

PARSED COMMAND LINE OPTIONS
-c 
-g 
-t hw 
-R 1 
-k vadd 
--platform xilinx_u50lv_gen3x4_xdma_2_202010_1 
--profile_kernel data:all:all:all 
--profile_kernel stall:all:all:all 
--save-temps 
--temp_dir ././../build/HBM2/temp_dir 
--report_dir ././../build/HBM2/report_dir 
--log_dir ././../build/HBM2/log_dir 
-I./../reference_files 
--config ./bandwidth.ini 
-DNDDR_BANKS=2 
./../reference_files/kernel.cpp 
-o ././../build/HBM2/vadd_hw.xo 

PARSED CONFIG FILE (1) OPTIONS
file: ./bandwidth.ini
advanced.prop solution.hls_pre_tcl=hls_config.tcl 

EXPANDED PARAMETERS
From application of optMap.xml: 
 --xp "vivado_prop:run.__KERNEL__.{STEPS.SYNTH_DESIGN.ARGS.MORE OPTIONS}={-directive sdx_optimization_effort_high}" --xp vivado_param:project.writeIntermediateCheckpoints=1 --xp "param:compiler.reportFailfast=pre_opt_design {__KERNEL_NAMES__} post_opt_design {__OCL_TOP__}" --xp "misc:report=type report_timing_summary name impl_report_timing_summary_route_design_summary steps {route_design} runs {impl_1} options {-max_paths 10}" --xp "misc:report=type report_timing_summary name impl_report_timing_summary_post_route_phys_opt_design_summary steps {post_route_phys_opt_design} runs {impl_1} options {-max_paths 10}"


FINAL PLATFORM PATH
/proj/xbuilds/2020.1_daily_latest/internal_platforms/xilinx_u50lv_gen3x4_xdma_2_202010_1/xilinx_u50lv_gen3x4_xdma_2_202010_1.xpfm

==========================================
new:  steps log generated by v++ for new launch 
timestamp: 13 Oct 2020 17:59:02
------------------------------------------
step: performing high-level synthesis for kernel:vadd
timestamp: 13 Oct 2020 18:00:15
launch dir: /scratch/ravic/Port_DDR_to_HBM/build/HBM2/temp_dir/vadd_hw/vadd
cmd: vitis_hls -f /scratch/ravic/Port_DDR_to_HBM/build/HBM2/temp_dir/vadd_hw/vadd/vadd.tcl -messageDb vitis_hls.pb
V++ internal step status: success
------------------------------------------
V++ internal step: generating system estimate report file
timestamp: 13 Oct 2020 18:00:15
output: /scratch/ravic/Port_DDR_to_HBM/build/HBM2/report_dir/vadd_hw/system_estimate_vadd_hw.xtxt
V++ internal step status: success
------------------------------------------
system estimate report task completed
timestamp: 13 Oct 2020 18:00:15
