#-----------------------------------------------------------
# Vivado v2020.2 (64-bit)
# SW Build 3017112 on Tue Sep 29 20:16:41 MDT 2020
# IP Build 3016781 on Tue Sep 29 23:22:34 MDT 2020
# Start of session at: Tue Oct 13 17:59:44 2020
# Process ID: 18164
# Current directory: /scratch/ravic/Port_DDR_to_HBM/build/HBM2/temp_dir/vadd_hw/vadd/vadd/solution/impl/ip
# Command line: vivado -notrace -mode batch -source run_ippack.tcl
# Log file: /scratch/ravic/Port_DDR_to_HBM/build/HBM2/temp_dir/vadd_hw/vadd/vadd/solution/impl/ip/vivado.log
# Journal file: /scratch/ravic/Port_DDR_to_HBM/build/HBM2/temp_dir/vadd_hw/vadd/vadd/solution/impl/ip/vivado.jou
#-----------------------------------------------------------
Sourcing tcl script '/home/ravic/.Xilinx/Vivado/Vivado_init.tcl'
54 Beta devices matching pattern found, 54 enabled.
WARNING: [Board 49-131] In interface "default_300mhz_clk1" preset_proc "default_300mhz_clk1_preset" not found in preset file.
WARNING: [Board 49-131] In interface "default_300mhz_clk2" preset_proc "default_300mhz_clk2_preset" not found in preset file.
WARNING: [Board 49-131] In interface "default_300mhz_clk3" preset_proc "default_300mhz_clk3_preset" not found in preset file.
WARNING: [Board 49-131] In interface "led_3bits" preset_proc "led_3bits_preset" not found in preset file.
WARNING: [Board 49-131] In interface "rs232_uart" preset_proc "rs232_uart_preset" not found in preset file.
WARNING: [Board 49-131] In interface "uart2_bank306" preset_proc "rs232_uart_preset" not found in preset file.
WARNING: [Board 49-131] In interface "dc_pl_gpio" preset_proc "dc_pl_gpio_preset" not found in preset file.
WARNING: [Board 49-131] In interface "sysctlr_gpio" preset_proc "sysctlr_gpio_preset" not found in preset file.
WARNING: [Board 49-131] In interface "sysclk0" preset_proc "sysclk0_preset" not found in preset file.
WARNING: [Board 49-131] In interface "sysclk1" preset_proc "sysclk1_preset" not found in preset file.
WARNING: [Board 49-131] In interface "sysclk3" preset_proc "sysclk3_preset" not found in preset file.
WARNING: [Board 49-131] In interface "rs232_uart" preset_proc "rs232_uart_preset" not found in preset file.
WARNING: [Board 49-131] In interface "push_button_4bits" preset_proc "PUSH_BUTTON_4Bits_Preset" not found in preset file.
WARNING: [Board 49-131] In interface "sys_diff_clock" preset_proc "sys_diff_clock_preset" not found in preset file.
WARNING: [Board 49-131] In interface "sys_diff_clock" preset_proc "sys_diff_clock_preset" not found in preset file.
WARNING: [Board 49-131] In interface "sys_diff_clock_233" preset_proc "sys_diff_clock_233_preset" not found in preset file.
WARNING: [Board 49-131] In interface "push_buttons" preset_proc "push_buttons_preset" not found in preset file.
WARNING: [Board 49-131] In interface "uart2_bank306" preset_proc "rs232_uart_preset" not found in preset file.
WARNING: [Board 49-131] In interface "dc_pl_gpio" preset_proc "dc_pl_gpio_preset" not found in preset file.
WARNING: [Board 49-131] In interface "sysctlr_gpio" preset_proc "sysctlr_gpio_preset" not found in preset file.
WARNING: [Board 49-131] In interface "default_300mhz_clk1" preset_proc "default_300mhz_clk1_preset" not found in preset file.
WARNING: [Board 49-131] In interface "default_300mhz_clk2" preset_proc "default_300mhz_clk2_preset" not found in preset file.
WARNING: [Board 49-131] In interface "default_300mhz_clk3" preset_proc "default_300mhz_clk3_preset" not found in preset file.
WARNING: [Board 49-131] In interface "led_3bits" preset_proc "led_3bits_preset" not found in preset file.
WARNING: [Board 49-131] In interface "rs232_uart" preset_proc "rs232_uart_preset" not found in preset file.
WARNING: [Board 49-131] In interface "default_sysclk_300" preset_proc "default_sysclk_300_preset" not found in preset file.
WARNING: [Board 49-131] In interface "sysclk_125" preset_proc "sysclk_125_preset" not found in preset file.
WARNING: [Board 49-131] In interface "user_prog_clock" preset_proc "user_prog_clock_preset" not found in preset file.
WARNING: [Board 49-131] In interface "default_sysclk_300" preset_proc "default_sysclk_300_preset" not found in preset file.
WARNING: [Board 49-131] In interface "sysclk_125" preset_proc "sysclk_125_preset" not found in preset file.
WARNING: [Board 49-131] In interface "user_prog_clock" preset_proc "user_prog_clock_preset" not found in preset file.
WARNING: [Board 49-131] In interface "default_300mhz_clk1" preset_proc "default_300mhz_clk1_preset" not found in preset file.
WARNING: [Board 49-131] In interface "default_300mhz_clk2" preset_proc "default_300mhz_clk2_preset" not found in preset file.
WARNING: [Board 49-131] In interface "default_300mhz_clk3" preset_proc "default_300mhz_clk3_preset" not found in preset file.
WARNING: [Board 49-131] In interface "rs232_uart" preset_proc "rs232_uart_preset" not found in preset file.
WARNING: [Board 49-131] In interface "default_300mhz_clk1" preset_proc "default_300mhz_clk1_preset" not found in preset file.
WARNING: [Board 49-131] In interface "default_300mhz_clk2" preset_proc "default_300mhz_clk2_preset" not found in preset file.
WARNING: [Board 49-131] In interface "default_300mhz_clk3" preset_proc "default_300mhz_clk3_preset" not found in preset file.
WARNING: [Board 49-131] In interface "led_3bits" preset_proc "led_3bits_preset" not found in preset file.
WARNING: [Board 49-131] In interface "rs232_uart" preset_proc "rs232_uart_preset" not found in preset file.
enable_beta_device: Time (s): cpu = 00:00:06 ; elapsed = 00:00:07 . Memory (MB): peak = 2450.566 ; gain = 14.152 ; free physical = 34413 ; free virtual = 59396
0 Beta devices matching pattern found, 0 enabled.
0 Beta devices matching pattern found, 0 enabled.
0 Beta devices matching pattern found, 0 enabled.
0 Beta devices matching pattern found, 0 enabled.
0 Beta devices matching pattern found, 0 enabled.
source run_ippack.tcl -notrace
INFO: [IP_Flow 19-234] Refreshing IP repositories
INFO: [IP_Flow 19-1704] No user IP repositories specified
INFO: [IP_Flow 19-2313] Loaded Vivado IP repository '/proj/xbuilds/SWIP/2020.2_0929_2003/installs/lin64/Vivado/2020.2/data/ip'.
INFO: [Common 17-206] Exiting Vivado at Tue Oct 13 18:00:05 2020...
