Copyright 1986-2020 Xilinx, Inc. All Rights Reserved.
---------------------------------------------------------------------------------------------------------------------------------------------------------------
| Tool Version : Vivado v.2020.2 (lin64) Build 3058579 Mon Nov  9 16:10:39 MST 2020
| Date         : Wed Nov 18 17:05:21 2020
| Host         : xsjrdevl110 running 64-bit CentOS Linux release 7.4.1708 (Core)
| Command      : report_accelerator_utilization -kernels { vadd:level0_i/ulp/vadd_1/inst:vadd_1} -file kernel_util_synthed.rpt -name kernel_util_synthed -json
| Design       : level0_wrapper
| Device       : xcu50
| Design State : Synthesized
---------------------------------------------------------------------------------------------------------------------------------------------------------------

Accelerator Utilization Design Information

Table of Contents
-----------------
1. System Utilization

1. System Utilization
---------------------

+---------------------+------------------+------------------+-------------------+----------------+---------------+----------------+
| Name                | LUT              | LUTAsMem         | REG               | BRAM           | URAM          | DSP            |
+---------------------+------------------+------------------+-------------------+----------------+---------------+----------------+
| Platform            | 127234 [ 14.62%] |  14659 [  3.65%] |  151501 [  8.71%] |  202 [ 15.03%] |   0 [  0.00%] |    4 [  0.07%] |
| User Budget         | 742782 [100.00%] | 387357 [100.00%] | 1588531 [100.00%] | 1142 [100.00%] | 640 [100.00%] | 5936 [100.00%] |
|    Used Resources   |   3052 [  0.41%] |    681 [  0.18%] |    3708 [  0.23%] |    4 [  0.35%] |   0 [  0.00%] |    0 [  0.00%] |
|    Unused Resources | 739730 [ 99.59%] | 386676 [ 99.82%] | 1584823 [ 99.77%] | 1138 [ 99.65%] | 640 [100.00%] | 5936 [100.00%] |
| vadd                |   3052 [  0.41%] |    681 [  0.18%] |    3708 [  0.23%] |    4 [  0.35%] |   0 [  0.00%] |    0 [  0.00%] |
|    vadd_1           |   3052 [  0.41%] |    681 [  0.18%] |    3708 [  0.23%] |    4 [  0.35%] |   0 [  0.00%] |    0 [  0.00%] |
+---------------------+------------------+------------------+-------------------+----------------+---------------+----------------+


